18.5827 	WARNING 	We strongly recommend you activate the PTB sound engine in PsychoPy prefs as the preferred audio engine. Its timing is vastly superior. Your prefs are currently set to use ['sounddevice', 'PTB', 'pyo', 'pygame'] (in that order).
46.9229 	EXP 	Created window1 = Window(allowGUI=True, allowStencil=False, autoLog=True, backendConf=UNKNOWN, bitsMode=UNKNOWN, blendMode='avg', bpc=(8, 8, 8), color=array([0, 0, 0]), colorSpace='rgb', depthBits=8, fullscr=<method-wrapper '__getattribute__' of attributeSetter object at 0x000001D7C4157100>, gamma=None, gammaErrorPolicy='raise', lms=UNKNOWN, monitor=<psychopy.monitors.calibTools.Monitor object at 0x000001D7C754E700>, multiSample=False, name='window1', numSamples=2, pos=(192, 108), screen=0, size=array([1536,  864]), stencilBits=0, stereo=False, units='height', useFBO=True, useRetina=False, viewOri=0.0, viewPos=None, viewScale=None, waitBlanking=True, winType='pyglet')
46.9230 	EXP 	window1: mouseVisible = True
46.9231 	EXP 	window1: mouseVisible = True
46.9231 	EXP 	window1: Attempting to measure frame rate of screen (0) ...
46.9231 	EXP 	window1: recordFrameIntervals = False
47.0888 	EXP 	window1: recordFrameIntervals = True
47.2722 	EXP 	Screen (0) actual frame rate measured at 60.03Hz
47.2723 	EXP 	window1: recordFrameIntervals = False
47.5302 	WARNING 	launchHubServer: If using the iohub mouse or eyetracker devices, fullScr should be True.
51.5710 	EXP 	Created LeftHalf = Rect(__class__=<class 'psychopy.visual.rect.Rect'>, anchor=('center', 'center'), autoDraw=False, autoLog=True, closeShape=True, color=method-wrapper(...), colorSpace='rgb', contrast=None, depth=-1.0, fillColor=array([1, 1, 1]), fillColorSpace='rgb', fillRGB=array([1, 1, 1]), interpolate=True, lineColor=array([-1, -1, -1]), lineColorSpace='rgb', lineRGB=array([-1, -1, -1]), lineWidth=1.0, name='LeftHalf', opacity=1.0, ori=0.0, pos=array([-0.25,  0.  ]), size=array([0.5, 0.8]), units='height', vertices=ndarray(...), win=Window(...))
51.5729 	EXP 	Created RightHalf = Rect(__class__=<class 'psychopy.visual.rect.Rect'>, anchor=('center', 'center'), autoDraw=False, autoLog=True, closeShape=True, color=method-wrapper(...), colorSpace='rgb', contrast=None, depth=-2.0, fillColor=array([1, 1, 1]), fillColorSpace='rgb', fillRGB=array([1, 1, 1]), interpolate=True, lineColor=array([-1, -1, -1]), lineColorSpace='rgb', lineRGB=array([-1, -1, -1]), lineWidth=1.0, name='RightHalf', opacity=1.0, ori=0.0, pos=array([0.25, 0.  ]), size=array([0.5, 0.8]), units='height', vertices=ndarray(...), win=Window(...))
51.5745 	EXP 	Created Safe = Rect(__class__=<class 'psychopy.visual.rect.Rect'>, anchor=('center', 'center'), autoDraw=False, autoLog=True, closeShape=True, color=method-wrapper(...), colorSpace='rgb', contrast=None, depth=-3.0, fillColor=array([1, 1, 1]), fillColorSpace='rgb', fillRGB=array([1, 1, 1]), interpolate=True, lineColor=array([-1, -1, -1]), lineColorSpace='rgb', lineRGB=array([-1, -1, -1]), lineWidth=5.0, name='Safe', opacity=1.0, ori=0.0, pos=array([0., 0.]), size=array([0.2, 0.2]), units='height', vertices=ndarray(...), win=Window(...))
51.5759 	EXP 	Created Top = Rect(__class__=<class 'psychopy.visual.rect.Rect'>, anchor=('center', 'center'), autoDraw=False, autoLog=True, closeShape=True, color=method-wrapper(...), colorSpace='rgb', contrast=None, depth=-4.0, fillColor=array([1, 1, 1]), fillColorSpace='rgb', fillRGB=array([1, 1, 1]), interpolate=True, lineColor=array([-1, -1, -1]), lineColorSpace='rgb', lineRGB=array([-1, -1, -1]), lineWidth=5.0, name='Top', opacity=1.0, ori=0.0, pos=array([0., 0.]), size=array([0.2, 0.2]), units='height', vertices=ndarray(...), win=Window(...))
51.5775 	EXP 	Created Bottom = Rect(__class__=<class 'psychopy.visual.rect.Rect'>, anchor=('center', 'center'), autoDraw=False, autoLog=True, closeShape=True, color=method-wrapper(...), colorSpace='rgb', contrast=None, depth=-5.0, fillColor=array([1, 1, 1]), fillColorSpace='rgb', fillRGB=array([1, 1, 1]), interpolate=True, lineColor=array([-1, -1, -1]), lineColorSpace='rgb', lineRGB=array([-1, -1, -1]), lineWidth=5.0, name='Bottom', opacity=1.0, ori=0.0, pos=array([0., 0.]), size=array([0.2, 0.2]), units='height', vertices=ndarray(...), win=Window(...))
51.6785 	EXP 	Created SafeText = TextStim(__class__=<class 'psychopy.visual.text.TextStim'>, alignHoriz=method-wrapper(...), alignText='center', alignVert=method-wrapper(...), anchorHoriz='center', anchorVert='center', antialias=True, autoDraw=False, autoLog=True, bold=False, color=array([-1, -1, -1]), colorSpace='rgb', contrast=1.0, depth=-6.0, flipHoriz=False, flipVert=False, font='Open Sans', fontFiles=[], height=0.06, italic=False, languageStyle='LTR', name='SafeText', opacity=1.0, ori=0.0, pos=array([0., 0.]), rgb=UNKNOWN, text='', units='height', win=Window(...), wrapWidth=1)
51.6795 	EXP 	Created TopText = TextStim(__class__=<class 'psychopy.visual.text.TextStim'>, alignHoriz=method-wrapper(...), alignText='center', alignVert=method-wrapper(...), anchorHoriz='center', anchorVert='center', antialias=True, autoDraw=False, autoLog=True, bold=False, color=array([-1, -1, -1]), colorSpace='rgb', contrast=1.0, depth=-7.0, flipHoriz=False, flipVert=False, font='Open Sans', fontFiles=[], height=0.06, italic=False, languageStyle='LTR', name='TopText', opacity=1.0, ori=0.0, pos=array([0., 0.]), rgb=UNKNOWN, text='', units='height', win=Window(...), wrapWidth=1)
51.6805 	EXP 	Created BottomText = TextStim(__class__=<class 'psychopy.visual.text.TextStim'>, alignHoriz=method-wrapper(...), alignText='center', alignVert=method-wrapper(...), anchorHoriz='center', anchorVert='center', antialias=True, autoDraw=False, autoLog=True, bold=False, color=array([-1, -1, -1]), colorSpace='rgb', contrast=1.0, depth=-8.0, flipHoriz=False, flipVert=False, font='Open Sans', fontFiles=[], height=0.06, italic=False, languageStyle='LTR', name='BottomText', opacity=1.0, ori=0.0, pos=array([0., 0.]), rgb=UNKNOWN, text='', units='height', win=Window(...), wrapWidth=1)
51.6820 	EXP 	Created Total = Rect(__class__=<class 'psychopy.visual.rect.Rect'>, anchor=('center', 'center'), autoDraw=False, autoLog=True, closeShape=True, color=method-wrapper(...), colorSpace='rgb', contrast=None, depth=-9.0, fillColor=array([0, 0, 0]), fillColorSpace='rgb', fillRGB=array([0, 0, 0]), interpolate=True, lineColor=array([1, 1, 1]), lineColorSpace='rgb', lineRGB=array([1, 1, 1]), lineWidth=1.0, name='Total', opacity=1.0, ori=0.0, pos=array([-0.45,  0.3 ]), size=array([0.1, 0.2]), units='height', vertices=ndarray(...), win=Window(...))
51.6837 	EXP 	Created Win = TextStim(__class__=<class 'psychopy.visual.text.TextStim'>, alignHoriz=method-wrapper(...), alignText='center', alignVert=method-wrapper(...), anchorHoriz='center', anchorVert='center', antialias=True, autoDraw=False, autoLog=True, bold=False, color=array([1, 1, 1]), colorSpace='rgb', contrast=1.0, depth=-10.0, flipHoriz=False, flipVert=False, font='Open Sans', fontFiles=[], height=0.03, italic=False, languageStyle='LTR', name='Win', opacity=1.0, ori=0.0, pos=array([-0.45,  0.3 ]), rgb=UNKNOWN, text='', units='height', win=Window(...), wrapWidth=0.22)
51.6838 	EXP 	window1: mouseVisible = True
51.6856 	EXP 	Created LeftHalf_2 = Rect(__class__=<class 'psychopy.visual.rect.Rect'>, anchor=('center', 'center'), autoDraw=False, autoLog=True, closeShape=True, color=method-wrapper(...), colorSpace='rgb', contrast=None, depth=0.0, fillColor=array([1, 1, 1]), fillColorSpace='rgb', fillRGB=array([1, 1, 1]), interpolate=True, lineColor=array([-1, -1, -1]), lineColorSpace='rgb', lineRGB=array([-1, -1, -1]), lineWidth=1.0, name='LeftHalf_2', opacity=1.0, ori=0.0, pos=array([-0.25,  0.  ]), size=array([0.5, 0.8]), units='height', vertices=ndarray(...), win=Window(...))
51.6875 	EXP 	Created RightHalf_2 = Rect(__class__=<class 'psychopy.visual.rect.Rect'>, anchor=('center', 'center'), autoDraw=False, autoLog=True, closeShape=True, color=method-wrapper(...), colorSpace='rgb', contrast=None, depth=-1.0, fillColor=array([1, 1, 1]), fillColorSpace='rgb', fillRGB=array([1, 1, 1]), interpolate=True, lineColor=array([-1, -1, -1]), lineColorSpace='rgb', lineRGB=array([-1, -1, -1]), lineWidth=1.0, name='RightHalf_2', opacity=1.0, ori=0.0, pos=array([0.25, 0.  ]), size=array([0.5, 0.8]), units='height', vertices=ndarray(...), win=Window(...))
51.6891 	EXP 	Created Safe_2 = Rect(__class__=<class 'psychopy.visual.rect.Rect'>, anchor=('center', 'center'), autoDraw=False, autoLog=True, closeShape=True, color=method-wrapper(...), colorSpace='rgb', contrast=None, depth=-2.0, fillColor=array([1, 1, 1]), fillColorSpace='rgb', fillRGB=array([1, 1, 1]), interpolate=True, lineColor=array([1, 1, 1]), lineColorSpace='rgb', lineRGB=array([1, 1, 1]), lineWidth=5.0, name='Safe_2', opacity=1.0, ori=0.0, pos=array([0., 0.]), size=array([0.2, 0.2]), units='height', vertices=ndarray(...), win=Window(...))
51.6908 	EXP 	Created Top_2 = Rect(__class__=<class 'psychopy.visual.rect.Rect'>, anchor=('center', 'center'), autoDraw=False, autoLog=True, closeShape=True, color=method-wrapper(...), colorSpace='rgb', contrast=None, depth=-3.0, fillColor=array([1, 1, 1]), fillColorSpace='rgb', fillRGB=array([1, 1, 1]), interpolate=True, lineColor=array([1, 1, 1]), lineColorSpace='rgb', lineRGB=array([1, 1, 1]), lineWidth=5.0, name='Top_2', opacity=1.0, ori=0.0, pos=array([0., 0.]), size=array([0.2, 0.2]), units='height', vertices=ndarray(...), win=Window(...))
51.6925 	EXP 	Created Bottom_2 = Rect(__class__=<class 'psychopy.visual.rect.Rect'>, anchor=('center', 'center'), autoDraw=False, autoLog=True, closeShape=True, color=method-wrapper(...), colorSpace='rgb', contrast=None, depth=-4.0, fillColor=array([1, 1, 1]), fillColorSpace='rgb', fillRGB=array([1, 1, 1]), interpolate=True, lineColor=array([1, 1, 1]), lineColorSpace='rgb', lineRGB=array([1, 1, 1]), lineWidth=5.0, name='Bottom_2', opacity=1.0, ori=0.0, pos=array([0., 0.]), size=array([0.2, 0.2]), units='height', vertices=ndarray(...), win=Window(...))
51.6933 	EXP 	Created SafeText_2 = TextStim(__class__=<class 'psychopy.visual.text.TextStim'>, alignHoriz=method-wrapper(...), alignText='center', alignVert=method-wrapper(...), anchorHoriz='center', anchorVert='center', antialias=True, autoDraw=False, autoLog=True, bold=False, color=array([-1, -1, -1]), colorSpace='rgb', contrast=1.0, depth=-5.0, flipHoriz=False, flipVert=False, font='Open Sans', fontFiles=[], height=0.06, italic=False, languageStyle='LTR', name='SafeText_2', opacity=1.0, ori=0.0, pos=array([0., 0.]), rgb=UNKNOWN, text='', units='height', win=Window(...), wrapWidth=1)
51.6942 	EXP 	Created TopText_2 = TextStim(__class__=<class 'psychopy.visual.text.TextStim'>, alignHoriz=method-wrapper(...), alignText='center', alignVert=method-wrapper(...), anchorHoriz='center', anchorVert='center', antialias=True, autoDraw=False, autoLog=True, bold=False, color=array([-1, -1, -1]), colorSpace='rgb', contrast=1.0, depth=-6.0, flipHoriz=False, flipVert=False, font='Open Sans', fontFiles=[], height=0.06, italic=False, languageStyle='LTR', name='TopText_2', opacity=1.0, ori=0.0, pos=array([0., 0.]), rgb=UNKNOWN, text='', units='height', win=Window(...), wrapWidth=1)
51.6950 	EXP 	Created BottomText_2 = TextStim(__class__=<class 'psychopy.visual.text.TextStim'>, alignHoriz=method-wrapper(...), alignText='center', alignVert=method-wrapper(...), anchorHoriz='center', anchorVert='center', antialias=True, autoDraw=False, autoLog=True, bold=False, color=array([-1, -1, -1]), colorSpace='rgb', contrast=1.0, depth=-7.0, flipHoriz=False, flipVert=False, font='Open Sans', fontFiles=[], height=0.06, italic=False, languageStyle='LTR', name='BottomText_2', opacity=1.0, ori=0.0, pos=array([0., 0.]), rgb=UNKNOWN, text='', units='height', win=Window(...), wrapWidth=1)
51.6965 	EXP 	Created Total_2 = Rect(__class__=<class 'psychopy.visual.rect.Rect'>, anchor=('center', 'center'), autoDraw=False, autoLog=True, closeShape=True, color=method-wrapper(...), colorSpace='rgb', contrast=None, depth=-8.0, fillColor=array([0, 0, 0]), fillColorSpace='rgb', fillRGB=array([0, 0, 0]), interpolate=True, lineColor=array([1, 1, 1]), lineColorSpace='rgb', lineRGB=array([1, 1, 1]), lineWidth=1.0, name='Total_2', opacity=1.0, ori=0.0, pos=array([-0.45,  0.3 ]), size=array([0.1, 0.2]), units='height', vertices=ndarray(...), win=Window(...))
51.6974 	EXP 	Created Win_2 = TextStim(__class__=<class 'psychopy.visual.text.TextStim'>, alignHoriz=method-wrapper(...), alignText='center', alignVert=method-wrapper(...), anchorHoriz='center', anchorVert='center', antialias=True, autoDraw=False, autoLog=True, bold=False, color=array([1, 1, 1]), colorSpace='rgb', contrast=1.0, depth=-9.0, flipHoriz=False, flipVert=False, font='Open Sans', fontFiles=[], height=0.03, italic=False, languageStyle='LTR', name='Win_2', opacity=1.0, ori=0.0, pos=array([-0.45,  0.3 ]), rgb=UNKNOWN, text='', units='height', win=Window(...), wrapWidth=0.22)
51.6988 	EXP 	Created WinMsg = TextStim(__class__=<class 'psychopy.visual.text.TextStim'>, alignHoriz=method-wrapper(...), alignText='center', alignVert=method-wrapper(...), anchorHoriz='center', anchorVert='center', antialias=True, autoDraw=False, autoLog=True, bold=False, color=array([1, 1, 1]), colorSpace='rgb', contrast=1.0, depth=-10.0, flipHoriz=False, flipVert=False, font='Open Sans', fontFiles=[], height=0.04, italic=False, languageStyle='LTR', name='WinMsg', opacity=1.0, ori=0.0, pos=array([0., 0.]), rgb=UNKNOWN, text='', units='height', win=Window(...), wrapWidth=0.2)
51.7005 	EXP 	Created LeftHalf_3 = Rect(__class__=<class 'psychopy.visual.rect.Rect'>, anchor=('center', 'center'), autoDraw=False, autoLog=True, closeShape=True, color=method-wrapper(...), colorSpace='rgb', contrast=None, depth=-1.0, fillColor=array([1, 1, 1]), fillColorSpace='rgb', fillRGB=array([1, 1, 1]), interpolate=True, lineColor=array([-1, -1, -1]), lineColorSpace='rgb', lineRGB=array([-1, -1, -1]), lineWidth=1.0, name='LeftHalf_3', opacity=1.0, ori=0.0, pos=array([-0.25,  0.  ]), size=array([0.5, 0.8]), units='height', vertices=ndarray(...), win=Window(...))
51.7023 	EXP 	Created RightHalf_3 = Rect(__class__=<class 'psychopy.visual.rect.Rect'>, anchor=('center', 'center'), autoDraw=False, autoLog=True, closeShape=True, color=method-wrapper(...), colorSpace='rgb', contrast=None, depth=-2.0, fillColor=array([1, 1, 1]), fillColorSpace='rgb', fillRGB=array([1, 1, 1]), interpolate=True, lineColor=array([-1, -1, -1]), lineColorSpace='rgb', lineRGB=array([-1, -1, -1]), lineWidth=1.0, name='RightHalf_3', opacity=1.0, ori=0.0, pos=array([0.25, 0.  ]), size=array([0.5, 0.8]), units='height', vertices=ndarray(...), win=Window(...))
51.7040 	EXP 	Created Safe_3 = Rect(__class__=<class 'psychopy.visual.rect.Rect'>, anchor=('center', 'center'), autoDraw=False, autoLog=True, closeShape=True, color=method-wrapper(...), colorSpace='rgb', contrast=None, depth=-3.0, fillColor=array([1, 1, 1]), fillColorSpace='rgb', fillRGB=array([1, 1, 1]), interpolate=True, lineColor=array([1, 1, 1]), lineColorSpace='rgb', lineRGB=array([1, 1, 1]), lineWidth=5.0, name='Safe_3', opacity=1.0, ori=0.0, pos=array([0., 0.]), size=array([0.2, 0.2]), units='height', vertices=ndarray(...), win=Window(...))
51.7058 	EXP 	Created Top_3 = Rect(__class__=<class 'psychopy.visual.rect.Rect'>, anchor=('center', 'center'), autoDraw=False, autoLog=True, closeShape=True, color=method-wrapper(...), colorSpace='rgb', contrast=None, depth=-4.0, fillColor=array([1, 1, 1]), fillColorSpace='rgb', fillRGB=array([1, 1, 1]), interpolate=True, lineColor=array([1, 1, 1]), lineColorSpace='rgb', lineRGB=array([1, 1, 1]), lineWidth=5.0, name='Top_3', opacity=1.0, ori=0.0, pos=array([0., 0.]), size=array([0.2, 0.2]), units='height', vertices=ndarray(...), win=Window(...))
51.7075 	EXP 	Created Bottom_3 = Rect(__class__=<class 'psychopy.visual.rect.Rect'>, anchor=('center', 'center'), autoDraw=False, autoLog=True, closeShape=True, color=method-wrapper(...), colorSpace='rgb', contrast=None, depth=-5.0, fillColor=array([1, 1, 1]), fillColorSpace='rgb', fillRGB=array([1, 1, 1]), interpolate=True, lineColor=array([1, 1, 1]), lineColorSpace='rgb', lineRGB=array([1, 1, 1]), lineWidth=5.0, name='Bottom_3', opacity=1.0, ori=0.0, pos=array([0., 0.]), size=array([0.2, 0.2]), units='height', vertices=ndarray(...), win=Window(...))
51.7084 	EXP 	Created SafeText_3 = TextStim(__class__=<class 'psychopy.visual.text.TextStim'>, alignHoriz=method-wrapper(...), alignText='center', alignVert=method-wrapper(...), anchorHoriz='center', anchorVert='center', antialias=True, autoDraw=False, autoLog=True, bold=False, color=array([-1, -1, -1]), colorSpace='rgb', contrast=1.0, depth=-6.0, flipHoriz=False, flipVert=False, font='Open Sans', fontFiles=[], height=0.06, italic=False, languageStyle='LTR', name='SafeText_3', opacity=1.0, ori=0.0, pos=array([0., 0.]), rgb=UNKNOWN, text='', units='height', win=Window(...), wrapWidth=1)
51.7093 	EXP 	Created TopText_3 = TextStim(__class__=<class 'psychopy.visual.text.TextStim'>, alignHoriz=method-wrapper(...), alignText='center', alignVert=method-wrapper(...), anchorHoriz='center', anchorVert='center', antialias=True, autoDraw=False, autoLog=True, bold=False, color=array([-1, -1, -1]), colorSpace='rgb', contrast=1.0, depth=-7.0, flipHoriz=False, flipVert=False, font='Open Sans', fontFiles=[], height=0.06, italic=False, languageStyle='LTR', name='TopText_3', opacity=1.0, ori=0.0, pos=array([0., 0.]), rgb=UNKNOWN, text='', units='height', win=Window(...), wrapWidth=1)
51.7102 	EXP 	Created BottomText_3 = TextStim(__class__=<class 'psychopy.visual.text.TextStim'>, alignHoriz=method-wrapper(...), alignText='center', alignVert=method-wrapper(...), anchorHoriz='center', anchorVert='center', antialias=True, autoDraw=False, autoLog=True, bold=False, color=array([-1, -1, -1]), colorSpace='rgb', contrast=1.0, depth=-8.0, flipHoriz=False, flipVert=False, font='Open Sans', fontFiles=[], height=0.06, italic=False, languageStyle='LTR', name='BottomText_3', opacity=1.0, ori=0.0, pos=array([0., 0.]), rgb=UNKNOWN, text='', units='height', win=Window(...), wrapWidth=1)
51.7119 	EXP 	Created Total_3 = Rect(__class__=<class 'psychopy.visual.rect.Rect'>, anchor=('center', 'center'), autoDraw=False, autoLog=True, closeShape=True, color=method-wrapper(...), colorSpace='rgb', contrast=None, depth=-9.0, fillColor=array([ 0.2   , -0.6078,  0.6   ]), fillColorSpace='rgb', fillRGB=array([ 0.2   , -0.6078,  0.6   ]), interpolate=True, lineColor=array([1, 1, 1]), lineColorSpace='rgb', lineRGB=array([1, 1, 1]), lineWidth=1.0, name='Total_3', opacity=1.0, ori=0.0, pos=array([-0.45,  0.3 ]), size=array([0.1, 0.2]), units='height', vertices=ndarray(...), win=Window(...))
51.7128 	EXP 	Created Win_3 = TextStim(__class__=<class 'psychopy.visual.text.TextStim'>, alignHoriz=method-wrapper(...), alignText='center', alignVert=method-wrapper(...), anchorHoriz='center', anchorVert='center', antialias=True, autoDraw=False, autoLog=True, bold=False, color=array([1, 1, 1]), colorSpace='rgb', contrast=1.0, depth=-10.0, flipHoriz=False, flipVert=False, font='Open Sans', fontFiles=[], height=0.03, italic=False, languageStyle='LTR', name='Win_3', opacity=1.0, ori=0.0, pos=array([-0.45,  0.3 ]), rgb=UNKNOWN, text='', units='height', win=Window(...), wrapWidth=0.22)
51.7142 	EXP 	Created WinMsg_2 = TextStim(__class__=<class 'psychopy.visual.text.TextStim'>, alignHoriz=method-wrapper(...), alignText='center', alignVert=method-wrapper(...), anchorHoriz='center', anchorVert='center', antialias=True, autoDraw=False, autoLog=True, bold=False, color=array([1, 1, 1]), colorSpace='rgb', contrast=1.0, depth=-11.0, flipHoriz=False, flipVert=False, font='Open Sans', fontFiles=[], height=0.04, italic=False, languageStyle='LTR', name='WinMsg_2', opacity=1.0, ori=0.0, pos=array([0., 0.]), rgb=UNKNOWN, text='', units='height', win=Window(...), wrapWidth=0.2)
51.9463 	EXP 	Created timeoutText = TextStim(__class__=<class 'psychopy.visual.text.TextStim'>, alignHoriz=method-wrapper(...), alignText='center', alignVert=method-wrapper(...), anchorHoriz='center', anchorVert='center', antialias=True, autoDraw=False, autoLog=True, bold=False, color=array([1, 1, 1]), colorSpace='rgb', contrast=1.0, depth=0.0, flipHoriz=False, flipVert=False, font='Open Sans', fontFiles=[], height=0.05, italic=False, languageStyle='LTR', name='timeoutText', opacity=1.0, ori=0.0, pos=array([0., 0.]), rgb=UNKNOWN, text='Please respond faster', units='height', win=Window(...), wrapWidth=1)
51.9848 	EXP 	window1: mouseVisible = True
52.4197 	EXP 	Created HowHappySlider = Slider(__class__=<class 'psychopy.visual.slider.Slider'>, autoDraw=False, autoLog=True, borderColor=None, color=None, colorSpace='rgb', depth=-1, fillColor=None, flip=False, font='Open Sans', granularity=0.0, labelColor=None, labelHeight=0.05, labelWrapWidth=None, labels=(1, 2, 3, 4, 5, 6, 7, 8, 9, 10), lineColor=None, markerColor=None, name='HowHappySlider', opacity=None, ori=0.0, pos=array([ 0. , -0.2]), readOnly=False, self=UNKNOWN, size=array([1. , 0.1]), startValue=None, style='rating', styleTweaks=[], ticks=array([ 1,  2,  3,  4,  5,  6,  7,  8,  9, 10]), units='height', win=Window(...))
52.4335 	EXP 	Created UnHappy = TextStim(__class__=<class 'psychopy.visual.text.TextStim'>, alignHoriz=method-wrapper(...), alignText='center', alignVert=method-wrapper(...), anchorHoriz='center', anchorVert='center', antialias=True, autoDraw=False, autoLog=True, bold=False, color=array([1, 1, 1]), colorSpace='rgb', contrast=1.0, depth=-2.0, flipHoriz=False, flipVert=False, font='Open Sans', fontFiles=[], height=0.05, italic=False, languageStyle='LTR', name='UnHappy', opacity=1.0, ori=0.0, pos=array([-0.6,  0. ]), rgb=UNKNOWN, text='Very Unhappy', units='height', win=Window(...), wrapWidth=1)
52.4416 	EXP 	Created Happy = TextStim(__class__=<class 'psychopy.visual.text.TextStim'>, alignHoriz=method-wrapper(...), alignText='center', alignVert=method-wrapper(...), anchorHoriz='center', anchorVert='center', antialias=True, autoDraw=False, autoLog=True, bold=False, color=array([1, 1, 1]), colorSpace='rgb', contrast=1.0, depth=-3.0, flipHoriz=False, flipVert=False, font='Open Sans', fontFiles=[], height=0.05, italic=False, languageStyle='LTR', name='Happy', opacity=1.0, ori=0.0, pos=array([0.6, 0. ]), rgb=UNKNOWN, text='Very Happy', units='height', win=Window(...), wrapWidth=1)
52.4607 	EXP 	Created SpacetoExit = TextStim(__class__=<class 'psychopy.visual.text.TextStim'>, alignHoriz=method-wrapper(...), alignText='center', alignVert=method-wrapper(...), anchorHoriz='center', anchorVert='center', antialias=True, autoDraw=False, autoLog=True, bold=False, color=array([1, 1, 1]), colorSpace='rgb', contrast=1.0, depth=-5.0, flipHoriz=False, flipVert=False, font='Open Sans', fontFiles=[], height=0.04, italic=False, languageStyle='LTR', name='SpacetoExit', opacity=1.0, ori=0.0, pos=array([ 0. , -0.4]), rgb=UNKNOWN, text='Press SPACEBAR to Continue', units='height', win=Window(...), wrapWidth=1)
52.4692 	EXP 	Created Cross = TextStim(__class__=<class 'psychopy.visual.text.TextStim'>, alignHoriz=method-wrapper(...), alignText='center', alignVert=method-wrapper(...), anchorHoriz='center', anchorVert='center', antialias=True, autoDraw=False, autoLog=True, bold=False, color=array([-1, -1, -1]), colorSpace='rgb', contrast=1.0, depth=0.0, flipHoriz=False, flipVert=False, font='Open Sans', fontFiles=[], height=0.1, italic=False, languageStyle='LTR', name='Cross', opacity=1.0, ori=0.0, pos=array([0., 0.]), rgb=UNKNOWN, text='+', units='height', win=Window(...), wrapWidth=1)
52.4852 	EXP 	Imported control_files/trialControlwRating.csv as conditions, 150 conditions, 8 params
52.4888 	EXP 	Created sequence: random, trialTypes=150, nReps=1, seed=None
52.4894 	EXP 	New trial (rep=0, index=0): OrderedDict([('TrialType', 'mix'), ('CertainAmt', 0.0), ('TopAmt', -1.5), ('BottomAmt', 2.25), ('Outcome', 'bottom'), ('RiskSide', 'right'), ('ITI', 1.51), ('Rating', 0)])
52.5629 	EXP 	HowHappySlider: autoLog = True
52.5629 	EXP 	HowHappySlider: markerPos = None
52.5629 	EXP 	HowHappySlider: styleTweaks = []
52.5629 	EXP 	HowHappySlider: styleTweaks = []
52.5629 	EXP 	HowHappySlider: styleTweaks = []
52.5629 	EXP 	HowHappySlider: styleTweaks = []
52.5629 	EXP 	HowHappySlider: contrast = 1.0
52.5629 	EXP 	HowHappySlider: autoLog = True
52.5629 	EXP 	SafeText: height = 0.06
52.5629 	EXP 	SafeText: height = 0.06
52.5629 	EXP 	SafeText: height = 0.06
52.5629 	EXP 	SafeText: text = '$0.00'
52.5629 	EXP 	TopText: height = 0.06
52.5629 	EXP 	TopText: height = 0.06
52.5629 	EXP 	TopText: height = 0.06
52.5629 	EXP 	TopText: text = '$-1.50'
52.5629 	EXP 	BottomText: height = 0.06
52.5629 	EXP 	BottomText: height = 0.06
52.5629 	EXP 	BottomText: height = 0.06
52.5629 	EXP 	BottomText: text = '$2.25'
52.5629 	EXP 	Win: height = 0.03
52.5629 	EXP 	Win: height = 0.03
52.5629 	EXP 	Win: height = 0.03
52.5629 	EXP 	Win: text = 'Total\n$10.00'
52.5629 	EXP 	LeftHalf: autoDraw = True
52.5629 	EXP 	RightHalf: autoDraw = True
52.5629 	EXP 	Safe: autoDraw = True
52.5629 	EXP 	Top: autoDraw = True
52.5629 	EXP 	Bottom: autoDraw = True
52.5629 	EXP 	SafeText: autoDraw = True
52.5629 	EXP 	TopText: autoDraw = True
52.5629 	EXP 	BottomText: autoDraw = True
52.5629 	EXP 	Total: autoDraw = True
52.5629 	EXP 	Win: autoDraw = True
53.4771 	DATA 	Mouse: Left button down, pos=(669,412)
53.4835 	EXP 	Created sequence: random, trialTypes=1, nReps=1, seed=None
53.4838 	EXP 	New trial (rep=0, index=0): None
53.5242 	EXP 	LeftHalf: autoDraw = False
53.5242 	EXP 	RightHalf: autoDraw = False
53.5242 	EXP 	Safe: autoDraw = False
53.5242 	EXP 	Top: autoDraw = False
53.5242 	EXP 	Bottom: autoDraw = False
53.5242 	EXP 	SafeText: autoDraw = False
53.5242 	EXP 	TopText: autoDraw = False
53.5242 	EXP 	BottomText: autoDraw = False
53.5242 	EXP 	Total: autoDraw = False
53.5242 	EXP 	Win: autoDraw = False
53.5242 	EXP 	Safe_2: borderColor = <psychopy.colors.Color: yellow, alpha=1.0>
53.5242 	EXP 	Top_2: borderColor = <psychopy.colors.Color: black, alpha=1.0>
53.5242 	EXP 	Bottom_2: borderColor = <psychopy.colors.Color: black, alpha=1.0>
53.5242 	EXP 	SafeText_2: height = 0.06
53.5242 	EXP 	SafeText_2: height = 0.06
53.5242 	EXP 	SafeText_2: height = 0.06
53.5242 	EXP 	SafeText_2: text = '$0.00'
53.5242 	EXP 	TopText_2: height = 0.06
53.5242 	EXP 	TopText_2: height = 0.06
53.5242 	EXP 	TopText_2: height = 0.06
53.5242 	EXP 	TopText_2: text = '$-1.50'
53.5242 	EXP 	BottomText_2: height = 0.06
53.5242 	EXP 	BottomText_2: height = 0.06
53.5242 	EXP 	BottomText_2: height = 0.06
53.5242 	EXP 	BottomText_2: text = '$2.25'
53.5242 	EXP 	Win_2: height = 0.03
53.5242 	EXP 	Win_2: height = 0.03
53.5242 	EXP 	Win_2: height = 0.03
53.5242 	EXP 	Win_2: text = 'Total\n$10.00'
53.5242 	EXP 	WinMsg: foreColor = <psychopy.colors.Color: black, alpha=1.0>
53.5242 	EXP 	WinMsg: height = 0.04
53.5242 	EXP 	WinMsg: height = 0.04
53.5242 	EXP 	WinMsg: height = 0.04
53.5242 	EXP 	WinMsg: text = 'You got $0.00!'
53.5242 	EXP 	LeftHalf_2: autoDraw = True
53.5242 	EXP 	RightHalf_2: autoDraw = True
53.5242 	EXP 	Safe_2: autoDraw = True
53.5242 	EXP 	Top_2: autoDraw = True
53.5242 	EXP 	Bottom_2: autoDraw = True
53.5242 	EXP 	SafeText_2: autoDraw = True
53.5242 	EXP 	TopText_2: autoDraw = True
53.5242 	EXP 	BottomText_2: autoDraw = True
53.5242 	EXP 	Total_2: autoDraw = True
53.5242 	EXP 	Win_2: autoDraw = True
53.5242 	EXP 	WinMsg: autoDraw = True
53.5628 	DATA 	Mouse:  Left button up, pos=(669,411)
55.5418 	EXP 	LeftHalf_2: autoDraw = False
55.5418 	EXP 	RightHalf_2: autoDraw = False
55.5418 	EXP 	Safe_2: autoDraw = False
55.5418 	EXP 	Top_2: autoDraw = False
55.5418 	EXP 	Bottom_2: autoDraw = False
55.5418 	EXP 	SafeText_2: autoDraw = False
55.5418 	EXP 	TopText_2: autoDraw = False
55.5418 	EXP 	BottomText_2: autoDraw = False
55.5418 	EXP 	Total_2: autoDraw = False
55.5418 	EXP 	Win_2: autoDraw = False
55.5418 	EXP 	WinMsg: autoDraw = False
55.5418 	EXP 	Safe_3: borderColor = <psychopy.colors.Color: red, alpha=1.0>
55.5418 	EXP 	Top_3: borderColor = <psychopy.colors.Color: black, alpha=1.0>
55.5418 	EXP 	Bottom_3: borderColor = <psychopy.colors.Color: mediumorchid, alpha=1.0>
55.5418 	EXP 	SafeText_3: height = 0.06
55.5418 	EXP 	SafeText_3: height = 0.06
55.5418 	EXP 	SafeText_3: height = 0.06
55.5418 	EXP 	SafeText_3: text = '$0.00'
55.5418 	EXP 	TopText_3: height = 0.06
55.5418 	EXP 	TopText_3: height = 0.06
55.5418 	EXP 	TopText_3: height = 0.06
55.5418 	EXP 	TopText_3: text = '$-1.50'
55.5418 	EXP 	BottomText_3: height = 0.06
55.5418 	EXP 	BottomText_3: height = 0.06
55.5418 	EXP 	BottomText_3: height = 0.06
55.5418 	EXP 	BottomText_3: text = '$2.25'
55.5418 	EXP 	Win_3: height = 0.03
55.5418 	EXP 	Win_3: height = 0.03
55.5418 	EXP 	Win_3: height = 0.03
55.5418 	EXP 	Win_3: text = 'Total\n$10.00'
55.5418 	EXP 	WinMsg_2: foreColor = <psychopy.colors.Color: red, alpha=1.0>
55.5418 	EXP 	WinMsg_2: height = 0.04
55.5418 	EXP 	WinMsg_2: height = 0.04
55.5418 	EXP 	WinMsg_2: height = 0.04
55.5418 	EXP 	WinMsg_2: text = 'You would have won $2.25!'
55.5418 	EXP 	LeftHalf_3: autoDraw = True
55.5418 	EXP 	RightHalf_3: autoDraw = True
55.5418 	EXP 	Safe_3: autoDraw = True
55.5418 	EXP 	Top_3: autoDraw = True
55.5418 	EXP 	Bottom_3: autoDraw = True
55.5418 	EXP 	SafeText_3: autoDraw = True
55.5418 	EXP 	TopText_3: autoDraw = True
55.5418 	EXP 	BottomText_3: autoDraw = True
55.5418 	EXP 	Total_3: autoDraw = True
55.5418 	EXP 	Win_3: autoDraw = True
55.5418 	EXP 	WinMsg_2: autoDraw = True
57.4946 	EXP 	Created sequence: random, trialTypes=1, nReps=0, seed=None
57.4949 	EXP 	Created sequence: random, trialTypes=1, nReps=0, seed=None
57.5094 	EXP 	LeftHalf_3: autoDraw = False
57.5094 	EXP 	RightHalf_3: autoDraw = False
57.5094 	EXP 	Safe_3: autoDraw = False
57.5094 	EXP 	Top_3: autoDraw = False
57.5094 	EXP 	Bottom_3: autoDraw = False
57.5094 	EXP 	SafeText_3: autoDraw = False
57.5094 	EXP 	TopText_3: autoDraw = False
57.5094 	EXP 	BottomText_3: autoDraw = False
57.5094 	EXP 	Total_3: autoDraw = False
57.5094 	EXP 	Win_3: autoDraw = False
57.5094 	EXP 	WinMsg_2: autoDraw = False
57.5094 	EXP 	Cross: autoDraw = True
59.0120 	EXP 	New trial (rep=0, index=1): OrderedDict([('TrialType', 'gain'), ('CertainAmt', 0.5), ('TopAmt', 0.0), ('BottomAmt', 1.58), ('Outcome', 'top'), ('RiskSide', 'left'), ('ITI', 1.44), ('Rating', 0)])
59.0433 	EXP 	Cross: autoDraw = False
59.0433 	EXP 	Cross: autoDraw = False
59.0433 	EXP 	SafeText: height = 0.06
59.0433 	EXP 	SafeText: height = 0.06
59.0433 	EXP 	SafeText: height = 0.06
59.0433 	EXP 	SafeText: text = '$0.50'
59.0433 	EXP 	TopText: height = 0.06
59.0433 	EXP 	TopText: height = 0.06
59.0433 	EXP 	TopText: height = 0.06
59.0433 	EXP 	TopText: text = '$0.00'
59.0433 	EXP 	BottomText: height = 0.06
59.0433 	EXP 	BottomText: height = 0.06
59.0433 	EXP 	BottomText: height = 0.06
59.0433 	EXP 	BottomText: text = '$1.58'
59.0433 	EXP 	Win: text = 'Total\n$10.00'
59.0433 	EXP 	LeftHalf: autoDraw = True
59.0433 	EXP 	RightHalf: autoDraw = True
59.0433 	EXP 	Safe: autoDraw = True
59.0433 	EXP 	Top: autoDraw = True
59.0433 	EXP 	Bottom: autoDraw = True
59.0433 	EXP 	SafeText: autoDraw = True
59.0433 	EXP 	TopText: autoDraw = True
59.0433 	EXP 	BottomText: autoDraw = True
59.0433 	EXP 	Total: autoDraw = True
59.0433 	EXP 	Win: autoDraw = True
60.0314 	DATA 	Mouse: Left button down, pos=(662,412)
60.0345 	EXP 	Created sequence: random, trialTypes=1, nReps=1, seed=None
60.0348 	EXP 	New trial (rep=0, index=0): None
60.0611 	EXP 	LeftHalf: autoDraw = False
60.0611 	EXP 	RightHalf: autoDraw = False
60.0611 	EXP 	Safe: autoDraw = False
60.0611 	EXP 	Top: autoDraw = False
60.0611 	EXP 	Bottom: autoDraw = False
60.0611 	EXP 	SafeText: autoDraw = False
60.0611 	EXP 	TopText: autoDraw = False
60.0611 	EXP 	BottomText: autoDraw = False
60.0611 	EXP 	Total: autoDraw = False
60.0611 	EXP 	Win: autoDraw = False
60.0611 	EXP 	Safe_2: borderColor = <psychopy.colors.Color: black, alpha=1.0>
60.0611 	EXP 	Top_2: borderColor = <psychopy.colors.Color: yellow, alpha=1.0>
60.0611 	EXP 	Bottom_2: borderColor = <psychopy.colors.Color: yellow, alpha=1.0>
60.0611 	EXP 	SafeText_2: height = 0.06
60.0611 	EXP 	SafeText_2: height = 0.06
60.0611 	EXP 	SafeText_2: height = 0.06
60.0611 	EXP 	SafeText_2: text = '$0.50'
60.0611 	EXP 	TopText_2: height = 0.06
60.0611 	EXP 	TopText_2: height = 0.06
60.0611 	EXP 	TopText_2: height = 0.06
60.0611 	EXP 	TopText_2: text = '$0.00'
60.0611 	EXP 	BottomText_2: height = 0.06
60.0611 	EXP 	BottomText_2: height = 0.06
60.0611 	EXP 	BottomText_2: height = 0.06
60.0611 	EXP 	BottomText_2: text = '$1.58'
60.0611 	EXP 	Win_2: text = 'Total\n$10.00'
60.0611 	EXP 	WinMsg: foreColor = <psychopy.colors.Color: black, alpha=1.0>
60.0611 	EXP 	WinMsg: height = 0.04
60.0611 	EXP 	WinMsg: height = 0.04
60.0611 	EXP 	WinMsg: height = 0.04
60.0611 	EXP 	WinMsg: text = ''
60.0611 	EXP 	LeftHalf_2: autoDraw = True
60.0611 	EXP 	RightHalf_2: autoDraw = True
60.0611 	EXP 	Safe_2: autoDraw = True
60.0611 	EXP 	Top_2: autoDraw = True
60.0611 	EXP 	Bottom_2: autoDraw = True
60.0611 	EXP 	SafeText_2: autoDraw = True
60.0611 	EXP 	TopText_2: autoDraw = True
60.0611 	EXP 	BottomText_2: autoDraw = True
60.0611 	EXP 	Total_2: autoDraw = True
60.0611 	EXP 	Win_2: autoDraw = True
60.0611 	EXP 	WinMsg: autoDraw = True
60.1322 	DATA 	Mouse:  Left button up, pos=(662,411)
62.0777 	EXP 	LeftHalf_2: autoDraw = False
62.0777 	EXP 	RightHalf_2: autoDraw = False
62.0777 	EXP 	Safe_2: autoDraw = False
62.0777 	EXP 	Top_2: autoDraw = False
62.0777 	EXP 	Bottom_2: autoDraw = False
62.0777 	EXP 	SafeText_2: autoDraw = False
62.0777 	EXP 	TopText_2: autoDraw = False
62.0777 	EXP 	BottomText_2: autoDraw = False
62.0777 	EXP 	Total_2: autoDraw = False
62.0777 	EXP 	Win_2: autoDraw = False
62.0777 	EXP 	WinMsg: autoDraw = False
62.0777 	EXP 	Safe_3: borderColor = <psychopy.colors.Color: black, alpha=1.0>
62.0777 	EXP 	Top_3: borderColor = <psychopy.colors.Color: red, alpha=1.0>
62.0777 	EXP 	Bottom_3: borderColor = <psychopy.colors.Color: black, alpha=1.0>
62.0777 	EXP 	SafeText_3: height = 0.06
62.0777 	EXP 	SafeText_3: height = 0.06
62.0777 	EXP 	SafeText_3: height = 0.06
62.0777 	EXP 	SafeText_3: text = '$0.50'
62.0777 	EXP 	TopText_3: height = 0.06
62.0777 	EXP 	TopText_3: height = 0.06
62.0777 	EXP 	TopText_3: height = 0.06
62.0777 	EXP 	TopText_3: text = '$0.00'
62.0777 	EXP 	BottomText_3: height = 0.06
62.0777 	EXP 	BottomText_3: height = 0.06
62.0777 	EXP 	BottomText_3: height = 0.06
62.0777 	EXP 	BottomText_3: text = '$1.58'
62.0777 	EXP 	Win_3: text = 'Total\n$10.00'
62.0777 	EXP 	WinMsg_2: foreColor = <psychopy.colors.Color: red, alpha=1.0>
62.0777 	EXP 	WinMsg_2: height = 0.04
62.0777 	EXP 	WinMsg_2: height = 0.04
62.0777 	EXP 	WinMsg_2: height = 0.04
62.0777 	EXP 	WinMsg_2: text = 'You lost $0.00!'
62.0777 	EXP 	LeftHalf_3: autoDraw = True
62.0777 	EXP 	RightHalf_3: autoDraw = True
62.0777 	EXP 	Safe_3: autoDraw = True
62.0777 	EXP 	Top_3: autoDraw = True
62.0777 	EXP 	Bottom_3: autoDraw = True
62.0777 	EXP 	SafeText_3: autoDraw = True
62.0777 	EXP 	TopText_3: autoDraw = True
62.0777 	EXP 	BottomText_3: autoDraw = True
62.0777 	EXP 	Total_3: autoDraw = True
62.0777 	EXP 	Win_3: autoDraw = True
62.0777 	EXP 	WinMsg_2: autoDraw = True
64.0478 	EXP 	Created sequence: random, trialTypes=1, nReps=0, seed=None
64.0482 	EXP 	Created sequence: random, trialTypes=1, nReps=0, seed=None
64.0622 	EXP 	LeftHalf_3: autoDraw = False
64.0622 	EXP 	RightHalf_3: autoDraw = False
64.0622 	EXP 	Safe_3: autoDraw = False
64.0622 	EXP 	Top_3: autoDraw = False
64.0622 	EXP 	Bottom_3: autoDraw = False
64.0622 	EXP 	SafeText_3: autoDraw = False
64.0622 	EXP 	TopText_3: autoDraw = False
64.0622 	EXP 	BottomText_3: autoDraw = False
64.0622 	EXP 	Total_3: autoDraw = False
64.0622 	EXP 	Win_3: autoDraw = False
64.0622 	EXP 	WinMsg_2: autoDraw = False
64.0622 	EXP 	Cross: autoDraw = True
65.4965 	EXP 	New trial (rep=0, index=2): OrderedDict([('TrialType', 'gain'), ('CertainAmt', 0.4), ('TopAmt', 0.0), ('BottomAmt', 0.67), ('Outcome', 'bottom'), ('RiskSide', 'left'), ('ITI', 1.22), ('Rating', 0)])
65.5290 	EXP 	Cross: autoDraw = False
65.5290 	EXP 	Cross: autoDraw = False
65.5290 	EXP 	SafeText: height = 0.06
65.5290 	EXP 	SafeText: height = 0.06
65.5290 	EXP 	SafeText: height = 0.06
65.5290 	EXP 	SafeText: text = '$0.40'
65.5290 	EXP 	TopText: text = '$0.00'
65.5290 	EXP 	BottomText: height = 0.06
65.5290 	EXP 	BottomText: height = 0.06
65.5290 	EXP 	BottomText: height = 0.06
65.5290 	EXP 	BottomText: text = '$0.67'
65.5290 	EXP 	Win: text = 'Total\n$10.00'
65.5290 	EXP 	LeftHalf: autoDraw = True
65.5290 	EXP 	RightHalf: autoDraw = True
65.5290 	EXP 	Safe: autoDraw = True
65.5290 	EXP 	Top: autoDraw = True
65.5290 	EXP 	Bottom: autoDraw = True
65.5290 	EXP 	SafeText: autoDraw = True
65.5290 	EXP 	TopText: autoDraw = True
65.5290 	EXP 	BottomText: autoDraw = True
65.5290 	EXP 	Total: autoDraw = True
65.5290 	EXP 	Win: autoDraw = True
66.9655 	DATA 	Mouse: Left button down, pos=(811,431)
66.9678 	EXP 	Created sequence: random, trialTypes=1, nReps=1, seed=None
66.9680 	EXP 	New trial (rep=0, index=0): None
66.9961 	EXP 	LeftHalf: autoDraw = False
66.9961 	EXP 	RightHalf: autoDraw = False
66.9961 	EXP 	Safe: autoDraw = False
66.9961 	EXP 	Top: autoDraw = False
66.9961 	EXP 	Bottom: autoDraw = False
66.9961 	EXP 	SafeText: autoDraw = False
66.9961 	EXP 	TopText: autoDraw = False
66.9961 	EXP 	BottomText: autoDraw = False
66.9961 	EXP 	Total: autoDraw = False
66.9961 	EXP 	Win: autoDraw = False
66.9961 	EXP 	Safe_2: borderColor = <psychopy.colors.Color: yellow, alpha=1.0>
66.9961 	EXP 	Top_2: borderColor = <psychopy.colors.Color: black, alpha=1.0>
66.9961 	EXP 	Bottom_2: borderColor = <psychopy.colors.Color: black, alpha=1.0>
66.9961 	EXP 	SafeText_2: height = 0.06
66.9961 	EXP 	SafeText_2: height = 0.06
66.9961 	EXP 	SafeText_2: height = 0.06
66.9961 	EXP 	SafeText_2: text = '$0.40'
66.9961 	EXP 	TopText_2: text = '$0.00'
66.9961 	EXP 	BottomText_2: height = 0.06
66.9961 	EXP 	BottomText_2: height = 0.06
66.9961 	EXP 	BottomText_2: height = 0.06
66.9961 	EXP 	BottomText_2: text = '$0.67'
66.9961 	EXP 	Win_2: height = 0.03
66.9961 	EXP 	Win_2: height = 0.03
66.9961 	EXP 	Win_2: height = 0.03
66.9961 	EXP 	Win_2: text = 'Total\n$10.40'
66.9961 	EXP 	WinMsg: foreColor = <psychopy.colors.Color: black, alpha=1.0>
66.9961 	EXP 	WinMsg: height = 0.04
66.9961 	EXP 	WinMsg: height = 0.04
66.9961 	EXP 	WinMsg: height = 0.04
66.9961 	EXP 	WinMsg: text = 'You won $0.40!'
66.9961 	EXP 	LeftHalf_2: autoDraw = True
66.9961 	EXP 	RightHalf_2: autoDraw = True
66.9961 	EXP 	Safe_2: autoDraw = True
66.9961 	EXP 	Top_2: autoDraw = True
66.9961 	EXP 	Bottom_2: autoDraw = True
66.9961 	EXP 	SafeText_2: autoDraw = True
66.9961 	EXP 	TopText_2: autoDraw = True
66.9961 	EXP 	BottomText_2: autoDraw = True
66.9961 	EXP 	Total_2: autoDraw = True
66.9961 	EXP 	Win_2: autoDraw = True
66.9961 	EXP 	WinMsg: autoDraw = True
67.1181 	DATA 	Mouse:  Left button up, pos=(811,431)
69.0135 	EXP 	LeftHalf_2: autoDraw = False
69.0135 	EXP 	RightHalf_2: autoDraw = False
69.0135 	EXP 	Safe_2: autoDraw = False
69.0135 	EXP 	Top_2: autoDraw = False
69.0135 	EXP 	Bottom_2: autoDraw = False
69.0135 	EXP 	SafeText_2: autoDraw = False
69.0135 	EXP 	TopText_2: autoDraw = False
69.0135 	EXP 	BottomText_2: autoDraw = False
69.0135 	EXP 	Total_2: autoDraw = False
69.0135 	EXP 	Win_2: autoDraw = False
69.0135 	EXP 	WinMsg: autoDraw = False
69.0135 	EXP 	Safe_3: borderColor = <psychopy.colors.Color: red, alpha=1.0>
69.0135 	EXP 	Top_3: borderColor = <psychopy.colors.Color: black, alpha=1.0>
69.0135 	EXP 	Bottom_3: borderColor = <psychopy.colors.Color: mediumorchid, alpha=1.0>
69.0135 	EXP 	SafeText_3: height = 0.06
69.0135 	EXP 	SafeText_3: height = 0.06
69.0135 	EXP 	SafeText_3: height = 0.06
69.0135 	EXP 	SafeText_3: text = '$0.40'
69.0135 	EXP 	TopText_3: text = '$0.00'
69.0135 	EXP 	BottomText_3: height = 0.06
69.0135 	EXP 	BottomText_3: height = 0.06
69.0135 	EXP 	BottomText_3: height = 0.06
69.0135 	EXP 	BottomText_3: text = '$0.67'
69.0135 	EXP 	Win_3: height = 0.03
69.0135 	EXP 	Win_3: height = 0.03
69.0135 	EXP 	Win_3: height = 0.03
69.0135 	EXP 	Win_3: text = 'Total\n$10.40'
69.0135 	EXP 	WinMsg_2: foreColor = <psychopy.colors.Color: red, alpha=1.0>
69.0135 	EXP 	WinMsg_2: height = 0.04
69.0135 	EXP 	WinMsg_2: height = 0.04
69.0135 	EXP 	WinMsg_2: height = 0.04
69.0135 	EXP 	WinMsg_2: text = 'You would have won $0.67!'
69.0135 	EXP 	LeftHalf_3: autoDraw = True
69.0135 	EXP 	RightHalf_3: autoDraw = True
69.0135 	EXP 	Safe_3: autoDraw = True
69.0135 	EXP 	Top_3: autoDraw = True
69.0135 	EXP 	Bottom_3: autoDraw = True
69.0135 	EXP 	SafeText_3: autoDraw = True
69.0135 	EXP 	TopText_3: autoDraw = True
69.0135 	EXP 	BottomText_3: autoDraw = True
69.0135 	EXP 	Total_3: autoDraw = True
69.0135 	EXP 	Win_3: autoDraw = True
69.0135 	EXP 	WinMsg_2: autoDraw = True
70.9830 	EXP 	Created sequence: random, trialTypes=1, nReps=0, seed=None
70.9835 	EXP 	Created sequence: random, trialTypes=1, nReps=1, seed=None
70.9837 	EXP 	New trial (rep=0, index=0): None
71.0255 	EXP 	window1: mouseVisible = True
