0.7457 	WARNING 	Speech-to-text recognition module not available (use command `pip install SpeechRecognition` to get it. Transcription will be unavailable.
1.4947 	WARNING 	We strongly recommend you activate the PTB sound engine in PsychoPy prefs as the preferred audio engine. Its timing is vastly superior. Your prefs are currently set to use ['sounddevice', 'PTB', 'pyo', 'pygame'] (in that order).
4.5026 	WARNING 	User requested fullscreen with size [1280  800], but screen is actually [1920, 1200]. Using actual size
6.4060 	EXP 	Created window1 = Window(allowGUI=False, allowStencil=False, autoLog=True, backendConf=UNKNOWN, bitsMode=UNKNOWN, blendMode='avg', bpc=(8, 8, 8), color=array([-1, -1, -1]), colorSpace='rgb', depthBits=8, fullscr=<method-wrapper '__getattribute__' of attributeSetter object at 0x0000016F91A32198>, gamma=None, gammaErrorPolicy='raise', lms=UNKNOWN, monitor=<psychopy.monitors.calibTools.Monitor object at 0x0000016F89F8E668>, multiSample=False, name='window1', numSamples=2, pos=[0.0, 0.0], screen=0, size=array([1920, 1200]), stencilBits=0, stereo=False, units='height', useFBO=True, useRetina=False, viewOri=0.0, viewPos=None, viewScale=None, waitBlanking=True, winType='pyglet')
6.4088 	EXP 	window1: mouseVisible = True
6.4089 	EXP 	window1: recordFrameIntervals = False
6.5726 	EXP 	window1: recordFrameIntervals = True
6.7562 	EXP 	window1: recordFrameIntervals = False
7.2165 	EXP 	Imported conditions.xlsx as conditions, 6 conditions, 4 params
7.2171 	EXP 	Created sequence: random, trialTypes=6, nReps=5, seed=None
7.2174 	EXP 	New trial (rep=0, index=0): {'word': 'red', 'letterColor': 'red', 'corrAns': 'left', 'congruent': 1}
7.2825 	EXP 	stim: autoLog = True
7.7576 	EXP 	stim: autoDraw = True
10.3312 	EXP 	New trial (rep=0, index=1): {'word': 'green', 'letterColor': 'blue', 'corrAns': 'right', 'congruent': 0}
10.3638 	DATA 	Keypress: left
10.3682 	EXP 	stim: autoDraw = False
10.8596 	EXP 	stim: autoDraw = True
11.1976 	EXP 	New trial (rep=0, index=2): {'word': 'blue', 'letterColor': 'red', 'corrAns': 'left', 'congruent': 0}
11.2324 	DATA 	Keypress: down
11.2351 	EXP 	stim: autoDraw = False
11.7261 	EXP 	stim: autoDraw = True
11.7988 	EXP 	New trial (rep=0, index=3): {'word': 'blue', 'letterColor': 'blue', 'corrAns': 'right', 'congruent': 1}
11.8042 	DATA 	Keypress: right
11.8102 	EXP 	stim: autoDraw = False
12.2935 	EXP 	stim: autoDraw = True
12.3827 	EXP 	New trial (rep=0, index=4): {'word': 'red', 'letterColor': 'green', 'corrAns': 'down', 'congruent': 0}
12.3880 	DATA 	Keypress: left
12.3938 	EXP 	stim: autoDraw = False
12.8776 	EXP 	stim: autoDraw = True
13.8867 	DATA 	Keypress: escape
14.2858 	EXP 	window1: mouseVisible = True
