5.9299 	WARNING 	We strongly recommend you activate the PTB sound engine in PsychoPy prefs as the preferred audio engine. Its timing is vastly superior. Your prefs are currently set to use ['sounddevice', 'PTB', 'pyo', 'pygame'] (in that order).
20.5828 	WARNING 	Couldn't measure a consistent frame rate!
  - Is your graphics card set to sync to vertical blank?
  - Are you running other processes on your computer?

20.5837 	EXP 	Created window1 = Window(allowGUI=True, allowStencil=False, autoLog=True, backendConf=UNKNOWN, bitsMode=UNKNOWN, blendMode='avg', bpc=(8, 8, 8), color=array([0, 0, 0]), colorSpace='rgb', depthBits=8, fullscr=<method-wrapper '__getattribute__' of attributeSetter object at 0x0000013A86399130>, gamma=None, gammaErrorPolicy='raise', lms=UNKNOWN, monitor=<psychopy.monitors.calibTools.Monitor object at 0x0000013A868BB760>, multiSample=False, name='window1', numSamples=2, pos=(192, 108), screen=0, size=array([1536,  864]), stencilBits=0, stereo=False, units='height', useFBO=True, useRetina=False, viewOri=0.0, viewPos=None, viewScale=None, waitBlanking=True, winType='pyglet')
20.5839 	EXP 	window1: mouseVisible = True
20.5839 	EXP 	window1: mouseVisible = True
20.5840 	EXP 	window1: Attempting to measure frame rate of screen (0) ...
20.5840 	EXP 	window1: recordFrameIntervals = False
20.7496 	EXP 	window1: recordFrameIntervals = True
20.7990 	WARNING 	t of last frame was 21.36ms (=1/46)
20.8825 	WARNING 	t of last frame was 21.78ms (=1/45)
20.9505 	WARNING 	t of last frame was 23.79ms (=1/42)
21.0331 	WARNING 	t of last frame was 22.36ms (=1/44)
21.1018 	WARNING 	Multiple dropped frames have occurred - I'll stop bothering you about them!
22.4170 	WARNING 	Couldn't measure a consistent frame rate!
  - Is your graphics card set to sync to vertical blank?
  - Are you running other processes on your computer?

22.6394 	WARNING 	launchHubServer: If using the iohub mouse or eyetracker devices, fullScr should be True.
30.0538 	EXP 	Created welcomeText = TextStim(__class__=<class 'psychopy.visual.text.TextStim'>, alignHoriz=method-wrapper(...), alignText='center', alignVert=method-wrapper(...), anchorHoriz='center', anchorVert='center', antialias=True, autoDraw=False, autoLog=True, bold=False, color=array([1, 1, 1]), colorSpace='rgb', contrast=1.0, depth=0.0, flipHoriz=False, flipVert=False, font='Open Sans', fontFiles=[], height=0.05, italic=False, languageStyle='LTR', name='welcomeText', opacity=1.0, ori=0.0, pos=array([0., 0.]), rgb=UNKNOWN, text=str(...), units='height', win=Window(...), wrapWidth=1)
30.0582 	EXP 	Created LeftHalf = Rect(__class__=<class 'psychopy.visual.rect.Rect'>, anchor=('center', 'center'), autoDraw=False, autoLog=True, closeShape=True, color=method-wrapper(...), colorSpace='rgb', contrast=None, depth=-1.0, fillColor=array([1, 1, 1]), fillColorSpace='rgb', fillRGB=array([1, 1, 1]), interpolate=True, lineColor=array([-1, -1, -1]), lineColorSpace='rgb', lineRGB=array([-1, -1, -1]), lineWidth=1.0, name='LeftHalf', opacity=1.0, ori=0.0, pos=array([-0.25,  0.  ]), size=array([0.5, 0.8]), units='height', vertices=ndarray(...), win=Window(...))
30.0645 	EXP 	Created RightHalf = Rect(__class__=<class 'psychopy.visual.rect.Rect'>, anchor=('center', 'center'), autoDraw=False, autoLog=True, closeShape=True, color=method-wrapper(...), colorSpace='rgb', contrast=None, depth=-2.0, fillColor=array([1, 1, 1]), fillColorSpace='rgb', fillRGB=array([1, 1, 1]), interpolate=True, lineColor=array([-1, -1, -1]), lineColorSpace='rgb', lineRGB=array([-1, -1, -1]), lineWidth=1.0, name='RightHalf', opacity=1.0, ori=0.0, pos=array([0.25, 0.  ]), size=array([0.5, 0.8]), units='height', vertices=ndarray(...), win=Window(...))
30.0695 	EXP 	Created Safe = Rect(__class__=<class 'psychopy.visual.rect.Rect'>, anchor=('center', 'center'), autoDraw=False, autoLog=True, closeShape=True, color=method-wrapper(...), colorSpace='rgb', contrast=None, depth=-3.0, fillColor=array([1, 1, 1]), fillColorSpace='rgb', fillRGB=array([1, 1, 1]), interpolate=True, lineColor=array([-1, -1, -1]), lineColorSpace='rgb', lineRGB=array([-1, -1, -1]), lineWidth=5.0, name='Safe', opacity=1.0, ori=0.0, pos=array([0., 0.]), size=array([0.2, 0.2]), units='height', vertices=ndarray(...), win=Window(...))
30.0721 	EXP 	Created Top = Rect(__class__=<class 'psychopy.visual.rect.Rect'>, anchor=('center', 'center'), autoDraw=False, autoLog=True, closeShape=True, color=method-wrapper(...), colorSpace='rgb', contrast=None, depth=-4.0, fillColor=array([1, 1, 1]), fillColorSpace='rgb', fillRGB=array([1, 1, 1]), interpolate=True, lineColor=array([-1, -1, -1]), lineColorSpace='rgb', lineRGB=array([-1, -1, -1]), lineWidth=5.0, name='Top', opacity=1.0, ori=0.0, pos=array([0., 0.]), size=array([0.2, 0.2]), units='height', vertices=ndarray(...), win=Window(...))
30.0747 	EXP 	Created Bottom = Rect(__class__=<class 'psychopy.visual.rect.Rect'>, anchor=('center', 'center'), autoDraw=False, autoLog=True, closeShape=True, color=method-wrapper(...), colorSpace='rgb', contrast=None, depth=-5.0, fillColor=array([1, 1, 1]), fillColorSpace='rgb', fillRGB=array([1, 1, 1]), interpolate=True, lineColor=array([-1, -1, -1]), lineColorSpace='rgb', lineRGB=array([-1, -1, -1]), lineWidth=5.0, name='Bottom', opacity=1.0, ori=0.0, pos=array([0., 0.]), size=array([0.2, 0.2]), units='height', vertices=ndarray(...), win=Window(...))
30.0821 	EXP 	Created SafeText = TextStim(__class__=<class 'psychopy.visual.text.TextStim'>, alignHoriz=method-wrapper(...), alignText='center', alignVert=method-wrapper(...), anchorHoriz='center', anchorVert='center', antialias=True, autoDraw=False, autoLog=True, bold=False, color=array([-1, -1, -1]), colorSpace='rgb', contrast=1.0, depth=-6.0, flipHoriz=False, flipVert=False, font='Open Sans', fontFiles=[], height=0.06, italic=False, languageStyle='LTR', name='SafeText', opacity=1.0, ori=0.0, pos=array([0., 0.]), rgb=UNKNOWN, text='', units='height', win=Window(...), wrapWidth=1)
30.0849 	EXP 	Created TopText = TextStim(__class__=<class 'psychopy.visual.text.TextStim'>, alignHoriz=method-wrapper(...), alignText='center', alignVert=method-wrapper(...), anchorHoriz='center', anchorVert='center', antialias=True, autoDraw=False, autoLog=True, bold=False, color=array([-1, -1, -1]), colorSpace='rgb', contrast=1.0, depth=-7.0, flipHoriz=False, flipVert=False, font='Open Sans', fontFiles=[], height=0.06, italic=False, languageStyle='LTR', name='TopText', opacity=1.0, ori=0.0, pos=array([0., 0.]), rgb=UNKNOWN, text='', units='height', win=Window(...), wrapWidth=1)
30.0868 	EXP 	Created BottomText = TextStim(__class__=<class 'psychopy.visual.text.TextStim'>, alignHoriz=method-wrapper(...), alignText='center', alignVert=method-wrapper(...), anchorHoriz='center', anchorVert='center', antialias=True, autoDraw=False, autoLog=True, bold=False, color=array([-1, -1, -1]), colorSpace='rgb', contrast=1.0, depth=-8.0, flipHoriz=False, flipVert=False, font='Open Sans', fontFiles=[], height=0.06, italic=False, languageStyle='LTR', name='BottomText', opacity=1.0, ori=0.0, pos=array([0., 0.]), rgb=UNKNOWN, text='', units='height', win=Window(...), wrapWidth=1)
30.0894 	EXP 	Created Total = Rect(__class__=<class 'psychopy.visual.rect.Rect'>, anchor=('center', 'center'), autoDraw=False, autoLog=True, closeShape=True, color=method-wrapper(...), colorSpace='rgb', contrast=None, depth=-9.0, fillColor=array([0, 0, 0]), fillColorSpace='rgb', fillRGB=array([0, 0, 0]), interpolate=True, lineColor=array([1, 1, 1]), lineColorSpace='rgb', lineRGB=array([1, 1, 1]), lineWidth=1.0, name='Total', opacity=1.0, ori=0.0, pos=array([-0.45,  0.3 ]), size=array([0.1, 0.2]), units='height', vertices=ndarray(...), win=Window(...))
30.0936 	EXP 	Created Win = TextStim(__class__=<class 'psychopy.visual.text.TextStim'>, alignHoriz=method-wrapper(...), alignText='center', alignVert=method-wrapper(...), anchorHoriz='center', anchorVert='center', antialias=True, autoDraw=False, autoLog=True, bold=False, color=array([1, 1, 1]), colorSpace='rgb', contrast=1.0, depth=-10.0, flipHoriz=False, flipVert=False, font='Open Sans', fontFiles=[], height=0.03, italic=False, languageStyle='LTR', name='Win', opacity=1.0, ori=0.0, pos=array([-0.45,  0.3 ]), rgb=UNKNOWN, text='', units='height', win=Window(...), wrapWidth=0.22)
30.0939 	EXP 	window1: mouseVisible = True
30.1019 	EXP 	Created LeftHalf_2 = Rect(__class__=<class 'psychopy.visual.rect.Rect'>, anchor=('center', 'center'), autoDraw=False, autoLog=True, closeShape=True, color=method-wrapper(...), colorSpace='rgb', contrast=None, depth=0.0, fillColor=array([1, 1, 1]), fillColorSpace='rgb', fillRGB=array([1, 1, 1]), interpolate=True, lineColor=array([-1, -1, -1]), lineColorSpace='rgb', lineRGB=array([-1, -1, -1]), lineWidth=1.0, name='LeftHalf_2', opacity=1.0, ori=0.0, pos=array([-0.25,  0.  ]), size=array([0.5, 0.8]), units='height', vertices=ndarray(...), win=Window(...))
30.1061 	EXP 	Created RightHalf_2 = Rect(__class__=<class 'psychopy.visual.rect.Rect'>, anchor=('center', 'center'), autoDraw=False, autoLog=True, closeShape=True, color=method-wrapper(...), colorSpace='rgb', contrast=None, depth=-1.0, fillColor=array([1, 1, 1]), fillColorSpace='rgb', fillRGB=array([1, 1, 1]), interpolate=True, lineColor=array([-1, -1, -1]), lineColorSpace='rgb', lineRGB=array([-1, -1, -1]), lineWidth=1.0, name='RightHalf_2', opacity=1.0, ori=0.0, pos=array([0.25, 0.  ]), size=array([0.5, 0.8]), units='height', vertices=ndarray(...), win=Window(...))
30.1125 	EXP 	Created Safe_2 = Rect(__class__=<class 'psychopy.visual.rect.Rect'>, anchor=('center', 'center'), autoDraw=False, autoLog=True, closeShape=True, color=method-wrapper(...), colorSpace='rgb', contrast=None, depth=-2.0, fillColor=array([1, 1, 1]), fillColorSpace='rgb', fillRGB=array([1, 1, 1]), interpolate=True, lineColor=array([1, 1, 1]), lineColorSpace='rgb', lineRGB=array([1, 1, 1]), lineWidth=5.0, name='Safe_2', opacity=1.0, ori=0.0, pos=array([0., 0.]), size=array([0.2, 0.2]), units='height', vertices=ndarray(...), win=Window(...))
30.1171 	EXP 	Created Top_2 = Rect(__class__=<class 'psychopy.visual.rect.Rect'>, anchor=('center', 'center'), autoDraw=False, autoLog=True, closeShape=True, color=method-wrapper(...), colorSpace='rgb', contrast=None, depth=-3.0, fillColor=array([1, 1, 1]), fillColorSpace='rgb', fillRGB=array([1, 1, 1]), interpolate=True, lineColor=array([1, 1, 1]), lineColorSpace='rgb', lineRGB=array([1, 1, 1]), lineWidth=5.0, name='Top_2', opacity=1.0, ori=0.0, pos=array([0., 0.]), size=array([0.2, 0.2]), units='height', vertices=ndarray(...), win=Window(...))
30.1211 	EXP 	Created Bottom_2 = Rect(__class__=<class 'psychopy.visual.rect.Rect'>, anchor=('center', 'center'), autoDraw=False, autoLog=True, closeShape=True, color=method-wrapper(...), colorSpace='rgb', contrast=None, depth=-4.0, fillColor=array([1, 1, 1]), fillColorSpace='rgb', fillRGB=array([1, 1, 1]), interpolate=True, lineColor=array([1, 1, 1]), lineColorSpace='rgb', lineRGB=array([1, 1, 1]), lineWidth=5.0, name='Bottom_2', opacity=1.0, ori=0.0, pos=array([0., 0.]), size=array([0.2, 0.2]), units='height', vertices=ndarray(...), win=Window(...))
30.1229 	EXP 	Created SafeText_2 = TextStim(__class__=<class 'psychopy.visual.text.TextStim'>, alignHoriz=method-wrapper(...), alignText='center', alignVert=method-wrapper(...), anchorHoriz='center', anchorVert='center', antialias=True, autoDraw=False, autoLog=True, bold=False, color=array([-1, -1, -1]), colorSpace='rgb', contrast=1.0, depth=-5.0, flipHoriz=False, flipVert=False, font='Open Sans', fontFiles=[], height=0.06, italic=False, languageStyle='LTR', name='SafeText_2', opacity=1.0, ori=0.0, pos=array([0., 0.]), rgb=UNKNOWN, text='', units='height', win=Window(...), wrapWidth=1)
30.1245 	EXP 	Created TopText_2 = TextStim(__class__=<class 'psychopy.visual.text.TextStim'>, alignHoriz=method-wrapper(...), alignText='center', alignVert=method-wrapper(...), anchorHoriz='center', anchorVert='center', antialias=True, autoDraw=False, autoLog=True, bold=False, color=array([-1, -1, -1]), colorSpace='rgb', contrast=1.0, depth=-6.0, flipHoriz=False, flipVert=False, font='Open Sans', fontFiles=[], height=0.06, italic=False, languageStyle='LTR', name='TopText_2', opacity=1.0, ori=0.0, pos=array([0., 0.]), rgb=UNKNOWN, text='', units='height', win=Window(...), wrapWidth=1)
30.1276 	EXP 	Created BottomText_2 = TextStim(__class__=<class 'psychopy.visual.text.TextStim'>, alignHoriz=method-wrapper(...), alignText='center', alignVert=method-wrapper(...), anchorHoriz='center', anchorVert='center', antialias=True, autoDraw=False, autoLog=True, bold=False, color=array([-1, -1, -1]), colorSpace='rgb', contrast=1.0, depth=-7.0, flipHoriz=False, flipVert=False, font='Open Sans', fontFiles=[], height=0.06, italic=False, languageStyle='LTR', name='BottomText_2', opacity=1.0, ori=0.0, pos=array([0., 0.]), rgb=UNKNOWN, text='', units='height', win=Window(...), wrapWidth=1)
30.1336 	EXP 	Created Total_2 = Rect(__class__=<class 'psychopy.visual.rect.Rect'>, anchor=('center', 'center'), autoDraw=False, autoLog=True, closeShape=True, color=method-wrapper(...), colorSpace='rgb', contrast=None, depth=-8.0, fillColor=array([0, 0, 0]), fillColorSpace='rgb', fillRGB=array([0, 0, 0]), interpolate=True, lineColor=array([1, 1, 1]), lineColorSpace='rgb', lineRGB=array([1, 1, 1]), lineWidth=1.0, name='Total_2', opacity=1.0, ori=0.0, pos=array([-0.45,  0.3 ]), size=array([0.1, 0.2]), units='height', vertices=ndarray(...), win=Window(...))
30.1356 	EXP 	Created Win_2 = TextStim(__class__=<class 'psychopy.visual.text.TextStim'>, alignHoriz=method-wrapper(...), alignText='center', alignVert=method-wrapper(...), anchorHoriz='center', anchorVert='center', antialias=True, autoDraw=False, autoLog=True, bold=False, color=array([1, 1, 1]), colorSpace='rgb', contrast=1.0, depth=-9.0, flipHoriz=False, flipVert=False, font='Open Sans', fontFiles=[], height=0.03, italic=False, languageStyle='LTR', name='Win_2', opacity=1.0, ori=0.0, pos=array([-0.45,  0.3 ]), rgb=UNKNOWN, text='', units='height', win=Window(...), wrapWidth=0.22)
30.1386 	EXP 	Created WinMsg = TextStim(__class__=<class 'psychopy.visual.text.TextStim'>, alignHoriz=method-wrapper(...), alignText='center', alignVert=method-wrapper(...), anchorHoriz='center', anchorVert='center', antialias=True, autoDraw=False, autoLog=True, bold=False, color=array([1, 1, 1]), colorSpace='rgb', contrast=1.0, depth=-10.0, flipHoriz=False, flipVert=False, font='Open Sans', fontFiles=[], height=0.04, italic=False, languageStyle='LTR', name='WinMsg', opacity=1.0, ori=0.0, pos=array([0., 0.]), rgb=UNKNOWN, text='', units='height', win=Window(...), wrapWidth=0.2)
30.1428 	EXP 	Created LeftHalf_3 = Rect(__class__=<class 'psychopy.visual.rect.Rect'>, anchor=('center', 'center'), autoDraw=False, autoLog=True, closeShape=True, color=method-wrapper(...), colorSpace='rgb', contrast=None, depth=-1.0, fillColor=array([1, 1, 1]), fillColorSpace='rgb', fillRGB=array([1, 1, 1]), interpolate=True, lineColor=array([-1, -1, -1]), lineColorSpace='rgb', lineRGB=array([-1, -1, -1]), lineWidth=1.0, name='LeftHalf_3', opacity=1.0, ori=0.0, pos=array([-0.25,  0.  ]), size=array([0.5, 0.8]), units='height', vertices=ndarray(...), win=Window(...))
30.1499 	EXP 	Created RightHalf_3 = Rect(__class__=<class 'psychopy.visual.rect.Rect'>, anchor=('center', 'center'), autoDraw=False, autoLog=True, closeShape=True, color=method-wrapper(...), colorSpace='rgb', contrast=None, depth=-2.0, fillColor=array([1, 1, 1]), fillColorSpace='rgb', fillRGB=array([1, 1, 1]), interpolate=True, lineColor=array([-1, -1, -1]), lineColorSpace='rgb', lineRGB=array([-1, -1, -1]), lineWidth=1.0, name='RightHalf_3', opacity=1.0, ori=0.0, pos=array([0.25, 0.  ]), size=array([0.5, 0.8]), units='height', vertices=ndarray(...), win=Window(...))
30.1539 	EXP 	Created Safe_3 = Rect(__class__=<class 'psychopy.visual.rect.Rect'>, anchor=('center', 'center'), autoDraw=False, autoLog=True, closeShape=True, color=method-wrapper(...), colorSpace='rgb', contrast=None, depth=-3.0, fillColor=array([1, 1, 1]), fillColorSpace='rgb', fillRGB=array([1, 1, 1]), interpolate=True, lineColor=array([1, 1, 1]), lineColorSpace='rgb', lineRGB=array([1, 1, 1]), lineWidth=5.0, name='Safe_3', opacity=1.0, ori=0.0, pos=array([0., 0.]), size=array([0.2, 0.2]), units='height', vertices=ndarray(...), win=Window(...))
30.1586 	EXP 	Created Top_3 = Rect(__class__=<class 'psychopy.visual.rect.Rect'>, anchor=('center', 'center'), autoDraw=False, autoLog=True, closeShape=True, color=method-wrapper(...), colorSpace='rgb', contrast=None, depth=-4.0, fillColor=array([1, 1, 1]), fillColorSpace='rgb', fillRGB=array([1, 1, 1]), interpolate=True, lineColor=array([1, 1, 1]), lineColorSpace='rgb', lineRGB=array([1, 1, 1]), lineWidth=5.0, name='Top_3', opacity=1.0, ori=0.0, pos=array([0., 0.]), size=array([0.2, 0.2]), units='height', vertices=ndarray(...), win=Window(...))
30.1659 	EXP 	Created Bottom_3 = Rect(__class__=<class 'psychopy.visual.rect.Rect'>, anchor=('center', 'center'), autoDraw=False, autoLog=True, closeShape=True, color=method-wrapper(...), colorSpace='rgb', contrast=None, depth=-5.0, fillColor=array([1, 1, 1]), fillColorSpace='rgb', fillRGB=array([1, 1, 1]), interpolate=True, lineColor=array([1, 1, 1]), lineColorSpace='rgb', lineRGB=array([1, 1, 1]), lineWidth=5.0, name='Bottom_3', opacity=1.0, ori=0.0, pos=array([0., 0.]), size=array([0.2, 0.2]), units='height', vertices=ndarray(...), win=Window(...))
30.1686 	EXP 	Created SafeText_3 = TextStim(__class__=<class 'psychopy.visual.text.TextStim'>, alignHoriz=method-wrapper(...), alignText='center', alignVert=method-wrapper(...), anchorHoriz='center', anchorVert='center', antialias=True, autoDraw=False, autoLog=True, bold=False, color=array([-1, -1, -1]), colorSpace='rgb', contrast=1.0, depth=-6.0, flipHoriz=False, flipVert=False, font='Open Sans', fontFiles=[], height=0.06, italic=False, languageStyle='LTR', name='SafeText_3', opacity=1.0, ori=0.0, pos=array([0., 0.]), rgb=UNKNOWN, text='', units='height', win=Window(...), wrapWidth=1)
30.1713 	EXP 	Created TopText_3 = TextStim(__class__=<class 'psychopy.visual.text.TextStim'>, alignHoriz=method-wrapper(...), alignText='center', alignVert=method-wrapper(...), anchorHoriz='center', anchorVert='center', antialias=True, autoDraw=False, autoLog=True, bold=False, color=array([-1, -1, -1]), colorSpace='rgb', contrast=1.0, depth=-7.0, flipHoriz=False, flipVert=False, font='Open Sans', fontFiles=[], height=0.06, italic=False, languageStyle='LTR', name='TopText_3', opacity=1.0, ori=0.0, pos=array([0., 0.]), rgb=UNKNOWN, text='', units='height', win=Window(...), wrapWidth=1)
30.1728 	EXP 	Created BottomText_3 = TextStim(__class__=<class 'psychopy.visual.text.TextStim'>, alignHoriz=method-wrapper(...), alignText='center', alignVert=method-wrapper(...), anchorHoriz='center', anchorVert='center', antialias=True, autoDraw=False, autoLog=True, bold=False, color=array([-1, -1, -1]), colorSpace='rgb', contrast=1.0, depth=-8.0, flipHoriz=False, flipVert=False, font='Open Sans', fontFiles=[], height=0.06, italic=False, languageStyle='LTR', name='BottomText_3', opacity=1.0, ori=0.0, pos=array([0., 0.]), rgb=UNKNOWN, text='', units='height', win=Window(...), wrapWidth=1)
30.1758 	EXP 	Created Total_3 = Rect(__class__=<class 'psychopy.visual.rect.Rect'>, anchor=('center', 'center'), autoDraw=False, autoLog=True, closeShape=True, color=method-wrapper(...), colorSpace='rgb', contrast=None, depth=-9.0, fillColor=array([0, 0, 0]), fillColorSpace='rgb', fillRGB=array([0, 0, 0]), interpolate=True, lineColor=array([1, 1, 1]), lineColorSpace='rgb', lineRGB=array([1, 1, 1]), lineWidth=1.0, name='Total_3', opacity=1.0, ori=0.0, pos=array([-0.45,  0.3 ]), size=array([0.1, 0.2]), units='height', vertices=ndarray(...), win=Window(...))
30.1807 	EXP 	Created Win_3 = TextStim(__class__=<class 'psychopy.visual.text.TextStim'>, alignHoriz=method-wrapper(...), alignText='center', alignVert=method-wrapper(...), anchorHoriz='center', anchorVert='center', antialias=True, autoDraw=False, autoLog=True, bold=False, color=array([1, 1, 1]), colorSpace='rgb', contrast=1.0, depth=-10.0, flipHoriz=False, flipVert=False, font='Open Sans', fontFiles=[], height=0.03, italic=False, languageStyle='LTR', name='Win_3', opacity=1.0, ori=0.0, pos=array([-0.45,  0.3 ]), rgb=UNKNOWN, text='', units='height', win=Window(...), wrapWidth=0.22)
30.1828 	EXP 	Created WinMsg_2 = TextStim(__class__=<class 'psychopy.visual.text.TextStim'>, alignHoriz=method-wrapper(...), alignText='center', alignVert=method-wrapper(...), anchorHoriz='center', anchorVert='center', antialias=True, autoDraw=False, autoLog=True, bold=False, color=array([1, 1, 1]), colorSpace='rgb', contrast=1.0, depth=-11.0, flipHoriz=False, flipVert=False, font='Open Sans', fontFiles=[], height=0.04, italic=False, languageStyle='LTR', name='WinMsg_2', opacity=1.0, ori=0.0, pos=array([0., 0.]), rgb=UNKNOWN, text='', units='height', win=Window(...), wrapWidth=0.2)
30.2223 	EXP 	Created timeoutText = TextStim(__class__=<class 'psychopy.visual.text.TextStim'>, alignHoriz=method-wrapper(...), alignText='center', alignVert=method-wrapper(...), anchorHoriz='center', anchorVert='center', antialias=True, autoDraw=False, autoLog=True, bold=False, color=array([1, 1, 1]), colorSpace='rgb', contrast=1.0, depth=0.0, flipHoriz=False, flipVert=False, font='Open Sans', fontFiles=[], height=0.05, italic=False, languageStyle='LTR', name='timeoutText', opacity=1.0, ori=0.0, pos=array([0., 0.]), rgb=UNKNOWN, text='Please respond faster', units='height', win=Window(...), wrapWidth=1)
30.2385 	EXP 	window1: mouseVisible = True
30.4736 	EXP 	Created HowHappySlider = Slider(__class__=<class 'psychopy.visual.slider.Slider'>, autoDraw=False, autoLog=True, borderColor=None, color=None, colorSpace='rgb', depth=-1, fillColor=None, flip=False, font='Open Sans', granularity=0.0, labelColor=None, labelHeight=0.05, labelWrapWidth=None, labels=(1, 10), lineColor=None, markerColor=None, name='HowHappySlider', opacity=None, ori=0.0, pos=array([ 0. , -0.2]), readOnly=False, self=UNKNOWN, size=array([1. , 0.1]), startValue=None, style='rating', styleTweaks=[], ticks=array([ 1,  2,  3,  4,  5,  6,  7,  8,  9, 10]), units='height', win=Window(...))
30.5023 	EXP 	Created UnHappy = TextStim(__class__=<class 'psychopy.visual.text.TextStim'>, alignHoriz=method-wrapper(...), alignText='center', alignVert=method-wrapper(...), anchorHoriz='center', anchorVert='center', antialias=True, autoDraw=False, autoLog=True, bold=False, color=array([1, 1, 1]), colorSpace='rgb', contrast=1.0, depth=-2.0, flipHoriz=False, flipVert=False, font='Open Sans', fontFiles=[], height=0.05, italic=False, languageStyle='LTR', name='UnHappy', opacity=1.0, ori=0.0, pos=array([-0.6,  0. ]), rgb=UNKNOWN, text='Very Unhappy', units='height', win=Window(...), wrapWidth=1)
30.5211 	EXP 	Created Happy = TextStim(__class__=<class 'psychopy.visual.text.TextStim'>, alignHoriz=method-wrapper(...), alignText='center', alignVert=method-wrapper(...), anchorHoriz='center', anchorVert='center', antialias=True, autoDraw=False, autoLog=True, bold=False, color=array([1, 1, 1]), colorSpace='rgb', contrast=1.0, depth=-3.0, flipHoriz=False, flipVert=False, font='Open Sans', fontFiles=[], height=0.05, italic=False, languageStyle='LTR', name='Happy', opacity=1.0, ori=0.0, pos=array([0.6, 0. ]), rgb=UNKNOWN, text='Very Happy', units='height', win=Window(...), wrapWidth=1)
30.5644 	EXP 	Created SpacetoExit = TextStim(__class__=<class 'psychopy.visual.text.TextStim'>, alignHoriz=method-wrapper(...), alignText='center', alignVert=method-wrapper(...), anchorHoriz='center', anchorVert='center', antialias=True, autoDraw=False, autoLog=True, bold=False, color=array([1, 1, 1]), colorSpace='rgb', contrast=1.0, depth=-5.0, flipHoriz=False, flipVert=False, font='Open Sans', fontFiles=[], height=0.04, italic=False, languageStyle='LTR', name='SpacetoExit', opacity=1.0, ori=0.0, pos=array([ 0. , -0.4]), rgb=UNKNOWN, text='Press SPACEBAR to Continue', units='height', win=Window(...), wrapWidth=1)
30.5869 	EXP 	Created Cross = TextStim(__class__=<class 'psychopy.visual.text.TextStim'>, alignHoriz=method-wrapper(...), alignText='center', alignVert=method-wrapper(...), anchorHoriz='center', anchorVert='center', antialias=True, autoDraw=False, autoLog=True, bold=False, color=array([-1, -1, -1]), colorSpace='rgb', contrast=1.0, depth=0.0, flipHoriz=False, flipVert=False, font='Open Sans', fontFiles=[], height=0.1, italic=False, languageStyle='LTR', name='Cross', opacity=1.0, ori=0.0, pos=array([0., 0.]), rgb=UNKNOWN, text='+', units='height', win=Window(...), wrapWidth=1)
30.6681 	EXP 	Created exitText = TextStim(__class__=<class 'psychopy.visual.text.TextStim'>, alignHoriz=method-wrapper(...), alignText='center', alignVert=method-wrapper(...), anchorHoriz='center', anchorVert='center', antialias=True, autoDraw=False, autoLog=True, bold=False, color=array([1, 1, 1]), colorSpace='rgb', contrast=1.0, depth=0.0, flipHoriz=False, flipVert=False, font='Open Sans', fontFiles=[], height=0.05, italic=False, languageStyle='LTR', name='exitText', opacity=1.0, ori=0.0, pos=array([0., 0.]), rgb=UNKNOWN, text=str(...), units='height', win=Window(...), wrapWidth=1)
30.6994 	EXP 	HowHappySlider: autoLog = True
30.6994 	EXP 	HowHappySlider: markerPos = None
30.6994 	EXP 	HowHappySlider: styleTweaks = []
30.6994 	EXP 	HowHappySlider: styleTweaks = []
30.6994 	EXP 	HowHappySlider: styleTweaks = []
30.6994 	EXP 	HowHappySlider: styleTweaks = []
30.6994 	EXP 	HowHappySlider: contrast = 1.0
30.6994 	EXP 	HowHappySlider: autoLog = True
30.6994 	EXP 	welcomeText: autoDraw = True
35.7053 	EXP 	Imported control_files/trialControlwRating.csv as conditions, 150 conditions, 8 params
35.7072 	EXP 	Created sequence: random, trialTypes=150, nReps=1, seed=None
35.7077 	EXP 	New trial (rep=0, index=0): OrderedDict([('TrialType', 'mix'), ('CertainAmt', 0.0), ('TopAmt', -1.1), ('BottomAmt', 0.57), ('Outcome', 'top'), ('RiskSide', 'left'), ('ITI', 1.64), ('Rating', 1)])
35.7876 	EXP 	welcomeText: autoDraw = False
35.7876 	EXP 	SafeText: height = 0.06
35.7876 	EXP 	SafeText: height = 0.06
35.7876 	EXP 	SafeText: height = 0.06
35.7876 	EXP 	SafeText: text = '$0.00'
35.7876 	EXP 	TopText: height = 0.06
35.7876 	EXP 	TopText: height = 0.06
35.7876 	EXP 	TopText: height = 0.06
35.7876 	EXP 	TopText: text = '$-1.10'
35.7876 	EXP 	BottomText: height = 0.06
35.7876 	EXP 	BottomText: height = 0.06
35.7876 	EXP 	BottomText: height = 0.06
35.7876 	EXP 	BottomText: text = '$0.57'
35.7876 	EXP 	Win: height = 0.03
35.7876 	EXP 	Win: height = 0.03
35.7876 	EXP 	Win: height = 0.03
35.7876 	EXP 	Win: text = 'Total\n$10.00'
35.7876 	EXP 	LeftHalf: autoDraw = True
35.7876 	EXP 	RightHalf: autoDraw = True
35.7876 	EXP 	Safe: autoDraw = True
35.7876 	EXP 	Top: autoDraw = True
35.7876 	EXP 	Bottom: autoDraw = True
35.7876 	EXP 	SafeText: autoDraw = True
35.7876 	EXP 	TopText: autoDraw = True
35.7876 	EXP 	BottomText: autoDraw = True
35.7876 	EXP 	Total: autoDraw = True
35.7876 	EXP 	Win: autoDraw = True
39.3855 	DATA 	Keypress: right
39.4108 	EXP 	Created sequence: random, trialTypes=1, nReps=1, seed=None
39.4110 	EXP 	New trial (rep=0, index=0): None
39.5054 	EXP 	LeftHalf: autoDraw = False
39.5054 	EXP 	RightHalf: autoDraw = False
39.5054 	EXP 	Safe: autoDraw = False
39.5054 	EXP 	Top: autoDraw = False
39.5054 	EXP 	Bottom: autoDraw = False
39.5054 	EXP 	SafeText: autoDraw = False
39.5054 	EXP 	TopText: autoDraw = False
39.5054 	EXP 	BottomText: autoDraw = False
39.5054 	EXP 	Total: autoDraw = False
39.5054 	EXP 	Win: autoDraw = False
39.5054 	EXP 	Safe_2: borderColor = <psychopy.colors.Color: yellow, alpha=1.0>
39.5054 	EXP 	Top_2: borderColor = <psychopy.colors.Color: black, alpha=1.0>
39.5054 	EXP 	Bottom_2: borderColor = <psychopy.colors.Color: black, alpha=1.0>
39.5054 	EXP 	SafeText_2: height = 0.06
39.5054 	EXP 	SafeText_2: height = 0.06
39.5054 	EXP 	SafeText_2: height = 0.06
39.5054 	EXP 	SafeText_2: text = '$0.00'
39.5054 	EXP 	TopText_2: height = 0.06
39.5054 	EXP 	TopText_2: height = 0.06
39.5054 	EXP 	TopText_2: height = 0.06
39.5054 	EXP 	TopText_2: text = '$-1.10'
39.5054 	EXP 	BottomText_2: height = 0.06
39.5054 	EXP 	BottomText_2: height = 0.06
39.5054 	EXP 	BottomText_2: height = 0.06
39.5054 	EXP 	BottomText_2: text = '$0.57'
39.5054 	EXP 	Win_2: height = 0.03
39.5054 	EXP 	Win_2: height = 0.03
39.5054 	EXP 	Win_2: height = 0.03
39.5054 	EXP 	Win_2: text = 'Total\n$10.00'
39.5054 	EXP 	WinMsg: foreColor = <psychopy.colors.Color: black, alpha=1.0>
39.5054 	EXP 	WinMsg: height = 0.04
39.5054 	EXP 	WinMsg: height = 0.04
39.5054 	EXP 	WinMsg: height = 0.04
39.5054 	EXP 	WinMsg: text = 'You got $0.00!'
39.5054 	EXP 	LeftHalf_2: autoDraw = True
39.5054 	EXP 	RightHalf_2: autoDraw = True
39.5054 	EXP 	Safe_2: autoDraw = True
39.5054 	EXP 	Top_2: autoDraw = True
39.5054 	EXP 	Bottom_2: autoDraw = True
39.5054 	EXP 	SafeText_2: autoDraw = True
39.5054 	EXP 	TopText_2: autoDraw = True
39.5054 	EXP 	BottomText_2: autoDraw = True
39.5054 	EXP 	Total_2: autoDraw = True
39.5054 	EXP 	Win_2: autoDraw = True
39.5054 	EXP 	WinMsg: autoDraw = True
41.5238 	EXP 	LeftHalf_2: autoDraw = False
41.5238 	EXP 	RightHalf_2: autoDraw = False
41.5238 	EXP 	Safe_2: autoDraw = False
41.5238 	EXP 	Top_2: autoDraw = False
41.5238 	EXP 	Bottom_2: autoDraw = False
41.5238 	EXP 	SafeText_2: autoDraw = False
41.5238 	EXP 	TopText_2: autoDraw = False
41.5238 	EXP 	BottomText_2: autoDraw = False
41.5238 	EXP 	Total_2: autoDraw = False
41.5238 	EXP 	Win_2: autoDraw = False
41.5238 	EXP 	WinMsg: autoDraw = False
41.5238 	EXP 	Safe_3: borderColor = <psychopy.colors.Color: limegreen, alpha=1.0>
41.5238 	EXP 	Top_3: borderColor = <psychopy.colors.Color: mediumorchid, alpha=1.0>
41.5238 	EXP 	Bottom_3: borderColor = <psychopy.colors.Color: black, alpha=1.0>
41.5238 	EXP 	SafeText_3: height = 0.06
41.5238 	EXP 	SafeText_3: height = 0.06
41.5238 	EXP 	SafeText_3: height = 0.06
41.5238 	EXP 	SafeText_3: text = '$0.00'
41.5238 	EXP 	TopText_3: height = 0.06
41.5238 	EXP 	TopText_3: height = 0.06
41.5238 	EXP 	TopText_3: height = 0.06
41.5238 	EXP 	TopText_3: text = '$-1.10'
41.5238 	EXP 	BottomText_3: height = 0.06
41.5238 	EXP 	BottomText_3: height = 0.06
41.5238 	EXP 	BottomText_3: height = 0.06
41.5238 	EXP 	BottomText_3: text = '$0.57'
41.5238 	EXP 	Win_3: height = 0.03
41.5238 	EXP 	Win_3: height = 0.03
41.5238 	EXP 	Win_3: height = 0.03
41.5238 	EXP 	Win_3: text = 'Total\n$10.00'
41.5238 	EXP 	WinMsg_2: foreColor = <psychopy.colors.Color: limegreen, alpha=1.0>
41.5238 	EXP 	WinMsg_2: height = 0.04
41.5238 	EXP 	WinMsg_2: height = 0.04
41.5238 	EXP 	WinMsg_2: height = 0.04
41.5238 	EXP 	WinMsg_2: text = 'You would have lost $-1.10!'
41.5238 	EXP 	LeftHalf_3: autoDraw = True
41.5238 	EXP 	RightHalf_3: autoDraw = True
41.5238 	EXP 	Safe_3: autoDraw = True
41.5238 	EXP 	Top_3: autoDraw = True
41.5238 	EXP 	Bottom_3: autoDraw = True
41.5238 	EXP 	SafeText_3: autoDraw = True
41.5238 	EXP 	TopText_3: autoDraw = True
41.5238 	EXP 	BottomText_3: autoDraw = True
41.5238 	EXP 	Total_3: autoDraw = True
41.5238 	EXP 	Win_3: autoDraw = True
41.5238 	EXP 	WinMsg_2: autoDraw = True
43.4255 	EXP 	Created sequence: random, trialTypes=1, nReps=0, seed=None
43.4261 	EXP 	Created sequence: random, trialTypes=1, nReps=0, seed=None
43.4412 	EXP 	LeftHalf_3: autoDraw = False
43.4412 	EXP 	RightHalf_3: autoDraw = False
43.4412 	EXP 	Safe_3: autoDraw = False
43.4412 	EXP 	Top_3: autoDraw = False
43.4412 	EXP 	Bottom_3: autoDraw = False
43.4412 	EXP 	SafeText_3: autoDraw = False
43.4412 	EXP 	TopText_3: autoDraw = False
43.4412 	EXP 	BottomText_3: autoDraw = False
43.4412 	EXP 	Total_3: autoDraw = False
43.4412 	EXP 	Win_3: autoDraw = False
43.4412 	EXP 	WinMsg_2: autoDraw = False
43.4412 	EXP 	Cross: autoDraw = True
45.0705 	EXP 	New trial (rep=0, index=1): OrderedDict([('TrialType', 'mix'), ('CertainAmt', 0.0), ('TopAmt', -0.8), ('BottomAmt', 1.6), ('Outcome', 'top'), ('RiskSide', 'right'), ('ITI', 1.27), ('Rating', 0)])
45.1351 	EXP 	Cross: autoDraw = False
45.1351 	EXP 	Cross: autoDraw = False
45.1351 	EXP 	SafeText: text = '$0.00'
45.1351 	EXP 	TopText: height = 0.06
45.1351 	EXP 	TopText: height = 0.06
45.1351 	EXP 	TopText: height = 0.06
45.1351 	EXP 	TopText: text = '$-0.80'
45.1351 	EXP 	BottomText: height = 0.06
45.1351 	EXP 	BottomText: height = 0.06
45.1351 	EXP 	BottomText: height = 0.06
45.1351 	EXP 	BottomText: text = '$1.60'
45.1351 	EXP 	Win: text = 'Total\n$10.00'
45.1351 	EXP 	LeftHalf: autoDraw = True
45.1351 	EXP 	RightHalf: autoDraw = True
45.1351 	EXP 	Safe: autoDraw = True
45.1351 	EXP 	Top: autoDraw = True
45.1351 	EXP 	Bottom: autoDraw = True
45.1351 	EXP 	SafeText: autoDraw = True
45.1351 	EXP 	TopText: autoDraw = True
45.1351 	EXP 	BottomText: autoDraw = True
45.1351 	EXP 	Total: autoDraw = True
45.1351 	EXP 	Win: autoDraw = True
45.4261 	DATA 	Keypress: right
45.4308 	EXP 	Created sequence: random, trialTypes=1, nReps=1, seed=None
45.4313 	EXP 	New trial (rep=0, index=0): None
45.4919 	EXP 	LeftHalf: autoDraw = False
45.4919 	EXP 	RightHalf: autoDraw = False
45.4919 	EXP 	Safe: autoDraw = False
45.4919 	EXP 	Top: autoDraw = False
45.4919 	EXP 	Bottom: autoDraw = False
45.4919 	EXP 	SafeText: autoDraw = False
45.4919 	EXP 	TopText: autoDraw = False
45.4919 	EXP 	BottomText: autoDraw = False
45.4919 	EXP 	Total: autoDraw = False
45.4919 	EXP 	Win: autoDraw = False
45.4919 	EXP 	Safe_2: borderColor = <psychopy.colors.Color: black, alpha=1.0>
45.4919 	EXP 	Top_2: borderColor = <psychopy.colors.Color: yellow, alpha=1.0>
45.4919 	EXP 	Bottom_2: borderColor = <psychopy.colors.Color: yellow, alpha=1.0>
45.4919 	EXP 	SafeText_2: text = '$0.00'
45.4919 	EXP 	TopText_2: height = 0.06
45.4919 	EXP 	TopText_2: height = 0.06
45.4919 	EXP 	TopText_2: height = 0.06
45.4919 	EXP 	TopText_2: text = '$-0.80'
45.4919 	EXP 	BottomText_2: height = 0.06
45.4919 	EXP 	BottomText_2: height = 0.06
45.4919 	EXP 	BottomText_2: height = 0.06
45.4919 	EXP 	BottomText_2: text = '$1.60'
45.4919 	EXP 	Win_2: text = 'Total\n$10.00'
45.4919 	EXP 	WinMsg: foreColor = <psychopy.colors.Color: black, alpha=1.0>
45.4919 	EXP 	WinMsg: height = 0.04
45.4919 	EXP 	WinMsg: height = 0.04
45.4919 	EXP 	WinMsg: height = 0.04
45.4919 	EXP 	WinMsg: text = ''
45.4919 	EXP 	LeftHalf_2: autoDraw = True
45.4919 	EXP 	RightHalf_2: autoDraw = True
45.4919 	EXP 	Safe_2: autoDraw = True
45.4919 	EXP 	Top_2: autoDraw = True
45.4919 	EXP 	Bottom_2: autoDraw = True
45.4919 	EXP 	SafeText_2: autoDraw = True
45.4919 	EXP 	TopText_2: autoDraw = True
45.4919 	EXP 	BottomText_2: autoDraw = True
45.4919 	EXP 	Total_2: autoDraw = True
45.4919 	EXP 	Win_2: autoDraw = True
45.4919 	EXP 	WinMsg: autoDraw = True
47.5397 	EXP 	LeftHalf_2: autoDraw = False
47.5397 	EXP 	RightHalf_2: autoDraw = False
47.5397 	EXP 	Safe_2: autoDraw = False
47.5397 	EXP 	Top_2: autoDraw = False
47.5397 	EXP 	Bottom_2: autoDraw = False
47.5397 	EXP 	SafeText_2: autoDraw = False
47.5397 	EXP 	TopText_2: autoDraw = False
47.5397 	EXP 	BottomText_2: autoDraw = False
47.5397 	EXP 	Total_2: autoDraw = False
47.5397 	EXP 	Win_2: autoDraw = False
47.5397 	EXP 	WinMsg: autoDraw = False
47.5397 	EXP 	Safe_3: borderColor = <psychopy.colors.Color: black, alpha=1.0>
47.5397 	EXP 	Top_3: borderColor = <psychopy.colors.Color: red, alpha=1.0>
47.5397 	EXP 	Bottom_3: borderColor = <psychopy.colors.Color: black, alpha=1.0>
47.5397 	EXP 	SafeText_3: text = '$0.00'
47.5397 	EXP 	TopText_3: height = 0.06
47.5397 	EXP 	TopText_3: height = 0.06
47.5397 	EXP 	TopText_3: height = 0.06
47.5397 	EXP 	TopText_3: text = '$-0.80'
47.5397 	EXP 	BottomText_3: height = 0.06
47.5397 	EXP 	BottomText_3: height = 0.06
47.5397 	EXP 	BottomText_3: height = 0.06
47.5397 	EXP 	BottomText_3: text = '$1.60'
47.5397 	EXP 	Win_3: height = 0.03
47.5397 	EXP 	Win_3: height = 0.03
47.5397 	EXP 	Win_3: height = 0.03
47.5397 	EXP 	Win_3: text = 'Total\n$9.20'
47.5397 	EXP 	WinMsg_2: foreColor = <psychopy.colors.Color: red, alpha=1.0>
47.5397 	EXP 	WinMsg_2: height = 0.04
47.5397 	EXP 	WinMsg_2: height = 0.04
47.5397 	EXP 	WinMsg_2: height = 0.04
47.5397 	EXP 	WinMsg_2: text = 'You lost $-0.80!'
47.5397 	EXP 	LeftHalf_3: autoDraw = True
47.5397 	EXP 	RightHalf_3: autoDraw = True
47.5397 	EXP 	Safe_3: autoDraw = True
47.5397 	EXP 	Top_3: autoDraw = True
47.5397 	EXP 	Bottom_3: autoDraw = True
47.5397 	EXP 	SafeText_3: autoDraw = True
47.5397 	EXP 	TopText_3: autoDraw = True
47.5397 	EXP 	BottomText_3: autoDraw = True
47.5397 	EXP 	Total_3: autoDraw = True
47.5397 	EXP 	Win_3: autoDraw = True
47.5397 	EXP 	WinMsg_2: autoDraw = True
49.4621 	EXP 	Created sequence: random, trialTypes=1, nReps=0, seed=None
49.4625 	EXP 	Created sequence: random, trialTypes=1, nReps=0, seed=None
49.4772 	EXP 	LeftHalf_3: autoDraw = False
49.4772 	EXP 	RightHalf_3: autoDraw = False
49.4772 	EXP 	Safe_3: autoDraw = False
49.4772 	EXP 	Top_3: autoDraw = False
49.4772 	EXP 	Bottom_3: autoDraw = False
49.4772 	EXP 	SafeText_3: autoDraw = False
49.4772 	EXP 	TopText_3: autoDraw = False
49.4772 	EXP 	BottomText_3: autoDraw = False
49.4772 	EXP 	Total_3: autoDraw = False
49.4772 	EXP 	Win_3: autoDraw = False
49.4772 	EXP 	WinMsg_2: autoDraw = False
49.4772 	EXP 	Cross: autoDraw = True
50.7466 	EXP 	New trial (rep=0, index=2): OrderedDict([('TrialType', 'gain'), ('CertainAmt', 0.3), ('TopAmt', 0.0), ('BottomAmt', 0.55), ('Outcome', 'top'), ('RiskSide', 'left'), ('ITI', 1.9), ('Rating', 0)])
50.8112 	EXP 	Cross: autoDraw = False
50.8112 	EXP 	Cross: autoDraw = False
50.8112 	EXP 	SafeText: height = 0.06
50.8112 	EXP 	SafeText: height = 0.06
50.8112 	EXP 	SafeText: height = 0.06
50.8112 	EXP 	SafeText: text = '$0.30'
50.8112 	EXP 	TopText: height = 0.06
50.8112 	EXP 	TopText: height = 0.06
50.8112 	EXP 	TopText: height = 0.06
50.8112 	EXP 	TopText: text = '$0.00'
50.8112 	EXP 	BottomText: height = 0.06
50.8112 	EXP 	BottomText: height = 0.06
50.8112 	EXP 	BottomText: height = 0.06
50.8112 	EXP 	BottomText: text = '$0.55'
50.8112 	EXP 	Win: height = 0.03
50.8112 	EXP 	Win: height = 0.03
50.8112 	EXP 	Win: height = 0.03
50.8112 	EXP 	Win: text = 'Total\n$9.20'
50.8112 	EXP 	LeftHalf: autoDraw = True
50.8112 	EXP 	RightHalf: autoDraw = True
50.8112 	EXP 	Safe: autoDraw = True
50.8112 	EXP 	Top: autoDraw = True
50.8112 	EXP 	Bottom: autoDraw = True
50.8112 	EXP 	SafeText: autoDraw = True
50.8112 	EXP 	TopText: autoDraw = True
50.8112 	EXP 	BottomText: autoDraw = True
50.8112 	EXP 	Total: autoDraw = True
50.8112 	EXP 	Win: autoDraw = True
51.6078 	DATA 	Keypress: right
51.6306 	EXP 	Created sequence: random, trialTypes=1, nReps=1, seed=None
51.6309 	EXP 	New trial (rep=0, index=0): None
51.7096 	EXP 	LeftHalf: autoDraw = False
51.7096 	EXP 	RightHalf: autoDraw = False
51.7096 	EXP 	Safe: autoDraw = False
51.7096 	EXP 	Top: autoDraw = False
51.7096 	EXP 	Bottom: autoDraw = False
51.7096 	EXP 	SafeText: autoDraw = False
51.7096 	EXP 	TopText: autoDraw = False
51.7096 	EXP 	BottomText: autoDraw = False
51.7096 	EXP 	Total: autoDraw = False
51.7096 	EXP 	Win: autoDraw = False
51.7096 	EXP 	Safe_2: borderColor = <psychopy.colors.Color: yellow, alpha=1.0>
51.7096 	EXP 	Top_2: borderColor = <psychopy.colors.Color: black, alpha=1.0>
51.7096 	EXP 	Bottom_2: borderColor = <psychopy.colors.Color: black, alpha=1.0>
51.7096 	EXP 	SafeText_2: height = 0.06
51.7096 	EXP 	SafeText_2: height = 0.06
51.7096 	EXP 	SafeText_2: height = 0.06
51.7096 	EXP 	SafeText_2: text = '$0.30'
51.7096 	EXP 	TopText_2: height = 0.06
51.7096 	EXP 	TopText_2: height = 0.06
51.7096 	EXP 	TopText_2: height = 0.06
51.7096 	EXP 	TopText_2: text = '$0.00'
51.7096 	EXP 	BottomText_2: height = 0.06
51.7096 	EXP 	BottomText_2: height = 0.06
51.7096 	EXP 	BottomText_2: height = 0.06
51.7096 	EXP 	BottomText_2: text = '$0.55'
51.7096 	EXP 	Win_2: height = 0.03
51.7096 	EXP 	Win_2: height = 0.03
51.7096 	EXP 	Win_2: height = 0.03
51.7096 	EXP 	Win_2: text = 'Total\n$9.50'
51.7096 	EXP 	WinMsg: foreColor = <psychopy.colors.Color: black, alpha=1.0>
51.7096 	EXP 	WinMsg: height = 0.04
51.7096 	EXP 	WinMsg: height = 0.04
51.7096 	EXP 	WinMsg: height = 0.04
51.7096 	EXP 	WinMsg: text = 'You won $0.30!'
51.7096 	EXP 	LeftHalf_2: autoDraw = True
51.7096 	EXP 	RightHalf_2: autoDraw = True
51.7096 	EXP 	Safe_2: autoDraw = True
51.7096 	EXP 	Top_2: autoDraw = True
51.7096 	EXP 	Bottom_2: autoDraw = True
51.7096 	EXP 	SafeText_2: autoDraw = True
51.7096 	EXP 	TopText_2: autoDraw = True
51.7096 	EXP 	BottomText_2: autoDraw = True
51.7096 	EXP 	Total_2: autoDraw = True
51.7096 	EXP 	Win_2: autoDraw = True
51.7096 	EXP 	WinMsg: autoDraw = True
53.7288 	EXP 	LeftHalf_2: autoDraw = False
53.7288 	EXP 	RightHalf_2: autoDraw = False
53.7288 	EXP 	Safe_2: autoDraw = False
53.7288 	EXP 	Top_2: autoDraw = False
53.7288 	EXP 	Bottom_2: autoDraw = False
53.7288 	EXP 	SafeText_2: autoDraw = False
53.7288 	EXP 	TopText_2: autoDraw = False
53.7288 	EXP 	BottomText_2: autoDraw = False
53.7288 	EXP 	Total_2: autoDraw = False
53.7288 	EXP 	Win_2: autoDraw = False
53.7288 	EXP 	WinMsg: autoDraw = False
53.7288 	EXP 	Safe_3: borderColor = <psychopy.colors.Color: limegreen, alpha=1.0>
53.7288 	EXP 	Top_3: borderColor = <psychopy.colors.Color: mediumorchid, alpha=1.0>
53.7288 	EXP 	Bottom_3: borderColor = <psychopy.colors.Color: black, alpha=1.0>
53.7288 	EXP 	SafeText_3: height = 0.06
53.7288 	EXP 	SafeText_3: height = 0.06
53.7288 	EXP 	SafeText_3: height = 0.06
53.7288 	EXP 	SafeText_3: text = '$0.30'
53.7288 	EXP 	TopText_3: height = 0.06
53.7288 	EXP 	TopText_3: height = 0.06
53.7288 	EXP 	TopText_3: height = 0.06
53.7288 	EXP 	TopText_3: text = '$0.00'
53.7288 	EXP 	BottomText_3: height = 0.06
53.7288 	EXP 	BottomText_3: height = 0.06
53.7288 	EXP 	BottomText_3: height = 0.06
53.7288 	EXP 	BottomText_3: text = '$0.55'
53.7288 	EXP 	Win_3: height = 0.03
53.7288 	EXP 	Win_3: height = 0.03
53.7288 	EXP 	Win_3: height = 0.03
53.7288 	EXP 	Win_3: text = 'Total\n$9.50'
53.7288 	EXP 	WinMsg_2: foreColor = <psychopy.colors.Color: limegreen, alpha=1.0>
53.7288 	EXP 	WinMsg_2: height = 0.04
53.7288 	EXP 	WinMsg_2: height = 0.04
53.7288 	EXP 	WinMsg_2: height = 0.04
53.7288 	EXP 	WinMsg_2: text = 'You would have lost $0.00!'
53.7288 	EXP 	LeftHalf_3: autoDraw = True
53.7288 	EXP 	RightHalf_3: autoDraw = True
53.7288 	EXP 	Safe_3: autoDraw = True
53.7288 	EXP 	Top_3: autoDraw = True
53.7288 	EXP 	Bottom_3: autoDraw = True
53.7288 	EXP 	SafeText_3: autoDraw = True
53.7288 	EXP 	TopText_3: autoDraw = True
53.7288 	EXP 	BottomText_3: autoDraw = True
53.7288 	EXP 	Total_3: autoDraw = True
53.7288 	EXP 	Win_3: autoDraw = True
53.7288 	EXP 	WinMsg_2: autoDraw = True
55.6467 	EXP 	Created sequence: random, trialTypes=1, nReps=0, seed=None
55.6484 	EXP 	Created sequence: random, trialTypes=1, nReps=1, seed=None
55.6495 	EXP 	New trial (rep=0, index=0): None
55.7784 	EXP 	LeftHalf_3: autoDraw = False
55.7784 	EXP 	RightHalf_3: autoDraw = False
55.7784 	EXP 	Safe_3: autoDraw = False
55.7784 	EXP 	Top_3: autoDraw = False
55.7784 	EXP 	Bottom_3: autoDraw = False
55.7784 	EXP 	SafeText_3: autoDraw = False
55.7784 	EXP 	TopText_3: autoDraw = False
55.7784 	EXP 	BottomText_3: autoDraw = False
55.7784 	EXP 	Total_3: autoDraw = False
55.7784 	EXP 	Win_3: autoDraw = False
55.7784 	EXP 	WinMsg_2: autoDraw = False
55.7784 	EXP 	HowHappySlider: markerPos = None
55.7784 	EXP 	HowHappySlider: markerPos = None
55.7784 	EXP 	HowHappySlider: autoDraw = True
55.7784 	EXP 	UnHappy: autoDraw = True
55.7784 	EXP 	Happy: autoDraw = True
83.3907 	DATA 	Mouse: Left button down, pos=(844,575)
83.5398 	DATA 	Mouse:  Left button up, pos=(844,575)
86.2412 	DATA 	Mouse: Left button down, pos=(671,255)
86.2835 	EXP 	HowHappySlider: markerPos = 4.489583333333334
86.3230 	EXP 	HowHappySlider: markerPos = 4.489583333333334
86.3531 	EXP 	HowHappySlider: markerPos = 4.489583333333334
86.3560 	DATA 	Mouse:  Left button up, pos=(671,255)
86.3897 	EXP 	HowHappySlider: markerPos = 4.489583333333334
86.4221 	EXP 	SpacetoExit: autoDraw = True
86.8591 	DATA 	Keypress: space
86.8915 	EXP 	HowHappySlider: autoDraw = False
86.8915 	EXP 	UnHappy: autoDraw = False
86.8915 	EXP 	Happy: autoDraw = False
86.8915 	EXP 	SpacetoExit: autoDraw = False
86.8915 	EXP 	Cross: autoDraw = True
88.7907 	EXP 	New trial (rep=0, index=3): OrderedDict([('TrialType', 'mix'), ('CertainAmt', 0.0), ('TopAmt', -1.5), ('BottomAmt', 3.0), ('Outcome', 'top'), ('RiskSide', 'left'), ('ITI', 1.88), ('Rating', 0)])
88.8596 	EXP 	Cross: autoDraw = False
88.8596 	EXP 	Cross: autoDraw = False
88.8596 	EXP 	SafeText: height = 0.06
88.8596 	EXP 	SafeText: height = 0.06
88.8596 	EXP 	SafeText: height = 0.06
88.8596 	EXP 	SafeText: text = '$0.00'
88.8596 	EXP 	TopText: height = 0.06
88.8596 	EXP 	TopText: height = 0.06
88.8596 	EXP 	TopText: height = 0.06
88.8596 	EXP 	TopText: text = '$-1.50'
88.8596 	EXP 	BottomText: height = 0.06
88.8596 	EXP 	BottomText: height = 0.06
88.8596 	EXP 	BottomText: height = 0.06
88.8596 	EXP 	BottomText: text = '$3.00'
88.8596 	EXP 	Win: height = 0.03
88.8596 	EXP 	Win: height = 0.03
88.8596 	EXP 	Win: height = 0.03
88.8596 	EXP 	Win: text = 'Total\n$9.50'
88.8596 	EXP 	LeftHalf: autoDraw = True
88.8596 	EXP 	RightHalf: autoDraw = True
88.8596 	EXP 	Safe: autoDraw = True
88.8596 	EXP 	Top: autoDraw = True
88.8596 	EXP 	Bottom: autoDraw = True
88.8596 	EXP 	SafeText: autoDraw = True
88.8596 	EXP 	TopText: autoDraw = True
88.8596 	EXP 	BottomText: autoDraw = True
88.8596 	EXP 	Total: autoDraw = True
88.8596 	EXP 	Win: autoDraw = True
89.9633 	DATA 	Keypress: escape
90.9230 	EXP 	window1: mouseVisible = True
