2.5982 	WARNING 	We strongly recommend you activate the PTB sound engine in PsychoPy prefs as the preferred audio engine. Its timing is vastly superior. Your prefs are currently set to use ['sounddevice', 'PTB', 'pyo', 'pygame'] (in that order).
10.1792 	EXP 	Created window1 = Window(allowGUI=True, allowStencil=False, autoLog=True, backendConf=UNKNOWN, bitsMode=UNKNOWN, blendMode='avg', bpc=(8, 8, 8), color=array([0, 0, 0]), colorSpace='rgb', depthBits=8, fullscr=<method-wrapper '__getattribute__' of attributeSetter object at 0x000001E5B7987100>, gamma=None, gammaErrorPolicy='raise', lms=UNKNOWN, monitor=<psychopy.monitors.calibTools.Monitor object at 0x000001E5BADBE670>, multiSample=False, name='window1', numSamples=2, pos=(192, 108), screen=0, size=array([1536,  864]), stencilBits=0, stereo=False, units='height', useFBO=True, useRetina=False, viewOri=0.0, viewPos=None, viewScale=None, waitBlanking=True, winType='pyglet')
10.1793 	EXP 	window1: mouseVisible = True
10.1793 	EXP 	window1: mouseVisible = True
10.1794 	EXP 	window1: Attempting to measure frame rate of screen (0) ...
10.1794 	EXP 	window1: recordFrameIntervals = False
10.3459 	EXP 	window1: recordFrameIntervals = True
10.5286 	EXP 	Screen (0) actual frame rate measured at 60.09Hz
10.5286 	EXP 	window1: recordFrameIntervals = False
10.6283 	WARNING 	launchHubServer: If using the iohub mouse or eyetracker devices, fullScr should be True.
13.5471 	EXP 	Created LeftHalf = Rect(__class__=<class 'psychopy.visual.rect.Rect'>, anchor=('center', 'center'), autoDraw=False, autoLog=True, closeShape=True, color=method-wrapper(...), colorSpace='rgb', contrast=None, depth=-1.0, fillColor=array([1, 1, 1]), fillColorSpace='rgb', fillRGB=array([1, 1, 1]), interpolate=True, lineColor=array([-1, -1, -1]), lineColorSpace='rgb', lineRGB=array([-1, -1, -1]), lineWidth=1.0, name='LeftHalf', opacity=1.0, ori=0.0, pos=array([-0.25,  0.  ]), size=array([0.5, 0.8]), units='height', vertices=ndarray(...), win=Window(...))
13.5487 	EXP 	Created RightHalf = Rect(__class__=<class 'psychopy.visual.rect.Rect'>, anchor=('center', 'center'), autoDraw=False, autoLog=True, closeShape=True, color=method-wrapper(...), colorSpace='rgb', contrast=None, depth=-2.0, fillColor=array([1, 1, 1]), fillColorSpace='rgb', fillRGB=array([1, 1, 1]), interpolate=True, lineColor=array([-1, -1, -1]), lineColorSpace='rgb', lineRGB=array([-1, -1, -1]), lineWidth=1.0, name='RightHalf', opacity=1.0, ori=0.0, pos=array([0.25, 0.  ]), size=array([0.5, 0.8]), units='height', vertices=ndarray(...), win=Window(...))
13.5506 	EXP 	Created Safe = Rect(__class__=<class 'psychopy.visual.rect.Rect'>, anchor=('center', 'center'), autoDraw=False, autoLog=True, closeShape=True, color=method-wrapper(...), colorSpace='rgb', contrast=None, depth=-3.0, fillColor=array([1, 1, 1]), fillColorSpace='rgb', fillRGB=array([1, 1, 1]), interpolate=True, lineColor=array([-1, -1, -1]), lineColorSpace='rgb', lineRGB=array([-1, -1, -1]), lineWidth=5.0, name='Safe', opacity=1.0, ori=0.0, pos=array([0., 0.]), size=array([0.2, 0.2]), units='height', vertices=ndarray(...), win=Window(...))
13.5527 	EXP 	Created Top = Rect(__class__=<class 'psychopy.visual.rect.Rect'>, anchor=('center', 'center'), autoDraw=False, autoLog=True, closeShape=True, color=method-wrapper(...), colorSpace='rgb', contrast=None, depth=-4.0, fillColor=array([1, 1, 1]), fillColorSpace='rgb', fillRGB=array([1, 1, 1]), interpolate=True, lineColor=array([-1, -1, -1]), lineColorSpace='rgb', lineRGB=array([-1, -1, -1]), lineWidth=5.0, name='Top', opacity=1.0, ori=0.0, pos=array([0., 0.]), size=array([0.2, 0.2]), units='height', vertices=ndarray(...), win=Window(...))
13.5543 	EXP 	Created Bottom = Rect(__class__=<class 'psychopy.visual.rect.Rect'>, anchor=('center', 'center'), autoDraw=False, autoLog=True, closeShape=True, color=method-wrapper(...), colorSpace='rgb', contrast=None, depth=-5.0, fillColor=array([1, 1, 1]), fillColorSpace='rgb', fillRGB=array([1, 1, 1]), interpolate=True, lineColor=array([-1, -1, -1]), lineColorSpace='rgb', lineRGB=array([-1, -1, -1]), lineWidth=5.0, name='Bottom', opacity=1.0, ori=0.0, pos=array([0., 0.]), size=array([0.2, 0.2]), units='height', vertices=ndarray(...), win=Window(...))
13.5795 	EXP 	Created SafeText = TextStim(__class__=<class 'psychopy.visual.text.TextStim'>, alignHoriz=method-wrapper(...), alignText='center', alignVert=method-wrapper(...), anchorHoriz='center', anchorVert='center', antialias=True, autoDraw=False, autoLog=True, bold=False, color=array([-1, -1, -1]), colorSpace='rgb', contrast=1.0, depth=-6.0, flipHoriz=False, flipVert=False, font='Open Sans', fontFiles=[], height=0.06, italic=False, languageStyle='LTR', name='SafeText', opacity=1.0, ori=0.0, pos=array([0., 0.]), rgb=UNKNOWN, text='', units='height', win=Window(...), wrapWidth=1)
13.5804 	EXP 	Created TopText = TextStim(__class__=<class 'psychopy.visual.text.TextStim'>, alignHoriz=method-wrapper(...), alignText='center', alignVert=method-wrapper(...), anchorHoriz='center', anchorVert='center', antialias=True, autoDraw=False, autoLog=True, bold=False, color=array([-1, -1, -1]), colorSpace='rgb', contrast=1.0, depth=-7.0, flipHoriz=False, flipVert=False, font='Open Sans', fontFiles=[], height=0.06, italic=False, languageStyle='LTR', name='TopText', opacity=1.0, ori=0.0, pos=array([0., 0.]), rgb=UNKNOWN, text='', units='height', win=Window(...), wrapWidth=1)
13.5812 	EXP 	Created BottomText = TextStim(__class__=<class 'psychopy.visual.text.TextStim'>, alignHoriz=method-wrapper(...), alignText='center', alignVert=method-wrapper(...), anchorHoriz='center', anchorVert='center', antialias=True, autoDraw=False, autoLog=True, bold=False, color=array([-1, -1, -1]), colorSpace='rgb', contrast=1.0, depth=-8.0, flipHoriz=False, flipVert=False, font='Open Sans', fontFiles=[], height=0.06, italic=False, languageStyle='LTR', name='BottomText', opacity=1.0, ori=0.0, pos=array([0., 0.]), rgb=UNKNOWN, text='', units='height', win=Window(...), wrapWidth=1)
13.5827 	EXP 	Created Total = Rect(__class__=<class 'psychopy.visual.rect.Rect'>, anchor=('center', 'center'), autoDraw=False, autoLog=True, closeShape=True, color=method-wrapper(...), colorSpace='rgb', contrast=None, depth=-9.0, fillColor=array([0, 0, 0]), fillColorSpace='rgb', fillRGB=array([0, 0, 0]), interpolate=True, lineColor=array([1, 1, 1]), lineColorSpace='rgb', lineRGB=array([1, 1, 1]), lineWidth=1.0, name='Total', opacity=1.0, ori=0.0, pos=array([-0.45,  0.3 ]), size=array([0.1, 0.2]), units='height', vertices=ndarray(...), win=Window(...))
13.5842 	EXP 	Created Win = TextStim(__class__=<class 'psychopy.visual.text.TextStim'>, alignHoriz=method-wrapper(...), alignText='center', alignVert=method-wrapper(...), anchorHoriz='center', anchorVert='center', antialias=True, autoDraw=False, autoLog=True, bold=False, color=array([1, 1, 1]), colorSpace='rgb', contrast=1.0, depth=-10.0, flipHoriz=False, flipVert=False, font='Open Sans', fontFiles=[], height=0.03, italic=False, languageStyle='LTR', name='Win', opacity=1.0, ori=0.0, pos=array([-0.45,  0.3 ]), rgb=UNKNOWN, text='', units='height', win=Window(...), wrapWidth=0.22)
13.5844 	EXP 	window1: mouseVisible = True
13.5871 	EXP 	Created LeftHalf_2 = Rect(__class__=<class 'psychopy.visual.rect.Rect'>, anchor=('center', 'center'), autoDraw=False, autoLog=True, closeShape=True, color=method-wrapper(...), colorSpace='rgb', contrast=None, depth=0.0, fillColor=array([1, 1, 1]), fillColorSpace='rgb', fillRGB=array([1, 1, 1]), interpolate=True, lineColor=array([-1, -1, -1]), lineColorSpace='rgb', lineRGB=array([-1, -1, -1]), lineWidth=1.0, name='LeftHalf_2', opacity=1.0, ori=0.0, pos=array([-0.25,  0.  ]), size=array([0.5, 0.8]), units='height', vertices=ndarray(...), win=Window(...))
13.5890 	EXP 	Created RightHalf_2 = Rect(__class__=<class 'psychopy.visual.rect.Rect'>, anchor=('center', 'center'), autoDraw=False, autoLog=True, closeShape=True, color=method-wrapper(...), colorSpace='rgb', contrast=None, depth=-1.0, fillColor=array([1, 1, 1]), fillColorSpace='rgb', fillRGB=array([1, 1, 1]), interpolate=True, lineColor=array([-1, -1, -1]), lineColorSpace='rgb', lineRGB=array([-1, -1, -1]), lineWidth=1.0, name='RightHalf_2', opacity=1.0, ori=0.0, pos=array([0.25, 0.  ]), size=array([0.5, 0.8]), units='height', vertices=ndarray(...), win=Window(...))
13.5908 	EXP 	Created Safe_2 = Rect(__class__=<class 'psychopy.visual.rect.Rect'>, anchor=('center', 'center'), autoDraw=False, autoLog=True, closeShape=True, color=method-wrapper(...), colorSpace='rgb', contrast=None, depth=-2.0, fillColor=array([1, 1, 1]), fillColorSpace='rgb', fillRGB=array([1, 1, 1]), interpolate=True, lineColor=array([1, 1, 1]), lineColorSpace='rgb', lineRGB=array([1, 1, 1]), lineWidth=5.0, name='Safe_2', opacity=1.0, ori=0.0, pos=array([0., 0.]), size=array([0.2, 0.2]), units='height', vertices=ndarray(...), win=Window(...))
13.5925 	EXP 	Created Top_2 = Rect(__class__=<class 'psychopy.visual.rect.Rect'>, anchor=('center', 'center'), autoDraw=False, autoLog=True, closeShape=True, color=method-wrapper(...), colorSpace='rgb', contrast=None, depth=-3.0, fillColor=array([1, 1, 1]), fillColorSpace='rgb', fillRGB=array([1, 1, 1]), interpolate=True, lineColor=array([1, 1, 1]), lineColorSpace='rgb', lineRGB=array([1, 1, 1]), lineWidth=5.0, name='Top_2', opacity=1.0, ori=0.0, pos=array([0., 0.]), size=array([0.2, 0.2]), units='height', vertices=ndarray(...), win=Window(...))
13.5940 	EXP 	Created Bottom_2 = Rect(__class__=<class 'psychopy.visual.rect.Rect'>, anchor=('center', 'center'), autoDraw=False, autoLog=True, closeShape=True, color=method-wrapper(...), colorSpace='rgb', contrast=None, depth=-4.0, fillColor=array([1, 1, 1]), fillColorSpace='rgb', fillRGB=array([1, 1, 1]), interpolate=True, lineColor=array([1, 1, 1]), lineColorSpace='rgb', lineRGB=array([1, 1, 1]), lineWidth=5.0, name='Bottom_2', opacity=1.0, ori=0.0, pos=array([0., 0.]), size=array([0.2, 0.2]), units='height', vertices=ndarray(...), win=Window(...))
13.5949 	EXP 	Created SafeText_2 = TextStim(__class__=<class 'psychopy.visual.text.TextStim'>, alignHoriz=method-wrapper(...), alignText='center', alignVert=method-wrapper(...), anchorHoriz='center', anchorVert='center', antialias=True, autoDraw=False, autoLog=True, bold=False, color=array([-1, -1, -1]), colorSpace='rgb', contrast=1.0, depth=-5.0, flipHoriz=False, flipVert=False, font='Open Sans', fontFiles=[], height=0.06, italic=False, languageStyle='LTR', name='SafeText_2', opacity=1.0, ori=0.0, pos=array([0., 0.]), rgb=UNKNOWN, text='', units='height', win=Window(...), wrapWidth=1)
13.5957 	EXP 	Created TopText_2 = TextStim(__class__=<class 'psychopy.visual.text.TextStim'>, alignHoriz=method-wrapper(...), alignText='center', alignVert=method-wrapper(...), anchorHoriz='center', anchorVert='center', antialias=True, autoDraw=False, autoLog=True, bold=False, color=array([-1, -1, -1]), colorSpace='rgb', contrast=1.0, depth=-6.0, flipHoriz=False, flipVert=False, font='Open Sans', fontFiles=[], height=0.06, italic=False, languageStyle='LTR', name='TopText_2', opacity=1.0, ori=0.0, pos=array([0., 0.]), rgb=UNKNOWN, text='', units='height', win=Window(...), wrapWidth=1)
13.5965 	EXP 	Created BottomText_2 = TextStim(__class__=<class 'psychopy.visual.text.TextStim'>, alignHoriz=method-wrapper(...), alignText='center', alignVert=method-wrapper(...), anchorHoriz='center', anchorVert='center', antialias=True, autoDraw=False, autoLog=True, bold=False, color=array([-1, -1, -1]), colorSpace='rgb', contrast=1.0, depth=-7.0, flipHoriz=False, flipVert=False, font='Open Sans', fontFiles=[], height=0.06, italic=False, languageStyle='LTR', name='BottomText_2', opacity=1.0, ori=0.0, pos=array([0., 0.]), rgb=UNKNOWN, text='', units='height', win=Window(...), wrapWidth=1)
13.5979 	EXP 	Created Total_2 = Rect(__class__=<class 'psychopy.visual.rect.Rect'>, anchor=('center', 'center'), autoDraw=False, autoLog=True, closeShape=True, color=method-wrapper(...), colorSpace='rgb', contrast=None, depth=-8.0, fillColor=array([0, 0, 0]), fillColorSpace='rgb', fillRGB=array([0, 0, 0]), interpolate=True, lineColor=array([1, 1, 1]), lineColorSpace='rgb', lineRGB=array([1, 1, 1]), lineWidth=1.0, name='Total_2', opacity=1.0, ori=0.0, pos=array([-0.45,  0.3 ]), size=array([0.1, 0.2]), units='height', vertices=ndarray(...), win=Window(...))
13.5987 	EXP 	Created Win_2 = TextStim(__class__=<class 'psychopy.visual.text.TextStim'>, alignHoriz=method-wrapper(...), alignText='center', alignVert=method-wrapper(...), anchorHoriz='center', anchorVert='center', antialias=True, autoDraw=False, autoLog=True, bold=False, color=array([1, 1, 1]), colorSpace='rgb', contrast=1.0, depth=-9.0, flipHoriz=False, flipVert=False, font='Open Sans', fontFiles=[], height=0.03, italic=False, languageStyle='LTR', name='Win_2', opacity=1.0, ori=0.0, pos=array([-0.45,  0.3 ]), rgb=UNKNOWN, text='', units='height', win=Window(...), wrapWidth=0.22)
13.6003 	EXP 	Created WinMsg = TextStim(__class__=<class 'psychopy.visual.text.TextStim'>, alignHoriz=method-wrapper(...), alignText='center', alignVert=method-wrapper(...), anchorHoriz='center', anchorVert='center', antialias=True, autoDraw=False, autoLog=True, bold=False, color=array([1, 1, 1]), colorSpace='rgb', contrast=1.0, depth=-10.0, flipHoriz=False, flipVert=False, font='Open Sans', fontFiles=[], height=0.04, italic=False, languageStyle='LTR', name='WinMsg', opacity=1.0, ori=0.0, pos=array([0., 0.]), rgb=UNKNOWN, text='', units='height', win=Window(...), wrapWidth=0.2)
13.6019 	EXP 	Created LeftHalf_3 = Rect(__class__=<class 'psychopy.visual.rect.Rect'>, anchor=('center', 'center'), autoDraw=False, autoLog=True, closeShape=True, color=method-wrapper(...), colorSpace='rgb', contrast=None, depth=-1.0, fillColor=array([1, 1, 1]), fillColorSpace='rgb', fillRGB=array([1, 1, 1]), interpolate=True, lineColor=array([-1, -1, -1]), lineColorSpace='rgb', lineRGB=array([-1, -1, -1]), lineWidth=1.0, name='LeftHalf_3', opacity=1.0, ori=0.0, pos=array([-0.25,  0.  ]), size=array([0.5, 0.8]), units='height', vertices=ndarray(...), win=Window(...))
13.6034 	EXP 	Created RightHalf_3 = Rect(__class__=<class 'psychopy.visual.rect.Rect'>, anchor=('center', 'center'), autoDraw=False, autoLog=True, closeShape=True, color=method-wrapper(...), colorSpace='rgb', contrast=None, depth=-2.0, fillColor=array([1, 1, 1]), fillColorSpace='rgb', fillRGB=array([1, 1, 1]), interpolate=True, lineColor=array([-1, -1, -1]), lineColorSpace='rgb', lineRGB=array([-1, -1, -1]), lineWidth=1.0, name='RightHalf_3', opacity=1.0, ori=0.0, pos=array([0.25, 0.  ]), size=array([0.5, 0.8]), units='height', vertices=ndarray(...), win=Window(...))
13.6050 	EXP 	Created Safe_3 = Rect(__class__=<class 'psychopy.visual.rect.Rect'>, anchor=('center', 'center'), autoDraw=False, autoLog=True, closeShape=True, color=method-wrapper(...), colorSpace='rgb', contrast=None, depth=-3.0, fillColor=array([1, 1, 1]), fillColorSpace='rgb', fillRGB=array([1, 1, 1]), interpolate=True, lineColor=array([1, 1, 1]), lineColorSpace='rgb', lineRGB=array([1, 1, 1]), lineWidth=5.0, name='Safe_3', opacity=1.0, ori=0.0, pos=array([0., 0.]), size=array([0.2, 0.2]), units='height', vertices=ndarray(...), win=Window(...))
13.6070 	EXP 	Created Top_3 = Rect(__class__=<class 'psychopy.visual.rect.Rect'>, anchor=('center', 'center'), autoDraw=False, autoLog=True, closeShape=True, color=method-wrapper(...), colorSpace='rgb', contrast=None, depth=-4.0, fillColor=array([1, 1, 1]), fillColorSpace='rgb', fillRGB=array([1, 1, 1]), interpolate=True, lineColor=array([1, 1, 1]), lineColorSpace='rgb', lineRGB=array([1, 1, 1]), lineWidth=5.0, name='Top_3', opacity=1.0, ori=0.0, pos=array([0., 0.]), size=array([0.2, 0.2]), units='height', vertices=ndarray(...), win=Window(...))
13.6086 	EXP 	Created Bottom_3 = Rect(__class__=<class 'psychopy.visual.rect.Rect'>, anchor=('center', 'center'), autoDraw=False, autoLog=True, closeShape=True, color=method-wrapper(...), colorSpace='rgb', contrast=None, depth=-5.0, fillColor=array([1, 1, 1]), fillColorSpace='rgb', fillRGB=array([1, 1, 1]), interpolate=True, lineColor=array([1, 1, 1]), lineColorSpace='rgb', lineRGB=array([1, 1, 1]), lineWidth=5.0, name='Bottom_3', opacity=1.0, ori=0.0, pos=array([0., 0.]), size=array([0.2, 0.2]), units='height', vertices=ndarray(...), win=Window(...))
13.6096 	EXP 	Created SafeText_3 = TextStim(__class__=<class 'psychopy.visual.text.TextStim'>, alignHoriz=method-wrapper(...), alignText='center', alignVert=method-wrapper(...), anchorHoriz='center', anchorVert='center', antialias=True, autoDraw=False, autoLog=True, bold=False, color=array([-1, -1, -1]), colorSpace='rgb', contrast=1.0, depth=-6.0, flipHoriz=False, flipVert=False, font='Open Sans', fontFiles=[], height=0.06, italic=False, languageStyle='LTR', name='SafeText_3', opacity=1.0, ori=0.0, pos=array([0., 0.]), rgb=UNKNOWN, text='', units='height', win=Window(...), wrapWidth=1)
13.6104 	EXP 	Created TopText_3 = TextStim(__class__=<class 'psychopy.visual.text.TextStim'>, alignHoriz=method-wrapper(...), alignText='center', alignVert=method-wrapper(...), anchorHoriz='center', anchorVert='center', antialias=True, autoDraw=False, autoLog=True, bold=False, color=array([-1, -1, -1]), colorSpace='rgb', contrast=1.0, depth=-7.0, flipHoriz=False, flipVert=False, font='Open Sans', fontFiles=[], height=0.06, italic=False, languageStyle='LTR', name='TopText_3', opacity=1.0, ori=0.0, pos=array([0., 0.]), rgb=UNKNOWN, text='', units='height', win=Window(...), wrapWidth=1)
13.6113 	EXP 	Created BottomText_3 = TextStim(__class__=<class 'psychopy.visual.text.TextStim'>, alignHoriz=method-wrapper(...), alignText='center', alignVert=method-wrapper(...), anchorHoriz='center', anchorVert='center', antialias=True, autoDraw=False, autoLog=True, bold=False, color=array([-1, -1, -1]), colorSpace='rgb', contrast=1.0, depth=-8.0, flipHoriz=False, flipVert=False, font='Open Sans', fontFiles=[], height=0.06, italic=False, languageStyle='LTR', name='BottomText_3', opacity=1.0, ori=0.0, pos=array([0., 0.]), rgb=UNKNOWN, text='', units='height', win=Window(...), wrapWidth=1)
13.6129 	EXP 	Created Total_3 = Rect(__class__=<class 'psychopy.visual.rect.Rect'>, anchor=('center', 'center'), autoDraw=False, autoLog=True, closeShape=True, color=method-wrapper(...), colorSpace='rgb', contrast=None, depth=-9.0, fillColor=array([ 0.2   , -0.6078,  0.6   ]), fillColorSpace='rgb', fillRGB=array([ 0.2   , -0.6078,  0.6   ]), interpolate=True, lineColor=array([1, 1, 1]), lineColorSpace='rgb', lineRGB=array([1, 1, 1]), lineWidth=1.0, name='Total_3', opacity=1.0, ori=0.0, pos=array([-0.45,  0.3 ]), size=array([0.1, 0.2]), units='height', vertices=ndarray(...), win=Window(...))
13.6137 	EXP 	Created Win_3 = TextStim(__class__=<class 'psychopy.visual.text.TextStim'>, alignHoriz=method-wrapper(...), alignText='center', alignVert=method-wrapper(...), anchorHoriz='center', anchorVert='center', antialias=True, autoDraw=False, autoLog=True, bold=False, color=array([1, 1, 1]), colorSpace='rgb', contrast=1.0, depth=-10.0, flipHoriz=False, flipVert=False, font='Open Sans', fontFiles=[], height=0.03, italic=False, languageStyle='LTR', name='Win_3', opacity=1.0, ori=0.0, pos=array([-0.45,  0.3 ]), rgb=UNKNOWN, text='', units='height', win=Window(...), wrapWidth=0.22)
13.6145 	EXP 	Created WinMsg_2 = TextStim(__class__=<class 'psychopy.visual.text.TextStim'>, alignHoriz=method-wrapper(...), alignText='center', alignVert=method-wrapper(...), anchorHoriz='center', anchorVert='center', antialias=True, autoDraw=False, autoLog=True, bold=False, color=array([1, 1, 1]), colorSpace='rgb', contrast=1.0, depth=-11.0, flipHoriz=False, flipVert=False, font='Open Sans', fontFiles=[], height=0.04, italic=False, languageStyle='LTR', name='WinMsg_2', opacity=1.0, ori=0.0, pos=array([0., 0.]), rgb=UNKNOWN, text='', units='height', win=Window(...), wrapWidth=0.2)
13.6919 	EXP 	Created timeoutText = TextStim(__class__=<class 'psychopy.visual.text.TextStim'>, alignHoriz=method-wrapper(...), alignText='center', alignVert=method-wrapper(...), anchorHoriz='center', anchorVert='center', antialias=True, autoDraw=False, autoLog=True, bold=False, color=array([1, 1, 1]), colorSpace='rgb', contrast=1.0, depth=0.0, flipHoriz=False, flipVert=False, font='Open Sans', fontFiles=[], height=0.05, italic=False, languageStyle='LTR', name='timeoutText', opacity=1.0, ori=0.0, pos=array([0., 0.]), rgb=UNKNOWN, text='Please respond faster', units='height', win=Window(...), wrapWidth=1)
13.6984 	EXP 	window1: mouseVisible = True
14.1749 	EXP 	Created HowHappySlider = Slider(__class__=<class 'psychopy.visual.slider.Slider'>, autoDraw=False, autoLog=True, borderColor=None, color=None, colorSpace='rgb', depth=0, fillColor=None, flip=False, font='Open Sans', granularity=0.0, labelColor=None, labelHeight=0.05, labelWrapWidth=None, labels=(1, 2, 3, 4, 5, 6, 7, 8, 9, 10), lineColor=None, markerColor=None, name='HowHappySlider', opacity=None, ori=0.0, pos=array([ 0. , -0.2]), readOnly=False, self=UNKNOWN, size=array([1. , 0.1]), startValue=None, style='rating', styleTweaks=[], ticks=array([ 1,  2,  3,  4,  5,  6,  7,  8,  9, 10]), units='height', win=Window(...))
14.1886 	EXP 	Created UnHappy = TextStim(__class__=<class 'psychopy.visual.text.TextStim'>, alignHoriz=method-wrapper(...), alignText='center', alignVert=method-wrapper(...), anchorHoriz='center', anchorVert='center', antialias=True, autoDraw=False, autoLog=True, bold=False, color=array([1, 1, 1]), colorSpace='rgb', contrast=1.0, depth=-2.0, flipHoriz=False, flipVert=False, font='Open Sans', fontFiles=[], height=0.05, italic=False, languageStyle='LTR', name='UnHappy', opacity=1.0, ori=0.0, pos=array([-0.6,  0. ]), rgb=UNKNOWN, text='Very Unhappy', units='height', win=Window(...), wrapWidth=1)
14.1971 	EXP 	Created Happy = TextStim(__class__=<class 'psychopy.visual.text.TextStim'>, alignHoriz=method-wrapper(...), alignText='center', alignVert=method-wrapper(...), anchorHoriz='center', anchorVert='center', antialias=True, autoDraw=False, autoLog=True, bold=False, color=array([1, 1, 1]), colorSpace='rgb', contrast=1.0, depth=-3.0, flipHoriz=False, flipVert=False, font='Open Sans', fontFiles=[], height=0.05, italic=False, languageStyle='LTR', name='Happy', opacity=1.0, ori=0.0, pos=array([0.6, 0. ]), rgb=UNKNOWN, text='Very Happy', units='height', win=Window(...), wrapWidth=1)
14.2156 	EXP 	Created SpacetoExit = TextStim(__class__=<class 'psychopy.visual.text.TextStim'>, alignHoriz=method-wrapper(...), alignText='center', alignVert=method-wrapper(...), anchorHoriz='center', anchorVert='center', antialias=True, autoDraw=False, autoLog=True, bold=False, color=array([1, 1, 1]), colorSpace='rgb', contrast=1.0, depth=-5.0, flipHoriz=False, flipVert=False, font='Open Sans', fontFiles=[], height=0.04, italic=False, languageStyle='LTR', name='SpacetoExit', opacity=1.0, ori=0.0, pos=array([ 0. , -0.4]), rgb=UNKNOWN, text='Press SPACEBAR to Continue', units='height', win=Window(...), wrapWidth=1)
14.2243 	EXP 	Created Cross = TextStim(__class__=<class 'psychopy.visual.text.TextStim'>, alignHoriz=method-wrapper(...), alignText='center', alignVert=method-wrapper(...), anchorHoriz='center', anchorVert='center', antialias=True, autoDraw=False, autoLog=True, bold=False, color=array([-1, -1, -1]), colorSpace='rgb', contrast=1.0, depth=0.0, flipHoriz=False, flipVert=False, font='Open Sans', fontFiles=[], height=0.1, italic=False, languageStyle='LTR', name='Cross', opacity=1.0, ori=0.0, pos=array([0., 0.]), rgb=UNKNOWN, text='+', units='height', win=Window(...), wrapWidth=1)
14.2412 	EXP 	Imported control_files/trialControlwRating.csv as conditions, 150 conditions, 8 params
14.2428 	EXP 	Created sequence: random, trialTypes=150, nReps=1, seed=None
14.2433 	EXP 	New trial (rep=0, index=0): OrderedDict([('TrialType', 'loss'), ('CertainAmt', -0.2), ('TopAmt', -0.36), ('BottomAmt', 0.0), ('Outcome', 'top'), ('RiskSide', 'right'), ('ITI', 1.04), ('Rating', 0)])
14.3003 	EXP 	HowHappySlider: autoLog = True
14.3003 	EXP 	HowHappySlider: markerPos = None
14.3003 	EXP 	HowHappySlider: styleTweaks = []
14.3003 	EXP 	HowHappySlider: styleTweaks = []
14.3003 	EXP 	HowHappySlider: styleTweaks = []
14.3003 	EXP 	HowHappySlider: styleTweaks = []
14.3003 	EXP 	HowHappySlider: contrast = 1.0
14.3003 	EXP 	HowHappySlider: autoLog = True
14.3003 	EXP 	SafeText: height = 0.06
14.3003 	EXP 	SafeText: height = 0.06
14.3003 	EXP 	SafeText: height = 0.06
14.3003 	EXP 	SafeText: text = '$-0.20'
14.3003 	EXP 	TopText: height = 0.06
14.3003 	EXP 	TopText: height = 0.06
14.3003 	EXP 	TopText: height = 0.06
14.3003 	EXP 	TopText: text = '$-0.36'
14.3003 	EXP 	BottomText: height = 0.06
14.3003 	EXP 	BottomText: height = 0.06
14.3003 	EXP 	BottomText: height = 0.06
14.3003 	EXP 	BottomText: text = '$0.00'
14.3003 	EXP 	Win: height = 0.03
14.3003 	EXP 	Win: height = 0.03
14.3003 	EXP 	Win: height = 0.03
14.3003 	EXP 	Win: text = 'Total\n$10.00'
14.3003 	EXP 	LeftHalf: autoDraw = True
14.3003 	EXP 	RightHalf: autoDraw = True
14.3003 	EXP 	Safe: autoDraw = True
14.3003 	EXP 	Top: autoDraw = True
14.3003 	EXP 	Bottom: autoDraw = True
14.3003 	EXP 	SafeText: autoDraw = True
14.3003 	EXP 	TopText: autoDraw = True
14.3003 	EXP 	BottomText: autoDraw = True
14.3003 	EXP 	Total: autoDraw = True
14.3003 	EXP 	Win: autoDraw = True
14.9522 	DATA 	Keypress: right
14.9671 	EXP 	Created sequence: random, trialTypes=1, nReps=1, seed=None
14.9673 	EXP 	New trial (rep=0, index=0): None
14.9968 	EXP 	LeftHalf: autoDraw = False
14.9968 	EXP 	RightHalf: autoDraw = False
14.9968 	EXP 	Safe: autoDraw = False
14.9968 	EXP 	Top: autoDraw = False
14.9968 	EXP 	Bottom: autoDraw = False
14.9968 	EXP 	SafeText: autoDraw = False
14.9968 	EXP 	TopText: autoDraw = False
14.9968 	EXP 	BottomText: autoDraw = False
14.9968 	EXP 	Total: autoDraw = False
14.9968 	EXP 	Win: autoDraw = False
14.9968 	EXP 	Safe_2: borderColor = <psychopy.colors.Color: black, alpha=1.0>
14.9968 	EXP 	Top_2: borderColor = <psychopy.colors.Color: yellow, alpha=1.0>
14.9968 	EXP 	Bottom_2: borderColor = <psychopy.colors.Color: yellow, alpha=1.0>
14.9968 	EXP 	SafeText_2: height = 0.06
14.9968 	EXP 	SafeText_2: height = 0.06
14.9968 	EXP 	SafeText_2: height = 0.06
14.9968 	EXP 	SafeText_2: text = '$-0.20'
14.9968 	EXP 	TopText_2: height = 0.06
14.9968 	EXP 	TopText_2: height = 0.06
14.9968 	EXP 	TopText_2: height = 0.06
14.9968 	EXP 	TopText_2: text = '$-0.36'
14.9968 	EXP 	BottomText_2: height = 0.06
14.9968 	EXP 	BottomText_2: height = 0.06
14.9968 	EXP 	BottomText_2: height = 0.06
14.9968 	EXP 	BottomText_2: text = '$0.00'
14.9968 	EXP 	Win_2: height = 0.03
14.9968 	EXP 	Win_2: height = 0.03
14.9968 	EXP 	Win_2: height = 0.03
14.9968 	EXP 	Win_2: text = 'Total\n$9.64'
14.9968 	EXP 	WinMsg: foreColor = <psychopy.colors.Color: black, alpha=1.0>
14.9968 	EXP 	WinMsg: text = ''
14.9968 	EXP 	LeftHalf_2: autoDraw = True
14.9968 	EXP 	RightHalf_2: autoDraw = True
14.9968 	EXP 	Safe_2: autoDraw = True
14.9968 	EXP 	Top_2: autoDraw = True
14.9968 	EXP 	Bottom_2: autoDraw = True
14.9968 	EXP 	SafeText_2: autoDraw = True
14.9968 	EXP 	TopText_2: autoDraw = True
14.9968 	EXP 	BottomText_2: autoDraw = True
14.9968 	EXP 	Total_2: autoDraw = True
14.9968 	EXP 	Win_2: autoDraw = True
14.9968 	EXP 	WinMsg: autoDraw = True
14.9968 	EXP 	WinMsg: height = 0.04
14.9968 	EXP 	WinMsg: height = 0.04
14.9968 	EXP 	WinMsg: height = 0.04
14.9968 	EXP 	WinMsg: text = ''
17.0306 	EXP 	LeftHalf_2: autoDraw = False
17.0306 	EXP 	RightHalf_2: autoDraw = False
17.0306 	EXP 	Safe_2: autoDraw = False
17.0306 	EXP 	Top_2: autoDraw = False
17.0306 	EXP 	Bottom_2: autoDraw = False
17.0306 	EXP 	SafeText_2: autoDraw = False
17.0306 	EXP 	TopText_2: autoDraw = False
17.0306 	EXP 	BottomText_2: autoDraw = False
17.0306 	EXP 	Total_2: autoDraw = False
17.0306 	EXP 	Win_2: autoDraw = False
17.0306 	EXP 	WinMsg: autoDraw = False
17.0306 	EXP 	Safe_3: borderColor = <psychopy.colors.Color: black, alpha=1.0>
17.0306 	EXP 	Top_3: borderColor = <psychopy.colors.Color: red, alpha=1.0>
17.0306 	EXP 	Bottom_3: borderColor = <psychopy.colors.Color: black, alpha=1.0>
17.0306 	EXP 	SafeText_3: height = 0.06
17.0306 	EXP 	SafeText_3: height = 0.06
17.0306 	EXP 	SafeText_3: height = 0.06
17.0306 	EXP 	SafeText_3: text = '$-0.20'
17.0306 	EXP 	TopText_3: height = 0.06
17.0306 	EXP 	TopText_3: height = 0.06
17.0306 	EXP 	TopText_3: height = 0.06
17.0306 	EXP 	TopText_3: text = '$-0.36'
17.0306 	EXP 	BottomText_3: height = 0.06
17.0306 	EXP 	BottomText_3: height = 0.06
17.0306 	EXP 	BottomText_3: height = 0.06
17.0306 	EXP 	BottomText_3: text = '$0.00'
17.0306 	EXP 	Win_3: height = 0.03
17.0306 	EXP 	Win_3: height = 0.03
17.0306 	EXP 	Win_3: height = 0.03
17.0306 	EXP 	Win_3: text = 'Total\n$9.64'
17.0306 	EXP 	WinMsg_2: foreColor = <psychopy.colors.Color: red, alpha=1.0>
17.0306 	EXP 	WinMsg_2: height = 0.04
17.0306 	EXP 	WinMsg_2: height = 0.04
17.0306 	EXP 	WinMsg_2: height = 0.04
17.0306 	EXP 	WinMsg_2: text = 'You lost $-0.36!'
17.0306 	EXP 	LeftHalf_3: autoDraw = True
17.0306 	EXP 	RightHalf_3: autoDraw = True
17.0306 	EXP 	Safe_3: autoDraw = True
17.0306 	EXP 	Top_3: autoDraw = True
17.0306 	EXP 	Bottom_3: autoDraw = True
17.0306 	EXP 	SafeText_3: autoDraw = True
17.0306 	EXP 	TopText_3: autoDraw = True
17.0306 	EXP 	BottomText_3: autoDraw = True
17.0306 	EXP 	Total_3: autoDraw = True
17.0306 	EXP 	Win_3: autoDraw = True
17.0306 	EXP 	WinMsg_2: autoDraw = True
18.9833 	EXP 	Created sequence: random, trialTypes=1, nReps=0, seed=None
18.9836 	EXP 	Created sequence: random, trialTypes=1, nReps=0, seed=None
18.9980 	EXP 	LeftHalf_3: autoDraw = False
18.9980 	EXP 	RightHalf_3: autoDraw = False
18.9980 	EXP 	Safe_3: autoDraw = False
18.9980 	EXP 	Top_3: autoDraw = False
18.9980 	EXP 	Bottom_3: autoDraw = False
18.9980 	EXP 	SafeText_3: autoDraw = False
18.9980 	EXP 	TopText_3: autoDraw = False
18.9980 	EXP 	BottomText_3: autoDraw = False
18.9980 	EXP 	Total_3: autoDraw = False
18.9980 	EXP 	Win_3: autoDraw = False
18.9980 	EXP 	WinMsg_2: autoDraw = False
18.9980 	EXP 	Cross: autoDraw = True
20.0327 	EXP 	New trial (rep=0, index=1): OrderedDict([('TrialType', 'gain'), ('CertainAmt', 0.4), ('TopAmt', 0.0), ('BottomAmt', 0.73), ('Outcome', 'bottom'), ('RiskSide', 'left'), ('ITI', 1.76), ('Rating', 0)])
20.0650 	EXP 	Cross: autoDraw = False
20.0650 	EXP 	Cross: autoDraw = False
20.0650 	EXP 	SafeText: height = 0.06
20.0650 	EXP 	SafeText: height = 0.06
20.0650 	EXP 	SafeText: height = 0.06
20.0650 	EXP 	SafeText: text = '$0.40'
20.0650 	EXP 	TopText: height = 0.06
20.0650 	EXP 	TopText: height = 0.06
20.0650 	EXP 	TopText: height = 0.06
20.0650 	EXP 	TopText: text = '$0.00'
20.0650 	EXP 	BottomText: height = 0.06
20.0650 	EXP 	BottomText: height = 0.06
20.0650 	EXP 	BottomText: height = 0.06
20.0650 	EXP 	BottomText: text = '$0.73'
20.0650 	EXP 	Win: height = 0.03
20.0650 	EXP 	Win: height = 0.03
20.0650 	EXP 	Win: height = 0.03
20.0650 	EXP 	Win: text = 'Total\n$9.64'
20.0650 	EXP 	LeftHalf: autoDraw = True
20.0650 	EXP 	RightHalf: autoDraw = True
20.0650 	EXP 	Safe: autoDraw = True
20.0650 	EXP 	Top: autoDraw = True
20.0650 	EXP 	Bottom: autoDraw = True
20.0650 	EXP 	SafeText: autoDraw = True
20.0650 	EXP 	TopText: autoDraw = True
20.0650 	EXP 	BottomText: autoDraw = True
20.0650 	EXP 	Total: autoDraw = True
20.0650 	EXP 	Win: autoDraw = True
20.4354 	DATA 	Keypress: left
20.4374 	EXP 	Created sequence: random, trialTypes=1, nReps=1, seed=None
20.4375 	EXP 	New trial (rep=0, index=0): None
20.4656 	EXP 	LeftHalf: autoDraw = False
20.4656 	EXP 	RightHalf: autoDraw = False
20.4656 	EXP 	Safe: autoDraw = False
20.4656 	EXP 	Top: autoDraw = False
20.4656 	EXP 	Bottom: autoDraw = False
20.4656 	EXP 	SafeText: autoDraw = False
20.4656 	EXP 	TopText: autoDraw = False
20.4656 	EXP 	BottomText: autoDraw = False
20.4656 	EXP 	Total: autoDraw = False
20.4656 	EXP 	Win: autoDraw = False
20.4656 	EXP 	Safe_2: borderColor = <psychopy.colors.Color: black, alpha=1.0>
20.4656 	EXP 	Top_2: borderColor = <psychopy.colors.Color: yellow, alpha=1.0>
20.4656 	EXP 	Bottom_2: borderColor = <psychopy.colors.Color: yellow, alpha=1.0>
20.4656 	EXP 	SafeText_2: height = 0.06
20.4656 	EXP 	SafeText_2: height = 0.06
20.4656 	EXP 	SafeText_2: height = 0.06
20.4656 	EXP 	SafeText_2: text = '$0.40'
20.4656 	EXP 	TopText_2: height = 0.06
20.4656 	EXP 	TopText_2: height = 0.06
20.4656 	EXP 	TopText_2: height = 0.06
20.4656 	EXP 	TopText_2: text = '$0.00'
20.4656 	EXP 	BottomText_2: height = 0.06
20.4656 	EXP 	BottomText_2: height = 0.06
20.4656 	EXP 	BottomText_2: height = 0.06
20.4656 	EXP 	BottomText_2: text = '$0.73'
20.4656 	EXP 	Win_2: height = 0.03
20.4656 	EXP 	Win_2: height = 0.03
20.4656 	EXP 	Win_2: height = 0.03
20.4656 	EXP 	Win_2: text = 'Total\n$10.37'
20.4656 	EXP 	WinMsg: foreColor = <psychopy.colors.Color: black, alpha=1.0>
20.4656 	EXP 	WinMsg: text = ''
20.4656 	EXP 	LeftHalf_2: autoDraw = True
20.4656 	EXP 	RightHalf_2: autoDraw = True
20.4656 	EXP 	Safe_2: autoDraw = True
20.4656 	EXP 	Top_2: autoDraw = True
20.4656 	EXP 	Bottom_2: autoDraw = True
20.4656 	EXP 	SafeText_2: autoDraw = True
20.4656 	EXP 	TopText_2: autoDraw = True
20.4656 	EXP 	BottomText_2: autoDraw = True
20.4656 	EXP 	Total_2: autoDraw = True
20.4656 	EXP 	Win_2: autoDraw = True
20.4656 	EXP 	WinMsg: autoDraw = True
22.4838 	EXP 	LeftHalf_2: autoDraw = False
22.4838 	EXP 	RightHalf_2: autoDraw = False
22.4838 	EXP 	Safe_2: autoDraw = False
22.4838 	EXP 	Top_2: autoDraw = False
22.4838 	EXP 	Bottom_2: autoDraw = False
22.4838 	EXP 	SafeText_2: autoDraw = False
22.4838 	EXP 	TopText_2: autoDraw = False
22.4838 	EXP 	BottomText_2: autoDraw = False
22.4838 	EXP 	Total_2: autoDraw = False
22.4838 	EXP 	Win_2: autoDraw = False
22.4838 	EXP 	WinMsg: autoDraw = False
22.4838 	EXP 	Safe_3: borderColor = <psychopy.colors.Color: black, alpha=1.0>
22.4838 	EXP 	Top_3: borderColor = <psychopy.colors.Color: black, alpha=1.0>
22.4838 	EXP 	Bottom_3: borderColor = <psychopy.colors.Color: limegreen, alpha=1.0>
22.4838 	EXP 	SafeText_3: height = 0.06
22.4838 	EXP 	SafeText_3: height = 0.06
22.4838 	EXP 	SafeText_3: height = 0.06
22.4838 	EXP 	SafeText_3: text = '$0.40'
22.4838 	EXP 	TopText_3: height = 0.06
22.4838 	EXP 	TopText_3: height = 0.06
22.4838 	EXP 	TopText_3: height = 0.06
22.4838 	EXP 	TopText_3: text = '$0.00'
22.4838 	EXP 	BottomText_3: height = 0.06
22.4838 	EXP 	BottomText_3: height = 0.06
22.4838 	EXP 	BottomText_3: height = 0.06
22.4838 	EXP 	BottomText_3: text = '$0.73'
22.4838 	EXP 	Win_3: height = 0.03
22.4838 	EXP 	Win_3: height = 0.03
22.4838 	EXP 	Win_3: height = 0.03
22.4838 	EXP 	Win_3: text = 'Total\n$10.37'
22.4838 	EXP 	WinMsg_2: foreColor = <psychopy.colors.Color: limegreen, alpha=1.0>
22.4838 	EXP 	WinMsg_2: height = 0.04
22.4838 	EXP 	WinMsg_2: height = 0.04
22.4838 	EXP 	WinMsg_2: height = 0.04
22.4838 	EXP 	WinMsg_2: text = 'You won $0.73!'
22.4838 	EXP 	LeftHalf_3: autoDraw = True
22.4838 	EXP 	RightHalf_3: autoDraw = True
22.4838 	EXP 	Safe_3: autoDraw = True
22.4838 	EXP 	Top_3: autoDraw = True
22.4838 	EXP 	Bottom_3: autoDraw = True
22.4838 	EXP 	SafeText_3: autoDraw = True
22.4838 	EXP 	TopText_3: autoDraw = True
22.4838 	EXP 	BottomText_3: autoDraw = True
22.4838 	EXP 	Total_3: autoDraw = True
22.4838 	EXP 	Win_3: autoDraw = True
22.4838 	EXP 	WinMsg_2: autoDraw = True
24.4520 	EXP 	Created sequence: random, trialTypes=1, nReps=0, seed=None
24.4525 	EXP 	Created sequence: random, trialTypes=1, nReps=0, seed=None
24.4668 	EXP 	LeftHalf_3: autoDraw = False
24.4668 	EXP 	RightHalf_3: autoDraw = False
24.4668 	EXP 	Safe_3: autoDraw = False
24.4668 	EXP 	Top_3: autoDraw = False
24.4668 	EXP 	Bottom_3: autoDraw = False
24.4668 	EXP 	SafeText_3: autoDraw = False
24.4668 	EXP 	TopText_3: autoDraw = False
24.4668 	EXP 	BottomText_3: autoDraw = False
24.4668 	EXP 	Total_3: autoDraw = False
24.4668 	EXP 	Win_3: autoDraw = False
24.4668 	EXP 	WinMsg_2: autoDraw = False
24.4668 	EXP 	Cross: autoDraw = True
26.2187 	EXP 	New trial (rep=0, index=2): OrderedDict([('TrialType', 'gain'), ('CertainAmt', 0.3), ('TopAmt', 0.0), ('BottomAmt', 0.84), ('Outcome', 'top'), ('RiskSide', 'left'), ('ITI', 1.82), ('Rating', 0)])
26.2508 	EXP 	Cross: autoDraw = False
26.2508 	EXP 	Cross: autoDraw = False
26.2508 	EXP 	SafeText: height = 0.06
26.2508 	EXP 	SafeText: height = 0.06
26.2508 	EXP 	SafeText: height = 0.06
26.2508 	EXP 	SafeText: text = '$0.30'
26.2508 	EXP 	TopText: text = '$0.00'
26.2508 	EXP 	BottomText: height = 0.06
26.2508 	EXP 	BottomText: height = 0.06
26.2508 	EXP 	BottomText: height = 0.06
26.2508 	EXP 	BottomText: text = '$0.84'
26.2508 	EXP 	Win: height = 0.03
26.2508 	EXP 	Win: height = 0.03
26.2508 	EXP 	Win: height = 0.03
26.2508 	EXP 	Win: text = 'Total\n$10.37'
26.2508 	EXP 	LeftHalf: autoDraw = True
26.2508 	EXP 	RightHalf: autoDraw = True
26.2508 	EXP 	Safe: autoDraw = True
26.2508 	EXP 	Top: autoDraw = True
26.2508 	EXP 	Bottom: autoDraw = True
26.2508 	EXP 	SafeText: autoDraw = True
26.2508 	EXP 	TopText: autoDraw = True
26.2508 	EXP 	BottomText: autoDraw = True
26.2508 	EXP 	Total: autoDraw = True
26.2508 	EXP 	Win: autoDraw = True
26.6228 	DATA 	Keypress: right
26.6378 	EXP 	Created sequence: random, trialTypes=1, nReps=1, seed=None
26.6380 	EXP 	New trial (rep=0, index=0): None
26.6677 	EXP 	LeftHalf: autoDraw = False
26.6677 	EXP 	RightHalf: autoDraw = False
26.6677 	EXP 	Safe: autoDraw = False
26.6677 	EXP 	Top: autoDraw = False
26.6677 	EXP 	Bottom: autoDraw = False
26.6677 	EXP 	SafeText: autoDraw = False
26.6677 	EXP 	TopText: autoDraw = False
26.6677 	EXP 	BottomText: autoDraw = False
26.6677 	EXP 	Total: autoDraw = False
26.6677 	EXP 	Win: autoDraw = False
26.6677 	EXP 	Safe_2: borderColor = <psychopy.colors.Color: yellow, alpha=1.0>
26.6677 	EXP 	Top_2: borderColor = <psychopy.colors.Color: black, alpha=1.0>
26.6677 	EXP 	Bottom_2: borderColor = <psychopy.colors.Color: black, alpha=1.0>
26.6677 	EXP 	SafeText_2: height = 0.06
26.6677 	EXP 	SafeText_2: height = 0.06
26.6677 	EXP 	SafeText_2: height = 0.06
26.6677 	EXP 	SafeText_2: text = '$0.30'
26.6677 	EXP 	TopText_2: text = '$0.00'
26.6677 	EXP 	BottomText_2: height = 0.06
26.6677 	EXP 	BottomText_2: height = 0.06
26.6677 	EXP 	BottomText_2: height = 0.06
26.6677 	EXP 	BottomText_2: text = '$0.84'
26.6677 	EXP 	Win_2: height = 0.03
26.6677 	EXP 	Win_2: height = 0.03
26.6677 	EXP 	Win_2: height = 0.03
26.6677 	EXP 	Win_2: text = 'Total\n$10.67'
26.6677 	EXP 	WinMsg: foreColor = <psychopy.colors.Color: black, alpha=1.0>
26.6677 	EXP 	WinMsg: height = 0.04
26.6677 	EXP 	WinMsg: height = 0.04
26.6677 	EXP 	WinMsg: height = 0.04
26.6677 	EXP 	WinMsg: text = 'You won $0.30!'
26.6677 	EXP 	LeftHalf_2: autoDraw = True
26.6677 	EXP 	RightHalf_2: autoDraw = True
26.6677 	EXP 	Safe_2: autoDraw = True
26.6677 	EXP 	Top_2: autoDraw = True
26.6677 	EXP 	Bottom_2: autoDraw = True
26.6677 	EXP 	SafeText_2: autoDraw = True
26.6677 	EXP 	TopText_2: autoDraw = True
26.6677 	EXP 	BottomText_2: autoDraw = True
26.6677 	EXP 	Total_2: autoDraw = True
26.6677 	EXP 	Win_2: autoDraw = True
26.6677 	EXP 	WinMsg: autoDraw = True
28.6852 	EXP 	LeftHalf_2: autoDraw = False
28.6852 	EXP 	RightHalf_2: autoDraw = False
28.6852 	EXP 	Safe_2: autoDraw = False
28.6852 	EXP 	Top_2: autoDraw = False
28.6852 	EXP 	Bottom_2: autoDraw = False
28.6852 	EXP 	SafeText_2: autoDraw = False
28.6852 	EXP 	TopText_2: autoDraw = False
28.6852 	EXP 	BottomText_2: autoDraw = False
28.6852 	EXP 	Total_2: autoDraw = False
28.6852 	EXP 	Win_2: autoDraw = False
28.6852 	EXP 	WinMsg: autoDraw = False
28.6852 	EXP 	Safe_3: borderColor = <psychopy.colors.Color: limegreen, alpha=1.0>
28.6852 	EXP 	Top_3: borderColor = <psychopy.colors.Color: black, alpha=1.0>
28.6852 	EXP 	Bottom_3: borderColor = <psychopy.colors.Color: mediumorchid, alpha=1.0>
28.6852 	EXP 	SafeText_3: height = 0.06
28.6852 	EXP 	SafeText_3: height = 0.06
28.6852 	EXP 	SafeText_3: height = 0.06
28.6852 	EXP 	SafeText_3: text = '$0.30'
28.6852 	EXP 	TopText_3: text = '$0.00'
28.6852 	EXP 	BottomText_3: height = 0.06
28.6852 	EXP 	BottomText_3: height = 0.06
28.6852 	EXP 	BottomText_3: height = 0.06
28.6852 	EXP 	BottomText_3: text = '$0.84'
28.6852 	EXP 	Win_3: height = 0.03
28.6852 	EXP 	Win_3: height = 0.03
28.6852 	EXP 	Win_3: height = 0.03
28.6852 	EXP 	Win_3: text = 'Total\n$10.67'
28.6852 	EXP 	WinMsg_2: foreColor = <psychopy.colors.Color: limegreen, alpha=1.0>
28.6852 	EXP 	WinMsg_2: height = 0.04
28.6852 	EXP 	WinMsg_2: height = 0.04
28.6852 	EXP 	WinMsg_2: height = 0.04
28.6852 	EXP 	WinMsg_2: text = 'You would have lost $0.00!'
28.6852 	EXP 	LeftHalf_3: autoDraw = True
28.6852 	EXP 	RightHalf_3: autoDraw = True
28.6852 	EXP 	Safe_3: autoDraw = True
28.6852 	EXP 	Top_3: autoDraw = True
28.6852 	EXP 	Bottom_3: autoDraw = True
28.6852 	EXP 	SafeText_3: autoDraw = True
28.6852 	EXP 	TopText_3: autoDraw = True
28.6852 	EXP 	BottomText_3: autoDraw = True
28.6852 	EXP 	Total_3: autoDraw = True
28.6852 	EXP 	Win_3: autoDraw = True
28.6852 	EXP 	WinMsg_2: autoDraw = True
30.6467 	EXP 	Created sequence: random, trialTypes=1, nReps=0, seed=None
30.6471 	EXP 	Created sequence: random, trialTypes=1, nReps=1, seed=None
30.6473 	EXP 	New trial (rep=0, index=0): None
30.7179 	EXP 	LeftHalf_3: autoDraw = False
30.7179 	EXP 	RightHalf_3: autoDraw = False
30.7179 	EXP 	Safe_3: autoDraw = False
30.7179 	EXP 	Top_3: autoDraw = False
30.7179 	EXP 	Bottom_3: autoDraw = False
30.7179 	EXP 	SafeText_3: autoDraw = False
30.7179 	EXP 	TopText_3: autoDraw = False
30.7179 	EXP 	BottomText_3: autoDraw = False
30.7179 	EXP 	Total_3: autoDraw = False
30.7179 	EXP 	Win_3: autoDraw = False
30.7179 	EXP 	WinMsg_2: autoDraw = False
30.7179 	EXP 	HowHappySlider: markerPos = None
30.7179 	EXP 	HowHappySlider: markerPos = None
30.7179 	EXP 	HowHappySlider: autoDraw = True
30.7179 	EXP 	UnHappy: autoDraw = True
30.7179 	EXP 	Happy: autoDraw = True
33.4367 	DATA 	Mouse: Left button down, pos=(590,232)
33.4858 	EXP 	HowHappySlider: markerPos = 3.6458333333333335
33.5193 	EXP 	HowHappySlider: markerPos = 3.6458333333333335
33.5386 	DATA 	Mouse:  Left button up, pos=(590,232)
33.5526 	EXP 	HowHappySlider: markerPos = 3.6458333333333335
33.5858 	EXP 	HowHappySlider: markerPos = 3.6458333333333335
33.6197 	EXP 	SpacetoExit: autoDraw = True
38.7414 	DATA 	Keypress: space
38.7556 	EXP 	HowHappySlider: autoDraw = False
38.7556 	EXP 	UnHappy: autoDraw = False
38.7556 	EXP 	Happy: autoDraw = False
38.7556 	EXP 	SpacetoExit: autoDraw = False
38.7556 	EXP 	Cross: autoDraw = True
40.5740 	EXP 	New trial (rep=0, index=3): OrderedDict([('TrialType', 'gain'), ('CertainAmt', 0.6), ('TopAmt', 0.0), ('BottomAmt', 2.52), ('Outcome', 'bottom'), ('RiskSide', 'right'), ('ITI', 1.03), ('Rating', 0)])
40.6061 	EXP 	Cross: autoDraw = False
40.6061 	EXP 	Cross: autoDraw = False
40.6061 	EXP 	SafeText: height = 0.06
40.6061 	EXP 	SafeText: height = 0.06
40.6061 	EXP 	SafeText: height = 0.06
40.6061 	EXP 	SafeText: text = '$0.60'
40.6061 	EXP 	TopText: text = '$0.00'
40.6061 	EXP 	BottomText: height = 0.06
40.6061 	EXP 	BottomText: height = 0.06
40.6061 	EXP 	BottomText: height = 0.06
40.6061 	EXP 	BottomText: text = '$2.52'
40.6061 	EXP 	Win: height = 0.03
40.6061 	EXP 	Win: height = 0.03
40.6061 	EXP 	Win: height = 0.03
40.6061 	EXP 	Win: text = 'Total\n$10.67'
40.6061 	EXP 	LeftHalf: autoDraw = True
40.6061 	EXP 	RightHalf: autoDraw = True
40.6061 	EXP 	Safe: autoDraw = True
40.6061 	EXP 	Top: autoDraw = True
40.6061 	EXP 	Bottom: autoDraw = True
40.6061 	EXP 	SafeText: autoDraw = True
40.6061 	EXP 	TopText: autoDraw = True
40.6061 	EXP 	BottomText: autoDraw = True
40.6061 	EXP 	Total: autoDraw = True
40.6061 	EXP 	Win: autoDraw = True
41.4111 	DATA 	Mouse: Left button down, pos=(942,239)
41.4134 	EXP 	Created sequence: random, trialTypes=1, nReps=1, seed=None
41.4136 	EXP 	New trial (rep=0, index=0): None
41.4398 	EXP 	LeftHalf: autoDraw = False
41.4398 	EXP 	RightHalf: autoDraw = False
41.4398 	EXP 	Safe: autoDraw = False
41.4398 	EXP 	Top: autoDraw = False
41.4398 	EXP 	Bottom: autoDraw = False
41.4398 	EXP 	SafeText: autoDraw = False
41.4398 	EXP 	TopText: autoDraw = False
41.4398 	EXP 	BottomText: autoDraw = False
41.4398 	EXP 	Total: autoDraw = False
41.4398 	EXP 	Win: autoDraw = False
41.4398 	EXP 	Safe_2: borderColor = <psychopy.colors.Color: black, alpha=1.0>
41.4398 	EXP 	Top_2: borderColor = <psychopy.colors.Color: yellow, alpha=1.0>
41.4398 	EXP 	Bottom_2: borderColor = <psychopy.colors.Color: yellow, alpha=1.0>
41.4398 	EXP 	SafeText_2: height = 0.06
41.4398 	EXP 	SafeText_2: height = 0.06
41.4398 	EXP 	SafeText_2: height = 0.06
41.4398 	EXP 	SafeText_2: text = '$0.60'
41.4398 	EXP 	TopText_2: text = '$0.00'
41.4398 	EXP 	BottomText_2: height = 0.06
41.4398 	EXP 	BottomText_2: height = 0.06
41.4398 	EXP 	BottomText_2: height = 0.06
41.4398 	EXP 	BottomText_2: text = '$2.52'
41.4398 	EXP 	Win_2: height = 0.03
41.4398 	EXP 	Win_2: height = 0.03
41.4398 	EXP 	Win_2: height = 0.03
41.4398 	EXP 	Win_2: text = 'Total\n$13.19'
41.4398 	EXP 	WinMsg: foreColor = <psychopy.colors.Color: black, alpha=1.0>
41.4398 	EXP 	WinMsg: height = 0.04
41.4398 	EXP 	WinMsg: height = 0.04
41.4398 	EXP 	WinMsg: height = 0.04
41.4398 	EXP 	WinMsg: text = ''
41.4398 	EXP 	LeftHalf_2: autoDraw = True
41.4398 	EXP 	RightHalf_2: autoDraw = True
41.4398 	EXP 	Safe_2: autoDraw = True
41.4398 	EXP 	Top_2: autoDraw = True
41.4398 	EXP 	Bottom_2: autoDraw = True
41.4398 	EXP 	SafeText_2: autoDraw = True
41.4398 	EXP 	TopText_2: autoDraw = True
41.4398 	EXP 	BottomText_2: autoDraw = True
41.4398 	EXP 	Total_2: autoDraw = True
41.4398 	EXP 	Win_2: autoDraw = True
41.4398 	EXP 	WinMsg: autoDraw = True
41.5292 	DATA 	Mouse:  Left button up, pos=(942,239)
43.4576 	EXP 	LeftHalf_2: autoDraw = False
43.4576 	EXP 	RightHalf_2: autoDraw = False
43.4576 	EXP 	Safe_2: autoDraw = False
43.4576 	EXP 	Top_2: autoDraw = False
43.4576 	EXP 	Bottom_2: autoDraw = False
43.4576 	EXP 	SafeText_2: autoDraw = False
43.4576 	EXP 	TopText_2: autoDraw = False
43.4576 	EXP 	BottomText_2: autoDraw = False
43.4576 	EXP 	Total_2: autoDraw = False
43.4576 	EXP 	Win_2: autoDraw = False
43.4576 	EXP 	WinMsg: autoDraw = False
43.4576 	EXP 	Safe_3: borderColor = <psychopy.colors.Color: black, alpha=1.0>
43.4576 	EXP 	Top_3: borderColor = <psychopy.colors.Color: black, alpha=1.0>
43.4576 	EXP 	Bottom_3: borderColor = <psychopy.colors.Color: limegreen, alpha=1.0>
43.4576 	EXP 	SafeText_3: height = 0.06
43.4576 	EXP 	SafeText_3: height = 0.06
43.4576 	EXP 	SafeText_3: height = 0.06
43.4576 	EXP 	SafeText_3: text = '$0.60'
43.4576 	EXP 	TopText_3: text = '$0.00'
43.4576 	EXP 	BottomText_3: height = 0.06
43.4576 	EXP 	BottomText_3: height = 0.06
43.4576 	EXP 	BottomText_3: height = 0.06
43.4576 	EXP 	BottomText_3: text = '$2.52'
43.4576 	EXP 	Win_3: height = 0.03
43.4576 	EXP 	Win_3: height = 0.03
43.4576 	EXP 	Win_3: height = 0.03
43.4576 	EXP 	Win_3: text = 'Total\n$13.19'
43.4576 	EXP 	WinMsg_2: foreColor = <psychopy.colors.Color: limegreen, alpha=1.0>
43.4576 	EXP 	WinMsg_2: height = 0.04
43.4576 	EXP 	WinMsg_2: height = 0.04
43.4576 	EXP 	WinMsg_2: height = 0.04
43.4576 	EXP 	WinMsg_2: text = 'You won $2.52!'
43.4576 	EXP 	LeftHalf_3: autoDraw = True
43.4576 	EXP 	RightHalf_3: autoDraw = True
43.4576 	EXP 	Safe_3: autoDraw = True
43.4576 	EXP 	Top_3: autoDraw = True
43.4576 	EXP 	Bottom_3: autoDraw = True
43.4576 	EXP 	SafeText_3: autoDraw = True
43.4576 	EXP 	TopText_3: autoDraw = True
43.4576 	EXP 	BottomText_3: autoDraw = True
43.4576 	EXP 	Total_3: autoDraw = True
43.4576 	EXP 	Win_3: autoDraw = True
43.4576 	EXP 	WinMsg_2: autoDraw = True
44.0463 	DATA 	Mouse: Left button down, pos=(604,434)
44.1803 	DATA 	Mouse:  Left button up, pos=(604,431)
45.4270 	EXP 	Created sequence: random, trialTypes=1, nReps=0, seed=None
45.4273 	EXP 	Created sequence: random, trialTypes=1, nReps=0, seed=None
45.4416 	EXP 	LeftHalf_3: autoDraw = False
45.4416 	EXP 	RightHalf_3: autoDraw = False
45.4416 	EXP 	Safe_3: autoDraw = False
45.4416 	EXP 	Top_3: autoDraw = False
45.4416 	EXP 	Bottom_3: autoDraw = False
45.4416 	EXP 	SafeText_3: autoDraw = False
45.4416 	EXP 	TopText_3: autoDraw = False
45.4416 	EXP 	BottomText_3: autoDraw = False
45.4416 	EXP 	Total_3: autoDraw = False
45.4416 	EXP 	Win_3: autoDraw = False
45.4416 	EXP 	WinMsg_2: autoDraw = False
45.4416 	EXP 	Cross: autoDraw = True
46.4594 	EXP 	New trial (rep=0, index=4): OrderedDict([('TrialType', 'gain'), ('CertainAmt', 0.2), ('TopAmt', 0.0), ('BottomAmt', 0.44), ('Outcome', 'top'), ('RiskSide', 'right'), ('ITI', 1.06), ('Rating', 0)])
46.4917 	EXP 	Cross: autoDraw = False
46.4917 	EXP 	Cross: autoDraw = False
46.4917 	EXP 	SafeText: height = 0.06
46.4917 	EXP 	SafeText: height = 0.06
46.4917 	EXP 	SafeText: height = 0.06
46.4917 	EXP 	SafeText: text = '$0.20'
46.4917 	EXP 	TopText: text = '$0.00'
46.4917 	EXP 	BottomText: height = 0.06
46.4917 	EXP 	BottomText: height = 0.06
46.4917 	EXP 	BottomText: height = 0.06
46.4917 	EXP 	BottomText: text = '$0.44'
46.4917 	EXP 	Win: height = 0.03
46.4917 	EXP 	Win: height = 0.03
46.4917 	EXP 	Win: height = 0.03
46.4917 	EXP 	Win: text = 'Total\n$13.19'
46.4917 	EXP 	LeftHalf: autoDraw = True
46.4917 	EXP 	RightHalf: autoDraw = True
46.4917 	EXP 	Safe: autoDraw = True
46.4917 	EXP 	Top: autoDraw = True
46.4917 	EXP 	Bottom: autoDraw = True
46.4917 	EXP 	SafeText: autoDraw = True
46.4917 	EXP 	TopText: autoDraw = True
46.4917 	EXP 	BottomText: autoDraw = True
46.4917 	EXP 	Total: autoDraw = True
46.4917 	EXP 	Win: autoDraw = True
47.8450 	DATA 	Mouse: Left button down, pos=(965,360)
47.8476 	EXP 	Created sequence: random, trialTypes=1, nReps=1, seed=None
47.8477 	EXP 	New trial (rep=0, index=0): None
47.8757 	EXP 	LeftHalf: autoDraw = False
47.8757 	EXP 	RightHalf: autoDraw = False
47.8757 	EXP 	Safe: autoDraw = False
47.8757 	EXP 	Top: autoDraw = False
47.8757 	EXP 	Bottom: autoDraw = False
47.8757 	EXP 	SafeText: autoDraw = False
47.8757 	EXP 	TopText: autoDraw = False
47.8757 	EXP 	BottomText: autoDraw = False
47.8757 	EXP 	Total: autoDraw = False
47.8757 	EXP 	Win: autoDraw = False
47.8757 	EXP 	Safe_2: borderColor = <psychopy.colors.Color: black, alpha=1.0>
47.8757 	EXP 	Top_2: borderColor = <psychopy.colors.Color: yellow, alpha=1.0>
47.8757 	EXP 	Bottom_2: borderColor = <psychopy.colors.Color: yellow, alpha=1.0>
47.8757 	EXP 	SafeText_2: height = 0.06
47.8757 	EXP 	SafeText_2: height = 0.06
47.8757 	EXP 	SafeText_2: height = 0.06
47.8757 	EXP 	SafeText_2: text = '$0.20'
47.8757 	EXP 	TopText_2: text = '$0.00'
47.8757 	EXP 	BottomText_2: height = 0.06
47.8757 	EXP 	BottomText_2: height = 0.06
47.8757 	EXP 	BottomText_2: height = 0.06
47.8757 	EXP 	BottomText_2: text = '$0.44'
47.8757 	EXP 	Win_2: text = 'Total\n$13.19'
47.8757 	EXP 	WinMsg: foreColor = <psychopy.colors.Color: black, alpha=1.0>
47.8757 	EXP 	WinMsg: text = ''
47.8757 	EXP 	LeftHalf_2: autoDraw = True
47.8757 	EXP 	RightHalf_2: autoDraw = True
47.8757 	EXP 	Safe_2: autoDraw = True
47.8757 	EXP 	Top_2: autoDraw = True
47.8757 	EXP 	Bottom_2: autoDraw = True
47.8757 	EXP 	SafeText_2: autoDraw = True
47.8757 	EXP 	TopText_2: autoDraw = True
47.8757 	EXP 	BottomText_2: autoDraw = True
47.8757 	EXP 	Total_2: autoDraw = True
47.8757 	EXP 	Win_2: autoDraw = True
47.8757 	EXP 	WinMsg: autoDraw = True
47.9482 	DATA 	Mouse:  Left button up, pos=(965,359)
49.8930 	EXP 	LeftHalf_2: autoDraw = False
49.8930 	EXP 	RightHalf_2: autoDraw = False
49.8930 	EXP 	Safe_2: autoDraw = False
49.8930 	EXP 	Top_2: autoDraw = False
49.8930 	EXP 	Bottom_2: autoDraw = False
49.8930 	EXP 	SafeText_2: autoDraw = False
49.8930 	EXP 	TopText_2: autoDraw = False
49.8930 	EXP 	BottomText_2: autoDraw = False
49.8930 	EXP 	Total_2: autoDraw = False
49.8930 	EXP 	Win_2: autoDraw = False
49.8930 	EXP 	WinMsg: autoDraw = False
49.8930 	EXP 	Safe_3: borderColor = <psychopy.colors.Color: black, alpha=1.0>
49.8930 	EXP 	Top_3: borderColor = <psychopy.colors.Color: red, alpha=1.0>
49.8930 	EXP 	Bottom_3: borderColor = <psychopy.colors.Color: black, alpha=1.0>
49.8930 	EXP 	SafeText_3: height = 0.06
49.8930 	EXP 	SafeText_3: height = 0.06
49.8930 	EXP 	SafeText_3: height = 0.06
49.8930 	EXP 	SafeText_3: text = '$0.20'
49.8930 	EXP 	TopText_3: text = '$0.00'
49.8930 	EXP 	BottomText_3: height = 0.06
49.8930 	EXP 	BottomText_3: height = 0.06
49.8930 	EXP 	BottomText_3: height = 0.06
49.8930 	EXP 	BottomText_3: text = '$0.44'
49.8930 	EXP 	Win_3: text = 'Total\n$13.19'
49.8930 	EXP 	WinMsg_2: foreColor = <psychopy.colors.Color: red, alpha=1.0>
49.8930 	EXP 	WinMsg_2: height = 0.04
49.8930 	EXP 	WinMsg_2: height = 0.04
49.8930 	EXP 	WinMsg_2: height = 0.04
49.8930 	EXP 	WinMsg_2: text = 'You lost $0.00!'
49.8930 	EXP 	LeftHalf_3: autoDraw = True
49.8930 	EXP 	RightHalf_3: autoDraw = True
49.8930 	EXP 	Safe_3: autoDraw = True
49.8930 	EXP 	Top_3: autoDraw = True
49.8930 	EXP 	Bottom_3: autoDraw = True
49.8930 	EXP 	SafeText_3: autoDraw = True
49.8930 	EXP 	TopText_3: autoDraw = True
49.8930 	EXP 	BottomText_3: autoDraw = True
49.8930 	EXP 	Total_3: autoDraw = True
49.8930 	EXP 	Win_3: autoDraw = True
49.8930 	EXP 	WinMsg_2: autoDraw = True
51.8628 	EXP 	Created sequence: random, trialTypes=1, nReps=0, seed=None
51.8631 	EXP 	Created sequence: random, trialTypes=1, nReps=0, seed=None
51.8773 	EXP 	LeftHalf_3: autoDraw = False
51.8773 	EXP 	RightHalf_3: autoDraw = False
51.8773 	EXP 	Safe_3: autoDraw = False
51.8773 	EXP 	Top_3: autoDraw = False
51.8773 	EXP 	Bottom_3: autoDraw = False
51.8773 	EXP 	SafeText_3: autoDraw = False
51.8773 	EXP 	TopText_3: autoDraw = False
51.8773 	EXP 	BottomText_3: autoDraw = False
51.8773 	EXP 	Total_3: autoDraw = False
51.8773 	EXP 	Win_3: autoDraw = False
51.8773 	EXP 	WinMsg_2: autoDraw = False
51.8773 	EXP 	Cross: autoDraw = True
52.9288 	EXP 	New trial (rep=0, index=5): OrderedDict([('TrialType', 'mix'), ('CertainAmt', 0.0), ('TopAmt', -1.5), ('BottomAmt', 0.78), ('Outcome', 'top'), ('RiskSide', 'left'), ('ITI', 1.22), ('Rating', 0)])
52.9608 	EXP 	Cross: autoDraw = False
52.9608 	EXP 	Cross: autoDraw = False
52.9608 	EXP 	SafeText: height = 0.06
52.9608 	EXP 	SafeText: height = 0.06
52.9608 	EXP 	SafeText: height = 0.06
52.9608 	EXP 	SafeText: text = '$0.00'
52.9608 	EXP 	TopText: height = 0.06
52.9608 	EXP 	TopText: height = 0.06
52.9608 	EXP 	TopText: height = 0.06
52.9608 	EXP 	TopText: text = '$-1.50'
52.9608 	EXP 	BottomText: height = 0.06
52.9608 	EXP 	BottomText: height = 0.06
52.9608 	EXP 	BottomText: height = 0.06
52.9608 	EXP 	BottomText: text = '$0.78'
52.9608 	EXP 	Win: text = 'Total\n$13.19'
52.9608 	EXP 	LeftHalf: autoDraw = True
52.9608 	EXP 	RightHalf: autoDraw = True
52.9608 	EXP 	Safe: autoDraw = True
52.9608 	EXP 	Top: autoDraw = True
52.9608 	EXP 	Bottom: autoDraw = True
52.9608 	EXP 	SafeText: autoDraw = True
52.9608 	EXP 	TopText: autoDraw = True
52.9608 	EXP 	BottomText: autoDraw = True
52.9608 	EXP 	Total: autoDraw = True
52.9608 	EXP 	Win: autoDraw = True
54.4969 	DATA 	Mouse: Left button down, pos=(876,294)
54.4990 	EXP 	Created sequence: random, trialTypes=1, nReps=1, seed=None
54.4991 	EXP 	New trial (rep=0, index=0): None
54.5281 	EXP 	LeftHalf: autoDraw = False
54.5281 	EXP 	RightHalf: autoDraw = False
54.5281 	EXP 	Safe: autoDraw = False
54.5281 	EXP 	Top: autoDraw = False
54.5281 	EXP 	Bottom: autoDraw = False
54.5281 	EXP 	SafeText: autoDraw = False
54.5281 	EXP 	TopText: autoDraw = False
54.5281 	EXP 	BottomText: autoDraw = False
54.5281 	EXP 	Total: autoDraw = False
54.5281 	EXP 	Win: autoDraw = False
54.5281 	EXP 	Safe_2: borderColor = <psychopy.colors.Color: yellow, alpha=1.0>
54.5281 	EXP 	Top_2: borderColor = <psychopy.colors.Color: black, alpha=1.0>
54.5281 	EXP 	Bottom_2: borderColor = <psychopy.colors.Color: black, alpha=1.0>
54.5281 	EXP 	SafeText_2: height = 0.06
54.5281 	EXP 	SafeText_2: height = 0.06
54.5281 	EXP 	SafeText_2: height = 0.06
54.5281 	EXP 	SafeText_2: text = '$0.00'
54.5281 	EXP 	TopText_2: height = 0.06
54.5281 	EXP 	TopText_2: height = 0.06
54.5281 	EXP 	TopText_2: height = 0.06
54.5281 	EXP 	TopText_2: text = '$-1.50'
54.5281 	EXP 	BottomText_2: height = 0.06
54.5281 	EXP 	BottomText_2: height = 0.06
54.5281 	EXP 	BottomText_2: height = 0.06
54.5281 	EXP 	BottomText_2: text = '$0.78'
54.5281 	EXP 	Win_2: text = 'Total\n$13.19'
54.5281 	EXP 	WinMsg: foreColor = <psychopy.colors.Color: black, alpha=1.0>
54.5281 	EXP 	WinMsg: height = 0.04
54.5281 	EXP 	WinMsg: height = 0.04
54.5281 	EXP 	WinMsg: height = 0.04
54.5281 	EXP 	WinMsg: text = 'You got $0.00!'
54.5281 	EXP 	LeftHalf_2: autoDraw = True
54.5281 	EXP 	RightHalf_2: autoDraw = True
54.5281 	EXP 	Safe_2: autoDraw = True
54.5281 	EXP 	Top_2: autoDraw = True
54.5281 	EXP 	Bottom_2: autoDraw = True
54.5281 	EXP 	SafeText_2: autoDraw = True
54.5281 	EXP 	TopText_2: autoDraw = True
54.5281 	EXP 	BottomText_2: autoDraw = True
54.5281 	EXP 	Total_2: autoDraw = True
54.5281 	EXP 	Win_2: autoDraw = True
54.5281 	EXP 	WinMsg: autoDraw = True
54.5668 	DATA 	Mouse:  Left button up, pos=(876,294)
56.5459 	EXP 	LeftHalf_2: autoDraw = False
56.5459 	EXP 	RightHalf_2: autoDraw = False
56.5459 	EXP 	Safe_2: autoDraw = False
56.5459 	EXP 	Top_2: autoDraw = False
56.5459 	EXP 	Bottom_2: autoDraw = False
56.5459 	EXP 	SafeText_2: autoDraw = False
56.5459 	EXP 	TopText_2: autoDraw = False
56.5459 	EXP 	BottomText_2: autoDraw = False
56.5459 	EXP 	Total_2: autoDraw = False
56.5459 	EXP 	Win_2: autoDraw = False
56.5459 	EXP 	WinMsg: autoDraw = False
56.5459 	EXP 	Safe_3: borderColor = <psychopy.colors.Color: limegreen, alpha=1.0>
56.5459 	EXP 	Top_3: borderColor = <psychopy.colors.Color: black, alpha=1.0>
56.5459 	EXP 	Bottom_3: borderColor = <psychopy.colors.Color: mediumorchid, alpha=1.0>
56.5459 	EXP 	SafeText_3: height = 0.06
56.5459 	EXP 	SafeText_3: height = 0.06
56.5459 	EXP 	SafeText_3: height = 0.06
56.5459 	EXP 	SafeText_3: text = '$0.00'
56.5459 	EXP 	TopText_3: height = 0.06
56.5459 	EXP 	TopText_3: height = 0.06
56.5459 	EXP 	TopText_3: height = 0.06
56.5459 	EXP 	TopText_3: text = '$-1.50'
56.5459 	EXP 	BottomText_3: height = 0.06
56.5459 	EXP 	BottomText_3: height = 0.06
56.5459 	EXP 	BottomText_3: height = 0.06
56.5459 	EXP 	BottomText_3: text = '$0.78'
56.5459 	EXP 	Win_3: text = 'Total\n$13.19'
56.5459 	EXP 	WinMsg_2: foreColor = <psychopy.colors.Color: limegreen, alpha=1.0>
56.5459 	EXP 	WinMsg_2: height = 0.04
56.5459 	EXP 	WinMsg_2: height = 0.04
56.5459 	EXP 	WinMsg_2: height = 0.04
56.5459 	EXP 	WinMsg_2: text = 'You would have lost $-1.50!'
56.5459 	EXP 	LeftHalf_3: autoDraw = True
56.5459 	EXP 	RightHalf_3: autoDraw = True
56.5459 	EXP 	Safe_3: autoDraw = True
56.5459 	EXP 	Top_3: autoDraw = True
56.5459 	EXP 	Bottom_3: autoDraw = True
56.5459 	EXP 	SafeText_3: autoDraw = True
56.5459 	EXP 	TopText_3: autoDraw = True
56.5459 	EXP 	BottomText_3: autoDraw = True
56.5459 	EXP 	Total_3: autoDraw = True
56.5459 	EXP 	Win_3: autoDraw = True
56.5459 	EXP 	WinMsg_2: autoDraw = True
58.5153 	EXP 	Created sequence: random, trialTypes=1, nReps=0, seed=None
58.5157 	EXP 	Created sequence: random, trialTypes=1, nReps=1, seed=None
58.5158 	EXP 	New trial (rep=0, index=0): None
58.5453 	EXP 	LeftHalf_3: autoDraw = False
58.5453 	EXP 	RightHalf_3: autoDraw = False
58.5453 	EXP 	Safe_3: autoDraw = False
58.5453 	EXP 	Top_3: autoDraw = False
58.5453 	EXP 	Bottom_3: autoDraw = False
58.5453 	EXP 	SafeText_3: autoDraw = False
58.5453 	EXP 	TopText_3: autoDraw = False
58.5453 	EXP 	BottomText_3: autoDraw = False
58.5453 	EXP 	Total_3: autoDraw = False
58.5453 	EXP 	Win_3: autoDraw = False
58.5453 	EXP 	WinMsg_2: autoDraw = False
58.5453 	EXP 	HowHappySlider: markerPos = None
58.5453 	EXP 	HowHappySlider: markerPos = None
58.5453 	EXP 	HowHappySlider: autoDraw = True
58.5453 	EXP 	UnHappy: autoDraw = True
58.5453 	EXP 	Happy: autoDraw = True
74.6048 	DATA 	Mouse: Left button down, pos=(719,235)
74.6515 	EXP 	HowHappySlider: markerPos = 4.989583333333334
74.6847 	EXP 	HowHappySlider: markerPos = 4.989583333333334
74.7057 	DATA 	Mouse:  Left button up, pos=(719,233)
74.7182 	EXP 	HowHappySlider: markerPos = 4.989583333333334
74.7515 	EXP 	HowHappySlider: markerPos = 4.989583333333334
74.7855 	EXP 	SpacetoExit: autoDraw = True
79.7729 	DATA 	Mouse: Left button down, pos=(828,261)
79.8199 	EXP 	HowHappySlider: markerPos = 6.125
79.8536 	EXP 	HowHappySlider: markerPos = 6.125
79.8867 	EXP 	HowHappySlider: markerPos = 6.125
79.9202 	EXP 	HowHappySlider: markerPos = 6.125
79.9443 	DATA 	Mouse:  Left button up, pos=(828,259)
79.9536 	EXP 	HowHappySlider: markerPos = 6.125
79.9873 	EXP 	HowHappySlider: markerPos = 6.125
80.5728 	DATA 	Mouse: Left button down, pos=(888,263)
80.6203 	EXP 	HowHappySlider: markerPos = 6.75
80.6537 	EXP 	HowHappySlider: markerPos = 6.75
80.6871 	EXP 	HowHappySlider: markerPos = 6.75
80.7074 	DATA 	Mouse:  Left button up, pos=(888,262)
80.7206 	EXP 	HowHappySlider: markerPos = 6.75
80.7539 	EXP 	HowHappySlider: markerPos = 6.75
81.5722 	DATA 	Mouse: Left button down, pos=(835,263)
81.6209 	EXP 	HowHappySlider: markerPos = 6.197916666666666
81.6542 	EXP 	HowHappySlider: markerPos = 6.197916666666666
81.6880 	EXP 	HowHappySlider: markerPos = 6.197916666666666
81.7208 	EXP 	HowHappySlider: markerPos = 6.197916666666666
81.7543 	EXP 	HowHappySlider: markerPos = 6.197916666666666
81.7555 	DATA 	Mouse:  Left button up, pos=(835,263)
81.7877 	EXP 	HowHappySlider: markerPos = 6.197916666666666
96.9779 	DATA 	Keypress: space
97.0113 	EXP 	HowHappySlider: autoDraw = False
97.0113 	EXP 	UnHappy: autoDraw = False
97.0113 	EXP 	Happy: autoDraw = False
97.0113 	EXP 	SpacetoExit: autoDraw = False
97.0113 	EXP 	Cross: autoDraw = True
98.2299 	EXP 	New trial (rep=0, index=6): OrderedDict([('TrialType', 'loss'), ('CertainAmt', -0.3), ('TopAmt', -0.84), ('BottomAmt', 0.0), ('Outcome', 'top'), ('RiskSide', 'left'), ('ITI', 1.7), ('Rating', 0)])
98.2615 	EXP 	Cross: autoDraw = False
98.2615 	EXP 	Cross: autoDraw = False
98.2615 	EXP 	SafeText: height = 0.06
98.2615 	EXP 	SafeText: height = 0.06
98.2615 	EXP 	SafeText: height = 0.06
98.2615 	EXP 	SafeText: text = '$-0.30'
98.2615 	EXP 	TopText: height = 0.06
98.2615 	EXP 	TopText: height = 0.06
98.2615 	EXP 	TopText: height = 0.06
98.2615 	EXP 	TopText: text = '$-0.84'
98.2615 	EXP 	BottomText: height = 0.06
98.2615 	EXP 	BottomText: height = 0.06
98.2615 	EXP 	BottomText: height = 0.06
98.2615 	EXP 	BottomText: text = '$0.00'
98.2615 	EXP 	Win: text = 'Total\n$13.19'
98.2615 	EXP 	LeftHalf: autoDraw = True
98.2615 	EXP 	RightHalf: autoDraw = True
98.2615 	EXP 	Safe: autoDraw = True
98.2615 	EXP 	Top: autoDraw = True
98.2615 	EXP 	Bottom: autoDraw = True
98.2615 	EXP 	SafeText: autoDraw = True
98.2615 	EXP 	TopText: autoDraw = True
98.2615 	EXP 	BottomText: autoDraw = True
98.2615 	EXP 	Total: autoDraw = True
98.2615 	EXP 	Win: autoDraw = True
98.7654 	DATA 	Keypress: escape
99.1480 	EXP 	window1: mouseVisible = True
