2.5637 	WARNING 	We strongly recommend you activate the PTB sound engine in PsychoPy prefs as the preferred audio engine. Its timing is vastly superior. Your prefs are currently set to use ['sounddevice', 'PTB', 'pyo', 'pygame'] (in that order).
9.2278 	EXP 	Created window1 = Window(allowGUI=True, allowStencil=False, autoLog=True, backendConf=UNKNOWN, bitsMode=UNKNOWN, blendMode='avg', bpc=(8, 8, 8), color=array([0, 0, 0]), colorSpace='rgb', depthBits=8, fullscr=<method-wrapper '__getattribute__' of attributeSetter object at 0x000001BC4B817100>, gamma=None, gammaErrorPolicy='raise', lms=UNKNOWN, monitor=<psychopy.monitors.calibTools.Monitor object at 0x000001BC4EB87790>, multiSample=False, name='window1', numSamples=2, pos=(192, 108), screen=0, size=array([1536,  864]), stencilBits=0, stereo=False, units='height', useFBO=True, useRetina=False, viewOri=0.0, viewPos=None, viewScale=None, waitBlanking=True, winType='pyglet')
9.2279 	EXP 	window1: mouseVisible = True
9.2280 	EXP 	window1: mouseVisible = True
9.2280 	EXP 	window1: Attempting to measure frame rate of screen (0) ...
9.2280 	EXP 	window1: recordFrameIntervals = False
9.3933 	EXP 	window1: recordFrameIntervals = True
9.5770 	EXP 	Screen (0) actual frame rate measured at 60.10Hz
9.5770 	EXP 	window1: recordFrameIntervals = False
9.6730 	WARNING 	launchHubServer: If using the iohub mouse or eyetracker devices, fullScr should be True.
12.4834 	EXP 	Created LeftHalf = Rect(__class__=<class 'psychopy.visual.rect.Rect'>, anchor=('center', 'center'), autoDraw=False, autoLog=True, closeShape=True, color=method-wrapper(...), colorSpace='rgb', contrast=None, depth=-1.0, fillColor=array([1, 1, 1]), fillColorSpace='rgb', fillRGB=array([1, 1, 1]), interpolate=True, lineColor=array([-1, -1, -1]), lineColorSpace='rgb', lineRGB=array([-1, -1, -1]), lineWidth=1.0, name='LeftHalf', opacity=1.0, ori=0.0, pos=array([-0.25,  0.  ]), size=array([0.5, 0.8]), units='height', vertices=ndarray(...), win=Window(...))
12.4849 	EXP 	Created RightHalf = Rect(__class__=<class 'psychopy.visual.rect.Rect'>, anchor=('center', 'center'), autoDraw=False, autoLog=True, closeShape=True, color=method-wrapper(...), colorSpace='rgb', contrast=None, depth=-2.0, fillColor=array([1, 1, 1]), fillColorSpace='rgb', fillRGB=array([1, 1, 1]), interpolate=True, lineColor=array([-1, -1, -1]), lineColorSpace='rgb', lineRGB=array([-1, -1, -1]), lineWidth=1.0, name='RightHalf', opacity=1.0, ori=0.0, pos=array([0.25, 0.  ]), size=array([0.5, 0.8]), units='height', vertices=ndarray(...), win=Window(...))
12.4862 	EXP 	Created Safe = Rect(__class__=<class 'psychopy.visual.rect.Rect'>, anchor=('center', 'center'), autoDraw=False, autoLog=True, closeShape=True, color=method-wrapper(...), colorSpace='rgb', contrast=None, depth=-3.0, fillColor=array([1, 1, 1]), fillColorSpace='rgb', fillRGB=array([1, 1, 1]), interpolate=True, lineColor=array([-1, -1, -1]), lineColorSpace='rgb', lineRGB=array([-1, -1, -1]), lineWidth=5.0, name='Safe', opacity=1.0, ori=0.0, pos=array([0., 0.]), size=array([0.2, 0.2]), units='height', vertices=ndarray(...), win=Window(...))
12.4876 	EXP 	Created Top = Rect(__class__=<class 'psychopy.visual.rect.Rect'>, anchor=('center', 'center'), autoDraw=False, autoLog=True, closeShape=True, color=method-wrapper(...), colorSpace='rgb', contrast=None, depth=-4.0, fillColor=array([1, 1, 1]), fillColorSpace='rgb', fillRGB=array([1, 1, 1]), interpolate=True, lineColor=array([-1, -1, -1]), lineColorSpace='rgb', lineRGB=array([-1, -1, -1]), lineWidth=5.0, name='Top', opacity=1.0, ori=0.0, pos=array([0., 0.]), size=array([0.2, 0.2]), units='height', vertices=ndarray(...), win=Window(...))
12.4889 	EXP 	Created Bottom = Rect(__class__=<class 'psychopy.visual.rect.Rect'>, anchor=('center', 'center'), autoDraw=False, autoLog=True, closeShape=True, color=method-wrapper(...), colorSpace='rgb', contrast=None, depth=-5.0, fillColor=array([1, 1, 1]), fillColorSpace='rgb', fillRGB=array([1, 1, 1]), interpolate=True, lineColor=array([-1, -1, -1]), lineColorSpace='rgb', lineRGB=array([-1, -1, -1]), lineWidth=5.0, name='Bottom', opacity=1.0, ori=0.0, pos=array([0., 0.]), size=array([0.2, 0.2]), units='height', vertices=ndarray(...), win=Window(...))
12.5119 	EXP 	Created SafeText = TextStim(__class__=<class 'psychopy.visual.text.TextStim'>, alignHoriz=method-wrapper(...), alignText='center', alignVert=method-wrapper(...), anchorHoriz='center', anchorVert='center', antialias=True, autoDraw=False, autoLog=True, bold=False, color=array([-1, -1, -1]), colorSpace='rgb', contrast=1.0, depth=-6.0, flipHoriz=False, flipVert=False, font='Open Sans', fontFiles=[], height=0.06, italic=False, languageStyle='LTR', name='SafeText', opacity=1.0, ori=0.0, pos=array([0., 0.]), rgb=UNKNOWN, text='', units='height', win=Window(...), wrapWidth=1)
12.5127 	EXP 	Created TopText = TextStim(__class__=<class 'psychopy.visual.text.TextStim'>, alignHoriz=method-wrapper(...), alignText='center', alignVert=method-wrapper(...), anchorHoriz='center', anchorVert='center', antialias=True, autoDraw=False, autoLog=True, bold=False, color=array([-1, -1, -1]), colorSpace='rgb', contrast=1.0, depth=-7.0, flipHoriz=False, flipVert=False, font='Open Sans', fontFiles=[], height=0.06, italic=False, languageStyle='LTR', name='TopText', opacity=1.0, ori=0.0, pos=array([0., 0.]), rgb=UNKNOWN, text='', units='height', win=Window(...), wrapWidth=1)
12.5135 	EXP 	Created BottomText = TextStim(__class__=<class 'psychopy.visual.text.TextStim'>, alignHoriz=method-wrapper(...), alignText='center', alignVert=method-wrapper(...), anchorHoriz='center', anchorVert='center', antialias=True, autoDraw=False, autoLog=True, bold=False, color=array([-1, -1, -1]), colorSpace='rgb', contrast=1.0, depth=-8.0, flipHoriz=False, flipVert=False, font='Open Sans', fontFiles=[], height=0.06, italic=False, languageStyle='LTR', name='BottomText', opacity=1.0, ori=0.0, pos=array([0., 0.]), rgb=UNKNOWN, text='', units='height', win=Window(...), wrapWidth=1)
12.5148 	EXP 	Created Total = Rect(__class__=<class 'psychopy.visual.rect.Rect'>, anchor=('center', 'center'), autoDraw=False, autoLog=True, closeShape=True, color=method-wrapper(...), colorSpace='rgb', contrast=None, depth=-9.0, fillColor=array([0, 0, 0]), fillColorSpace='rgb', fillRGB=array([0, 0, 0]), interpolate=True, lineColor=array([1, 1, 1]), lineColorSpace='rgb', lineRGB=array([1, 1, 1]), lineWidth=1.0, name='Total', opacity=1.0, ori=0.0, pos=array([-0.45,  0.3 ]), size=array([0.1, 0.2]), units='height', vertices=ndarray(...), win=Window(...))
12.5163 	EXP 	Created Win = TextStim(__class__=<class 'psychopy.visual.text.TextStim'>, alignHoriz=method-wrapper(...), alignText='center', alignVert=method-wrapper(...), anchorHoriz='center', anchorVert='center', antialias=True, autoDraw=False, autoLog=True, bold=False, color=array([1, 1, 1]), colorSpace='rgb', contrast=1.0, depth=-10.0, flipHoriz=False, flipVert=False, font='Open Sans', fontFiles=[], height=0.03, italic=False, languageStyle='LTR', name='Win', opacity=1.0, ori=0.0, pos=array([-0.45,  0.3 ]), rgb=UNKNOWN, text='', units='height', win=Window(...), wrapWidth=0.22)
12.5164 	EXP 	window1: mouseVisible = True
12.5181 	EXP 	Created LeftHalf_2 = Rect(__class__=<class 'psychopy.visual.rect.Rect'>, anchor=('center', 'center'), autoDraw=False, autoLog=True, closeShape=True, color=method-wrapper(...), colorSpace='rgb', contrast=None, depth=0.0, fillColor=array([1, 1, 1]), fillColorSpace='rgb', fillRGB=array([1, 1, 1]), interpolate=True, lineColor=array([-1, -1, -1]), lineColorSpace='rgb', lineRGB=array([-1, -1, -1]), lineWidth=1.0, name='LeftHalf_2', opacity=1.0, ori=0.0, pos=array([-0.25,  0.  ]), size=array([0.5, 0.8]), units='height', vertices=ndarray(...), win=Window(...))
12.5196 	EXP 	Created RightHalf_2 = Rect(__class__=<class 'psychopy.visual.rect.Rect'>, anchor=('center', 'center'), autoDraw=False, autoLog=True, closeShape=True, color=method-wrapper(...), colorSpace='rgb', contrast=None, depth=-1.0, fillColor=array([1, 1, 1]), fillColorSpace='rgb', fillRGB=array([1, 1, 1]), interpolate=True, lineColor=array([-1, -1, -1]), lineColorSpace='rgb', lineRGB=array([-1, -1, -1]), lineWidth=1.0, name='RightHalf_2', opacity=1.0, ori=0.0, pos=array([0.25, 0.  ]), size=array([0.5, 0.8]), units='height', vertices=ndarray(...), win=Window(...))
12.5211 	EXP 	Created Safe_2 = Rect(__class__=<class 'psychopy.visual.rect.Rect'>, anchor=('center', 'center'), autoDraw=False, autoLog=True, closeShape=True, color=method-wrapper(...), colorSpace='rgb', contrast=None, depth=-2.0, fillColor=array([1, 1, 1]), fillColorSpace='rgb', fillRGB=array([1, 1, 1]), interpolate=True, lineColor=array([1, 1, 1]), lineColorSpace='rgb', lineRGB=array([1, 1, 1]), lineWidth=5.0, name='Safe_2', opacity=1.0, ori=0.0, pos=array([0., 0.]), size=array([0.2, 0.2]), units='height', vertices=ndarray(...), win=Window(...))
12.5228 	EXP 	Created Top_2 = Rect(__class__=<class 'psychopy.visual.rect.Rect'>, anchor=('center', 'center'), autoDraw=False, autoLog=True, closeShape=True, color=method-wrapper(...), colorSpace='rgb', contrast=None, depth=-3.0, fillColor=array([1, 1, 1]), fillColorSpace='rgb', fillRGB=array([1, 1, 1]), interpolate=True, lineColor=array([1, 1, 1]), lineColorSpace='rgb', lineRGB=array([1, 1, 1]), lineWidth=5.0, name='Top_2', opacity=1.0, ori=0.0, pos=array([0., 0.]), size=array([0.2, 0.2]), units='height', vertices=ndarray(...), win=Window(...))
12.5245 	EXP 	Created Bottom_2 = Rect(__class__=<class 'psychopy.visual.rect.Rect'>, anchor=('center', 'center'), autoDraw=False, autoLog=True, closeShape=True, color=method-wrapper(...), colorSpace='rgb', contrast=None, depth=-4.0, fillColor=array([1, 1, 1]), fillColorSpace='rgb', fillRGB=array([1, 1, 1]), interpolate=True, lineColor=array([1, 1, 1]), lineColorSpace='rgb', lineRGB=array([1, 1, 1]), lineWidth=5.0, name='Bottom_2', opacity=1.0, ori=0.0, pos=array([0., 0.]), size=array([0.2, 0.2]), units='height', vertices=ndarray(...), win=Window(...))
12.5252 	EXP 	Created SafeText_2 = TextStim(__class__=<class 'psychopy.visual.text.TextStim'>, alignHoriz=method-wrapper(...), alignText='center', alignVert=method-wrapper(...), anchorHoriz='center', anchorVert='center', antialias=True, autoDraw=False, autoLog=True, bold=False, color=array([-1, -1, -1]), colorSpace='rgb', contrast=1.0, depth=-5.0, flipHoriz=False, flipVert=False, font='Open Sans', fontFiles=[], height=0.06, italic=False, languageStyle='LTR', name='SafeText_2', opacity=1.0, ori=0.0, pos=array([0., 0.]), rgb=UNKNOWN, text='', units='height', win=Window(...), wrapWidth=1)
12.5260 	EXP 	Created TopText_2 = TextStim(__class__=<class 'psychopy.visual.text.TextStim'>, alignHoriz=method-wrapper(...), alignText='center', alignVert=method-wrapper(...), anchorHoriz='center', anchorVert='center', antialias=True, autoDraw=False, autoLog=True, bold=False, color=array([-1, -1, -1]), colorSpace='rgb', contrast=1.0, depth=-6.0, flipHoriz=False, flipVert=False, font='Open Sans', fontFiles=[], height=0.06, italic=False, languageStyle='LTR', name='TopText_2', opacity=1.0, ori=0.0, pos=array([0., 0.]), rgb=UNKNOWN, text='', units='height', win=Window(...), wrapWidth=1)
12.5267 	EXP 	Created BottomText_2 = TextStim(__class__=<class 'psychopy.visual.text.TextStim'>, alignHoriz=method-wrapper(...), alignText='center', alignVert=method-wrapper(...), anchorHoriz='center', anchorVert='center', antialias=True, autoDraw=False, autoLog=True, bold=False, color=array([-1, -1, -1]), colorSpace='rgb', contrast=1.0, depth=-7.0, flipHoriz=False, flipVert=False, font='Open Sans', fontFiles=[], height=0.06, italic=False, languageStyle='LTR', name='BottomText_2', opacity=1.0, ori=0.0, pos=array([0., 0.]), rgb=UNKNOWN, text='', units='height', win=Window(...), wrapWidth=1)
12.5280 	EXP 	Created Total_2 = Rect(__class__=<class 'psychopy.visual.rect.Rect'>, anchor=('center', 'center'), autoDraw=False, autoLog=True, closeShape=True, color=method-wrapper(...), colorSpace='rgb', contrast=None, depth=-8.0, fillColor=array([0, 0, 0]), fillColorSpace='rgb', fillRGB=array([0, 0, 0]), interpolate=True, lineColor=array([1, 1, 1]), lineColorSpace='rgb', lineRGB=array([1, 1, 1]), lineWidth=1.0, name='Total_2', opacity=1.0, ori=0.0, pos=array([-0.45,  0.3 ]), size=array([0.1, 0.2]), units='height', vertices=ndarray(...), win=Window(...))
12.5287 	EXP 	Created Win_2 = TextStim(__class__=<class 'psychopy.visual.text.TextStim'>, alignHoriz=method-wrapper(...), alignText='center', alignVert=method-wrapper(...), anchorHoriz='center', anchorVert='center', antialias=True, autoDraw=False, autoLog=True, bold=False, color=array([1, 1, 1]), colorSpace='rgb', contrast=1.0, depth=-9.0, flipHoriz=False, flipVert=False, font='Open Sans', fontFiles=[], height=0.03, italic=False, languageStyle='LTR', name='Win_2', opacity=1.0, ori=0.0, pos=array([-0.45,  0.3 ]), rgb=UNKNOWN, text='', units='height', win=Window(...), wrapWidth=0.22)
12.5302 	EXP 	Created WinMsg = TextStim(__class__=<class 'psychopy.visual.text.TextStim'>, alignHoriz=method-wrapper(...), alignText='center', alignVert=method-wrapper(...), anchorHoriz='center', anchorVert='center', antialias=True, autoDraw=False, autoLog=True, bold=False, color=array([1, 1, 1]), colorSpace='rgb', contrast=1.0, depth=-10.0, flipHoriz=False, flipVert=False, font='Open Sans', fontFiles=[], height=0.04, italic=False, languageStyle='LTR', name='WinMsg', opacity=1.0, ori=0.0, pos=array([0., 0.]), rgb=UNKNOWN, text='', units='height', win=Window(...), wrapWidth=0.2)
12.5318 	EXP 	Created LeftHalf_3 = Rect(__class__=<class 'psychopy.visual.rect.Rect'>, anchor=('center', 'center'), autoDraw=False, autoLog=True, closeShape=True, color=method-wrapper(...), colorSpace='rgb', contrast=None, depth=-1.0, fillColor=array([1, 1, 1]), fillColorSpace='rgb', fillRGB=array([1, 1, 1]), interpolate=True, lineColor=array([-1, -1, -1]), lineColorSpace='rgb', lineRGB=array([-1, -1, -1]), lineWidth=1.0, name='LeftHalf_3', opacity=1.0, ori=0.0, pos=array([-0.25,  0.  ]), size=array([0.5, 0.8]), units='height', vertices=ndarray(...), win=Window(...))
12.5333 	EXP 	Created RightHalf_3 = Rect(__class__=<class 'psychopy.visual.rect.Rect'>, anchor=('center', 'center'), autoDraw=False, autoLog=True, closeShape=True, color=method-wrapper(...), colorSpace='rgb', contrast=None, depth=-2.0, fillColor=array([1, 1, 1]), fillColorSpace='rgb', fillRGB=array([1, 1, 1]), interpolate=True, lineColor=array([-1, -1, -1]), lineColorSpace='rgb', lineRGB=array([-1, -1, -1]), lineWidth=1.0, name='RightHalf_3', opacity=1.0, ori=0.0, pos=array([0.25, 0.  ]), size=array([0.5, 0.8]), units='height', vertices=ndarray(...), win=Window(...))
12.5347 	EXP 	Created Safe_3 = Rect(__class__=<class 'psychopy.visual.rect.Rect'>, anchor=('center', 'center'), autoDraw=False, autoLog=True, closeShape=True, color=method-wrapper(...), colorSpace='rgb', contrast=None, depth=-3.0, fillColor=array([1, 1, 1]), fillColorSpace='rgb', fillRGB=array([1, 1, 1]), interpolate=True, lineColor=array([1, 1, 1]), lineColorSpace='rgb', lineRGB=array([1, 1, 1]), lineWidth=5.0, name='Safe_3', opacity=1.0, ori=0.0, pos=array([0., 0.]), size=array([0.2, 0.2]), units='height', vertices=ndarray(...), win=Window(...))
12.5361 	EXP 	Created Top_3 = Rect(__class__=<class 'psychopy.visual.rect.Rect'>, anchor=('center', 'center'), autoDraw=False, autoLog=True, closeShape=True, color=method-wrapper(...), colorSpace='rgb', contrast=None, depth=-4.0, fillColor=array([1, 1, 1]), fillColorSpace='rgb', fillRGB=array([1, 1, 1]), interpolate=True, lineColor=array([1, 1, 1]), lineColorSpace='rgb', lineRGB=array([1, 1, 1]), lineWidth=5.0, name='Top_3', opacity=1.0, ori=0.0, pos=array([0., 0.]), size=array([0.2, 0.2]), units='height', vertices=ndarray(...), win=Window(...))
12.5375 	EXP 	Created Bottom_3 = Rect(__class__=<class 'psychopy.visual.rect.Rect'>, anchor=('center', 'center'), autoDraw=False, autoLog=True, closeShape=True, color=method-wrapper(...), colorSpace='rgb', contrast=None, depth=-5.0, fillColor=array([1, 1, 1]), fillColorSpace='rgb', fillRGB=array([1, 1, 1]), interpolate=True, lineColor=array([1, 1, 1]), lineColorSpace='rgb', lineRGB=array([1, 1, 1]), lineWidth=5.0, name='Bottom_3', opacity=1.0, ori=0.0, pos=array([0., 0.]), size=array([0.2, 0.2]), units='height', vertices=ndarray(...), win=Window(...))
12.5386 	EXP 	Created SafeText_3 = TextStim(__class__=<class 'psychopy.visual.text.TextStim'>, alignHoriz=method-wrapper(...), alignText='center', alignVert=method-wrapper(...), anchorHoriz='center', anchorVert='center', antialias=True, autoDraw=False, autoLog=True, bold=False, color=array([-1, -1, -1]), colorSpace='rgb', contrast=1.0, depth=-6.0, flipHoriz=False, flipVert=False, font='Open Sans', fontFiles=[], height=0.06, italic=False, languageStyle='LTR', name='SafeText_3', opacity=1.0, ori=0.0, pos=array([0., 0.]), rgb=UNKNOWN, text='', units='height', win=Window(...), wrapWidth=1)
12.5393 	EXP 	Created TopText_3 = TextStim(__class__=<class 'psychopy.visual.text.TextStim'>, alignHoriz=method-wrapper(...), alignText='center', alignVert=method-wrapper(...), anchorHoriz='center', anchorVert='center', antialias=True, autoDraw=False, autoLog=True, bold=False, color=array([-1, -1, -1]), colorSpace='rgb', contrast=1.0, depth=-7.0, flipHoriz=False, flipVert=False, font='Open Sans', fontFiles=[], height=0.06, italic=False, languageStyle='LTR', name='TopText_3', opacity=1.0, ori=0.0, pos=array([0., 0.]), rgb=UNKNOWN, text='', units='height', win=Window(...), wrapWidth=1)
12.5406 	EXP 	Created BottomText_3 = TextStim(__class__=<class 'psychopy.visual.text.TextStim'>, alignHoriz=method-wrapper(...), alignText='center', alignVert=method-wrapper(...), anchorHoriz='center', anchorVert='center', antialias=True, autoDraw=False, autoLog=True, bold=False, color=array([-1, -1, -1]), colorSpace='rgb', contrast=1.0, depth=-8.0, flipHoriz=False, flipVert=False, font='Open Sans', fontFiles=[], height=0.06, italic=False, languageStyle='LTR', name='BottomText_3', opacity=1.0, ori=0.0, pos=array([0., 0.]), rgb=UNKNOWN, text='', units='height', win=Window(...), wrapWidth=1)
12.5424 	EXP 	Created Total_3 = Rect(__class__=<class 'psychopy.visual.rect.Rect'>, anchor=('center', 'center'), autoDraw=False, autoLog=True, closeShape=True, color=method-wrapper(...), colorSpace='rgb', contrast=None, depth=-9.0, fillColor=array([ 0.2   , -0.6078,  0.6   ]), fillColorSpace='rgb', fillRGB=array([ 0.2   , -0.6078,  0.6   ]), interpolate=True, lineColor=array([1, 1, 1]), lineColorSpace='rgb', lineRGB=array([1, 1, 1]), lineWidth=1.0, name='Total_3', opacity=1.0, ori=0.0, pos=array([-0.45,  0.3 ]), size=array([0.1, 0.2]), units='height', vertices=ndarray(...), win=Window(...))
12.5435 	EXP 	Created Win_3 = TextStim(__class__=<class 'psychopy.visual.text.TextStim'>, alignHoriz=method-wrapper(...), alignText='center', alignVert=method-wrapper(...), anchorHoriz='center', anchorVert='center', antialias=True, autoDraw=False, autoLog=True, bold=False, color=array([1, 1, 1]), colorSpace='rgb', contrast=1.0, depth=-10.0, flipHoriz=False, flipVert=False, font='Open Sans', fontFiles=[], height=0.03, italic=False, languageStyle='LTR', name='Win_3', opacity=1.0, ori=0.0, pos=array([-0.45,  0.3 ]), rgb=UNKNOWN, text='', units='height', win=Window(...), wrapWidth=0.22)
12.5443 	EXP 	Created WinMsg_2 = TextStim(__class__=<class 'psychopy.visual.text.TextStim'>, alignHoriz=method-wrapper(...), alignText='center', alignVert=method-wrapper(...), anchorHoriz='center', anchorVert='center', antialias=True, autoDraw=False, autoLog=True, bold=False, color=array([1, 1, 1]), colorSpace='rgb', contrast=1.0, depth=-11.0, flipHoriz=False, flipVert=False, font='Open Sans', fontFiles=[], height=0.04, italic=False, languageStyle='LTR', name='WinMsg_2', opacity=1.0, ori=0.0, pos=array([0., 0.]), rgb=UNKNOWN, text='', units='height', win=Window(...), wrapWidth=0.2)
12.6110 	EXP 	Created timeoutText = TextStim(__class__=<class 'psychopy.visual.text.TextStim'>, alignHoriz=method-wrapper(...), alignText='center', alignVert=method-wrapper(...), anchorHoriz='center', anchorVert='center', antialias=True, autoDraw=False, autoLog=True, bold=False, color=array([1, 1, 1]), colorSpace='rgb', contrast=1.0, depth=0.0, flipHoriz=False, flipVert=False, font='Open Sans', fontFiles=[], height=0.05, italic=False, languageStyle='LTR', name='timeoutText', opacity=1.0, ori=0.0, pos=array([0., 0.]), rgb=UNKNOWN, text='Please respond faster', units='height', win=Window(...), wrapWidth=1)
12.6166 	EXP 	window1: mouseVisible = True
12.9909 	EXP 	Created HowHappySlider = Slider(__class__=<class 'psychopy.visual.slider.Slider'>, autoDraw=False, autoLog=True, borderColor=None, color=None, colorSpace='rgb', depth=-1, fillColor=None, flip=False, font='Open Sans', granularity=0.0, labelColor=None, labelHeight=0.05, labelWrapWidth=None, labels=(1, 2, 3, 4, 5, 6, 7, 8, 9, 10), lineColor=None, markerColor=None, name='HowHappySlider', opacity=None, ori=0.0, pos=array([ 0. , -0.2]), readOnly=False, self=UNKNOWN, size=array([1. , 0.1]), startValue=None, style='rating', styleTweaks=[], ticks=array([ 1,  2,  3,  4,  5,  6,  7,  8,  9, 10]), units='height', win=Window(...))
13.0037 	EXP 	Created UnHappy = TextStim(__class__=<class 'psychopy.visual.text.TextStim'>, alignHoriz=method-wrapper(...), alignText='center', alignVert=method-wrapper(...), anchorHoriz='center', anchorVert='center', antialias=True, autoDraw=False, autoLog=True, bold=False, color=array([1, 1, 1]), colorSpace='rgb', contrast=1.0, depth=-2.0, flipHoriz=False, flipVert=False, font='Open Sans', fontFiles=[], height=0.05, italic=False, languageStyle='LTR', name='UnHappy', opacity=1.0, ori=0.0, pos=array([-0.6,  0. ]), rgb=UNKNOWN, text='Very Unhappy', units='height', win=Window(...), wrapWidth=1)
13.0108 	EXP 	Created Happy = TextStim(__class__=<class 'psychopy.visual.text.TextStim'>, alignHoriz=method-wrapper(...), alignText='center', alignVert=method-wrapper(...), anchorHoriz='center', anchorVert='center', antialias=True, autoDraw=False, autoLog=True, bold=False, color=array([1, 1, 1]), colorSpace='rgb', contrast=1.0, depth=-3.0, flipHoriz=False, flipVert=False, font='Open Sans', fontFiles=[], height=0.05, italic=False, languageStyle='LTR', name='Happy', opacity=1.0, ori=0.0, pos=array([0.6, 0. ]), rgb=UNKNOWN, text='Very Happy', units='height', win=Window(...), wrapWidth=1)
13.0282 	EXP 	Created SpacetoExit = TextStim(__class__=<class 'psychopy.visual.text.TextStim'>, alignHoriz=method-wrapper(...), alignText='center', alignVert=method-wrapper(...), anchorHoriz='center', anchorVert='center', antialias=True, autoDraw=False, autoLog=True, bold=False, color=array([1, 1, 1]), colorSpace='rgb', contrast=1.0, depth=-5.0, flipHoriz=False, flipVert=False, font='Open Sans', fontFiles=[], height=0.04, italic=False, languageStyle='LTR', name='SpacetoExit', opacity=1.0, ori=0.0, pos=array([ 0. , -0.4]), rgb=UNKNOWN, text='Press SPACEBAR to Continue', units='height', win=Window(...), wrapWidth=1)
13.0358 	EXP 	Created Cross = TextStim(__class__=<class 'psychopy.visual.text.TextStim'>, alignHoriz=method-wrapper(...), alignText='center', alignVert=method-wrapper(...), anchorHoriz='center', anchorVert='center', antialias=True, autoDraw=False, autoLog=True, bold=False, color=array([-1, -1, -1]), colorSpace='rgb', contrast=1.0, depth=0.0, flipHoriz=False, flipVert=False, font='Open Sans', fontFiles=[], height=0.1, italic=False, languageStyle='LTR', name='Cross', opacity=1.0, ori=0.0, pos=array([0., 0.]), rgb=UNKNOWN, text='+', units='height', win=Window(...), wrapWidth=1)
13.0513 	EXP 	Imported control_files/trialControlwRating.csv as conditions, 150 conditions, 8 params
13.0527 	EXP 	Created sequence: random, trialTypes=150, nReps=1, seed=None
13.0531 	EXP 	New trial (rep=0, index=0): OrderedDict([('TrialType', 'mix'), ('CertainAmt', 0.0), ('TopAmt', -0.5), ('BottomAmt', 0.2), ('Outcome', 'top'), ('RiskSide', 'left'), ('ITI', 1.39), ('Rating', 0)])
13.0982 	EXP 	HowHappySlider: autoLog = True
13.0982 	EXP 	HowHappySlider: markerPos = None
13.0982 	EXP 	HowHappySlider: styleTweaks = []
13.0982 	EXP 	HowHappySlider: styleTweaks = []
13.0982 	EXP 	HowHappySlider: styleTweaks = []
13.0982 	EXP 	HowHappySlider: styleTweaks = []
13.0982 	EXP 	HowHappySlider: contrast = 1.0
13.0982 	EXP 	HowHappySlider: autoLog = True
13.0982 	EXP 	SafeText: height = 0.06
13.0982 	EXP 	SafeText: height = 0.06
13.0982 	EXP 	SafeText: height = 0.06
13.0982 	EXP 	SafeText: text = '$0.00'
13.0982 	EXP 	TopText: height = 0.06
13.0982 	EXP 	TopText: height = 0.06
13.0982 	EXP 	TopText: height = 0.06
13.0982 	EXP 	TopText: text = '$-0.50'
13.0982 	EXP 	BottomText: height = 0.06
13.0982 	EXP 	BottomText: height = 0.06
13.0982 	EXP 	BottomText: height = 0.06
13.0982 	EXP 	BottomText: text = '$0.20'
13.0982 	EXP 	Win: height = 0.03
13.0982 	EXP 	Win: height = 0.03
13.0982 	EXP 	Win: height = 0.03
13.0982 	EXP 	Win: text = 'Total\n$10.00'
13.0982 	EXP 	LeftHalf: autoDraw = True
13.0982 	EXP 	RightHalf: autoDraw = True
13.0982 	EXP 	Safe: autoDraw = True
13.0982 	EXP 	Top: autoDraw = True
13.0982 	EXP 	Bottom: autoDraw = True
13.0982 	EXP 	SafeText: autoDraw = True
13.0982 	EXP 	TopText: autoDraw = True
13.0982 	EXP 	BottomText: autoDraw = True
13.0982 	EXP 	Total: autoDraw = True
13.0982 	EXP 	Win: autoDraw = True
13.7971 	DATA 	Mouse: Left button down, pos=(644,439)
13.8001 	EXP 	Created sequence: random, trialTypes=1, nReps=1, seed=None
13.8003 	EXP 	New trial (rep=0, index=0): None
13.8282 	EXP 	LeftHalf: autoDraw = False
13.8282 	EXP 	RightHalf: autoDraw = False
13.8282 	EXP 	Safe: autoDraw = False
13.8282 	EXP 	Top: autoDraw = False
13.8282 	EXP 	Bottom: autoDraw = False
13.8282 	EXP 	SafeText: autoDraw = False
13.8282 	EXP 	TopText: autoDraw = False
13.8282 	EXP 	BottomText: autoDraw = False
13.8282 	EXP 	Total: autoDraw = False
13.8282 	EXP 	Win: autoDraw = False
13.8282 	EXP 	Safe_2: borderColor = <psychopy.colors.Color: black, alpha=1.0>
13.8282 	EXP 	Top_2: borderColor = <psychopy.colors.Color: yellow, alpha=1.0>
13.8282 	EXP 	Bottom_2: borderColor = <psychopy.colors.Color: yellow, alpha=1.0>
13.8282 	EXP 	SafeText_2: height = 0.06
13.8282 	EXP 	SafeText_2: height = 0.06
13.8282 	EXP 	SafeText_2: height = 0.06
13.8282 	EXP 	SafeText_2: text = '$0.00'
13.8282 	EXP 	TopText_2: height = 0.06
13.8282 	EXP 	TopText_2: height = 0.06
13.8282 	EXP 	TopText_2: height = 0.06
13.8282 	EXP 	TopText_2: text = '$-0.50'
13.8282 	EXP 	BottomText_2: height = 0.06
13.8282 	EXP 	BottomText_2: height = 0.06
13.8282 	EXP 	BottomText_2: height = 0.06
13.8282 	EXP 	BottomText_2: text = '$0.20'
13.8282 	EXP 	Win_2: height = 0.03
13.8282 	EXP 	Win_2: height = 0.03
13.8282 	EXP 	Win_2: height = 0.03
13.8282 	EXP 	Win_2: text = 'Total\n$9.50'
13.8282 	EXP 	WinMsg: foreColor = <psychopy.colors.Color: black, alpha=1.0>
13.8282 	EXP 	WinMsg: text = ''
13.8282 	EXP 	LeftHalf_2: autoDraw = True
13.8282 	EXP 	RightHalf_2: autoDraw = True
13.8282 	EXP 	Safe_2: autoDraw = True
13.8282 	EXP 	Top_2: autoDraw = True
13.8282 	EXP 	Bottom_2: autoDraw = True
13.8282 	EXP 	SafeText_2: autoDraw = True
13.8282 	EXP 	TopText_2: autoDraw = True
13.8282 	EXP 	BottomText_2: autoDraw = True
13.8282 	EXP 	Total_2: autoDraw = True
13.8282 	EXP 	Win_2: autoDraw = True
13.8282 	EXP 	WinMsg: autoDraw = True
13.8282 	EXP 	WinMsg: height = 0.04
13.8282 	EXP 	WinMsg: height = 0.04
13.8282 	EXP 	WinMsg: height = 0.04
13.8282 	EXP 	WinMsg: text = ''
13.8997 	DATA 	Mouse:  Left button up, pos=(644,439)
15.8623 	EXP 	LeftHalf_2: autoDraw = False
15.8623 	EXP 	RightHalf_2: autoDraw = False
15.8623 	EXP 	Safe_2: autoDraw = False
15.8623 	EXP 	Top_2: autoDraw = False
15.8623 	EXP 	Bottom_2: autoDraw = False
15.8623 	EXP 	SafeText_2: autoDraw = False
15.8623 	EXP 	TopText_2: autoDraw = False
15.8623 	EXP 	BottomText_2: autoDraw = False
15.8623 	EXP 	Total_2: autoDraw = False
15.8623 	EXP 	Win_2: autoDraw = False
15.8623 	EXP 	WinMsg: autoDraw = False
15.8623 	EXP 	Safe_3: borderColor = <psychopy.colors.Color: black, alpha=1.0>
15.8623 	EXP 	Top_3: borderColor = <psychopy.colors.Color: red, alpha=1.0>
15.8623 	EXP 	Bottom_3: borderColor = <psychopy.colors.Color: black, alpha=1.0>
15.8623 	EXP 	SafeText_3: height = 0.06
15.8623 	EXP 	SafeText_3: height = 0.06
15.8623 	EXP 	SafeText_3: height = 0.06
15.8623 	EXP 	SafeText_3: text = '$0.00'
15.8623 	EXP 	TopText_3: height = 0.06
15.8623 	EXP 	TopText_3: height = 0.06
15.8623 	EXP 	TopText_3: height = 0.06
15.8623 	EXP 	TopText_3: text = '$-0.50'
15.8623 	EXP 	BottomText_3: height = 0.06
15.8623 	EXP 	BottomText_3: height = 0.06
15.8623 	EXP 	BottomText_3: height = 0.06
15.8623 	EXP 	BottomText_3: text = '$0.20'
15.8623 	EXP 	Win_3: height = 0.03
15.8623 	EXP 	Win_3: height = 0.03
15.8623 	EXP 	Win_3: height = 0.03
15.8623 	EXP 	Win_3: text = 'Total\n$9.50'
15.8623 	EXP 	WinMsg_2: foreColor = <psychopy.colors.Color: red, alpha=1.0>
15.8623 	EXP 	WinMsg_2: height = 0.04
15.8623 	EXP 	WinMsg_2: height = 0.04
15.8623 	EXP 	WinMsg_2: height = 0.04
15.8623 	EXP 	WinMsg_2: text = 'You lost $-0.50!'
15.8623 	EXP 	LeftHalf_3: autoDraw = True
15.8623 	EXP 	RightHalf_3: autoDraw = True
15.8623 	EXP 	Safe_3: autoDraw = True
15.8623 	EXP 	Top_3: autoDraw = True
15.8623 	EXP 	Bottom_3: autoDraw = True
15.8623 	EXP 	SafeText_3: autoDraw = True
15.8623 	EXP 	TopText_3: autoDraw = True
15.8623 	EXP 	BottomText_3: autoDraw = True
15.8623 	EXP 	Total_3: autoDraw = True
15.8623 	EXP 	Win_3: autoDraw = True
15.8623 	EXP 	WinMsg_2: autoDraw = True
17.8153 	EXP 	Created sequence: random, trialTypes=1, nReps=0, seed=None
17.8156 	EXP 	Created sequence: random, trialTypes=1, nReps=0, seed=None
17.8299 	EXP 	LeftHalf_3: autoDraw = False
17.8299 	EXP 	RightHalf_3: autoDraw = False
17.8299 	EXP 	Safe_3: autoDraw = False
17.8299 	EXP 	Top_3: autoDraw = False
17.8299 	EXP 	Bottom_3: autoDraw = False
17.8299 	EXP 	SafeText_3: autoDraw = False
17.8299 	EXP 	TopText_3: autoDraw = False
17.8299 	EXP 	BottomText_3: autoDraw = False
17.8299 	EXP 	Total_3: autoDraw = False
17.8299 	EXP 	Win_3: autoDraw = False
17.8299 	EXP 	WinMsg_2: autoDraw = False
17.8299 	EXP 	Cross: autoDraw = True
19.2150 	EXP 	New trial (rep=0, index=1): OrderedDict([('TrialType', 'gain'), ('CertainAmt', 0.3), ('TopAmt', 0.0), ('BottomAmt', 1.08), ('Outcome', 'top'), ('RiskSide', 'right'), ('ITI', 1.03), ('Rating', 1)])
19.2468 	EXP 	Cross: autoDraw = False
19.2468 	EXP 	Cross: autoDraw = False
19.2468 	EXP 	SafeText: height = 0.06
19.2468 	EXP 	SafeText: height = 0.06
19.2468 	EXP 	SafeText: height = 0.06
19.2468 	EXP 	SafeText: text = '$0.30'
19.2468 	EXP 	TopText: height = 0.06
19.2468 	EXP 	TopText: height = 0.06
19.2468 	EXP 	TopText: height = 0.06
19.2468 	EXP 	TopText: text = '$0.00'
19.2468 	EXP 	BottomText: height = 0.06
19.2468 	EXP 	BottomText: height = 0.06
19.2468 	EXP 	BottomText: height = 0.06
19.2468 	EXP 	BottomText: text = '$1.08'
19.2468 	EXP 	Win: height = 0.03
19.2468 	EXP 	Win: height = 0.03
19.2468 	EXP 	Win: height = 0.03
19.2468 	EXP 	Win: text = 'Total\n$9.50'
19.2468 	EXP 	LeftHalf: autoDraw = True
19.2468 	EXP 	RightHalf: autoDraw = True
19.2468 	EXP 	Safe: autoDraw = True
19.2468 	EXP 	Top: autoDraw = True
19.2468 	EXP 	Bottom: autoDraw = True
19.2468 	EXP 	SafeText: autoDraw = True
19.2468 	EXP 	TopText: autoDraw = True
19.2468 	EXP 	BottomText: autoDraw = True
19.2468 	EXP 	Total: autoDraw = True
19.2468 	EXP 	Win: autoDraw = True
21.1178 	DATA 	Mouse: Left button down, pos=(979,409)
21.1200 	EXP 	Created sequence: random, trialTypes=1, nReps=1, seed=None
21.1202 	EXP 	New trial (rep=0, index=0): None
21.1483 	EXP 	LeftHalf: autoDraw = False
21.1483 	EXP 	RightHalf: autoDraw = False
21.1483 	EXP 	Safe: autoDraw = False
21.1483 	EXP 	Top: autoDraw = False
21.1483 	EXP 	Bottom: autoDraw = False
21.1483 	EXP 	SafeText: autoDraw = False
21.1483 	EXP 	TopText: autoDraw = False
21.1483 	EXP 	BottomText: autoDraw = False
21.1483 	EXP 	Total: autoDraw = False
21.1483 	EXP 	Win: autoDraw = False
21.1483 	EXP 	Safe_2: borderColor = <psychopy.colors.Color: black, alpha=1.0>
21.1483 	EXP 	Top_2: borderColor = <psychopy.colors.Color: yellow, alpha=1.0>
21.1483 	EXP 	Bottom_2: borderColor = <psychopy.colors.Color: yellow, alpha=1.0>
21.1483 	EXP 	SafeText_2: height = 0.06
21.1483 	EXP 	SafeText_2: height = 0.06
21.1483 	EXP 	SafeText_2: height = 0.06
21.1483 	EXP 	SafeText_2: text = '$0.30'
21.1483 	EXP 	TopText_2: height = 0.06
21.1483 	EXP 	TopText_2: height = 0.06
21.1483 	EXP 	TopText_2: height = 0.06
21.1483 	EXP 	TopText_2: text = '$0.00'
21.1483 	EXP 	BottomText_2: height = 0.06
21.1483 	EXP 	BottomText_2: height = 0.06
21.1483 	EXP 	BottomText_2: height = 0.06
21.1483 	EXP 	BottomText_2: text = '$1.08'
21.1483 	EXP 	Win_2: text = 'Total\n$9.50'
21.1483 	EXP 	WinMsg: foreColor = <psychopy.colors.Color: black, alpha=1.0>
21.1483 	EXP 	WinMsg: text = ''
21.1483 	EXP 	LeftHalf_2: autoDraw = True
21.1483 	EXP 	RightHalf_2: autoDraw = True
21.1483 	EXP 	Safe_2: autoDraw = True
21.1483 	EXP 	Top_2: autoDraw = True
21.1483 	EXP 	Bottom_2: autoDraw = True
21.1483 	EXP 	SafeText_2: autoDraw = True
21.1483 	EXP 	TopText_2: autoDraw = True
21.1483 	EXP 	BottomText_2: autoDraw = True
21.1483 	EXP 	Total_2: autoDraw = True
21.1483 	EXP 	Win_2: autoDraw = True
21.1483 	EXP 	WinMsg: autoDraw = True
21.2689 	DATA 	Mouse:  Left button up, pos=(979,409)
23.1650 	EXP 	LeftHalf_2: autoDraw = False
23.1650 	EXP 	RightHalf_2: autoDraw = False
23.1650 	EXP 	Safe_2: autoDraw = False
23.1650 	EXP 	Top_2: autoDraw = False
23.1650 	EXP 	Bottom_2: autoDraw = False
23.1650 	EXP 	SafeText_2: autoDraw = False
23.1650 	EXP 	TopText_2: autoDraw = False
23.1650 	EXP 	BottomText_2: autoDraw = False
23.1650 	EXP 	Total_2: autoDraw = False
23.1650 	EXP 	Win_2: autoDraw = False
23.1650 	EXP 	WinMsg: autoDraw = False
23.1650 	EXP 	Safe_3: borderColor = <psychopy.colors.Color: black, alpha=1.0>
23.1650 	EXP 	Top_3: borderColor = <psychopy.colors.Color: red, alpha=1.0>
23.1650 	EXP 	Bottom_3: borderColor = <psychopy.colors.Color: black, alpha=1.0>
23.1650 	EXP 	SafeText_3: height = 0.06
23.1650 	EXP 	SafeText_3: height = 0.06
23.1650 	EXP 	SafeText_3: height = 0.06
23.1650 	EXP 	SafeText_3: text = '$0.30'
23.1650 	EXP 	TopText_3: height = 0.06
23.1650 	EXP 	TopText_3: height = 0.06
23.1650 	EXP 	TopText_3: height = 0.06
23.1650 	EXP 	TopText_3: text = '$0.00'
23.1650 	EXP 	BottomText_3: height = 0.06
23.1650 	EXP 	BottomText_3: height = 0.06
23.1650 	EXP 	BottomText_3: height = 0.06
23.1650 	EXP 	BottomText_3: text = '$1.08'
23.1650 	EXP 	Win_3: text = 'Total\n$9.50'
23.1650 	EXP 	WinMsg_2: foreColor = <psychopy.colors.Color: red, alpha=1.0>
23.1650 	EXP 	WinMsg_2: height = 0.04
23.1650 	EXP 	WinMsg_2: height = 0.04
23.1650 	EXP 	WinMsg_2: height = 0.04
23.1650 	EXP 	WinMsg_2: text = 'You lost $0.00!'
23.1650 	EXP 	LeftHalf_3: autoDraw = True
23.1650 	EXP 	RightHalf_3: autoDraw = True
23.1650 	EXP 	Safe_3: autoDraw = True
23.1650 	EXP 	Top_3: autoDraw = True
23.1650 	EXP 	Bottom_3: autoDraw = True
23.1650 	EXP 	SafeText_3: autoDraw = True
23.1650 	EXP 	TopText_3: autoDraw = True
23.1650 	EXP 	BottomText_3: autoDraw = True
23.1650 	EXP 	Total_3: autoDraw = True
23.1650 	EXP 	Win_3: autoDraw = True
23.1650 	EXP 	WinMsg_2: autoDraw = True
25.1346 	EXP 	Created sequence: random, trialTypes=1, nReps=0, seed=None
25.1349 	EXP 	Created sequence: random, trialTypes=1, nReps=0, seed=None
25.1502 	EXP 	LeftHalf_3: autoDraw = False
25.1502 	EXP 	RightHalf_3: autoDraw = False
25.1502 	EXP 	Safe_3: autoDraw = False
25.1502 	EXP 	Top_3: autoDraw = False
25.1502 	EXP 	Bottom_3: autoDraw = False
25.1502 	EXP 	SafeText_3: autoDraw = False
25.1502 	EXP 	TopText_3: autoDraw = False
25.1502 	EXP 	BottomText_3: autoDraw = False
25.1502 	EXP 	Total_3: autoDraw = False
25.1502 	EXP 	Win_3: autoDraw = False
25.1502 	EXP 	WinMsg_2: autoDraw = False
25.1502 	EXP 	Cross: autoDraw = True
26.1679 	EXP 	New trial (rep=0, index=2): OrderedDict([('TrialType', 'mix'), ('CertainAmt', 0.0), ('TopAmt', -0.8), ('BottomAmt', 0.42), ('Outcome', 'top'), ('RiskSide', 'right'), ('ITI', 1.95), ('Rating', 0)])
26.2001 	EXP 	Cross: autoDraw = False
26.2001 	EXP 	Cross: autoDraw = False
26.2001 	EXP 	SafeText: height = 0.06
26.2001 	EXP 	SafeText: height = 0.06
26.2001 	EXP 	SafeText: height = 0.06
26.2001 	EXP 	SafeText: text = '$0.00'
26.2001 	EXP 	TopText: height = 0.06
26.2001 	EXP 	TopText: height = 0.06
26.2001 	EXP 	TopText: height = 0.06
26.2001 	EXP 	TopText: text = '$-0.80'
26.2001 	EXP 	BottomText: height = 0.06
26.2001 	EXP 	BottomText: height = 0.06
26.2001 	EXP 	BottomText: height = 0.06
26.2001 	EXP 	BottomText: text = '$0.42'
26.2001 	EXP 	Win: text = 'Total\n$9.50'
26.2001 	EXP 	LeftHalf: autoDraw = True
26.2001 	EXP 	RightHalf: autoDraw = True
26.2001 	EXP 	Safe: autoDraw = True
26.2001 	EXP 	Top: autoDraw = True
26.2001 	EXP 	Bottom: autoDraw = True
26.2001 	EXP 	SafeText: autoDraw = True
26.2001 	EXP 	TopText: autoDraw = True
26.2001 	EXP 	BottomText: autoDraw = True
26.2001 	EXP 	Total: autoDraw = True
26.2001 	EXP 	Win: autoDraw = True
26.8690 	DATA 	Mouse: Left button down, pos=(983,411)
26.8712 	EXP 	Created sequence: random, trialTypes=1, nReps=1, seed=None
26.8714 	EXP 	New trial (rep=0, index=0): None
26.8999 	EXP 	LeftHalf: autoDraw = False
26.8999 	EXP 	RightHalf: autoDraw = False
26.8999 	EXP 	Safe: autoDraw = False
26.8999 	EXP 	Top: autoDraw = False
26.8999 	EXP 	Bottom: autoDraw = False
26.8999 	EXP 	SafeText: autoDraw = False
26.8999 	EXP 	TopText: autoDraw = False
26.8999 	EXP 	BottomText: autoDraw = False
26.8999 	EXP 	Total: autoDraw = False
26.8999 	EXP 	Win: autoDraw = False
26.8999 	EXP 	Safe_2: borderColor = <psychopy.colors.Color: black, alpha=1.0>
26.8999 	EXP 	Top_2: borderColor = <psychopy.colors.Color: yellow, alpha=1.0>
26.8999 	EXP 	Bottom_2: borderColor = <psychopy.colors.Color: yellow, alpha=1.0>
26.8999 	EXP 	SafeText_2: height = 0.06
26.8999 	EXP 	SafeText_2: height = 0.06
26.8999 	EXP 	SafeText_2: height = 0.06
26.8999 	EXP 	SafeText_2: text = '$0.00'
26.8999 	EXP 	TopText_2: height = 0.06
26.8999 	EXP 	TopText_2: height = 0.06
26.8999 	EXP 	TopText_2: height = 0.06
26.8999 	EXP 	TopText_2: text = '$-0.80'
26.8999 	EXP 	BottomText_2: height = 0.06
26.8999 	EXP 	BottomText_2: height = 0.06
26.8999 	EXP 	BottomText_2: height = 0.06
26.8999 	EXP 	BottomText_2: text = '$0.42'
26.8999 	EXP 	Win_2: height = 0.03
26.8999 	EXP 	Win_2: height = 0.03
26.8999 	EXP 	Win_2: height = 0.03
26.8999 	EXP 	Win_2: text = 'Total\n$8.70'
26.8999 	EXP 	WinMsg: foreColor = <psychopy.colors.Color: black, alpha=1.0>
26.8999 	EXP 	WinMsg: text = ''
26.8999 	EXP 	LeftHalf_2: autoDraw = True
26.8999 	EXP 	RightHalf_2: autoDraw = True
26.8999 	EXP 	Safe_2: autoDraw = True
26.8999 	EXP 	Top_2: autoDraw = True
26.8999 	EXP 	Bottom_2: autoDraw = True
26.8999 	EXP 	SafeText_2: autoDraw = True
26.8999 	EXP 	TopText_2: autoDraw = True
26.8999 	EXP 	BottomText_2: autoDraw = True
26.8999 	EXP 	Total_2: autoDraw = True
26.8999 	EXP 	Win_2: autoDraw = True
26.8999 	EXP 	WinMsg: autoDraw = True
26.9736 	DATA 	Mouse:  Left button up, pos=(983,411)
28.9184 	EXP 	LeftHalf_2: autoDraw = False
28.9184 	EXP 	RightHalf_2: autoDraw = False
28.9184 	EXP 	Safe_2: autoDraw = False
28.9184 	EXP 	Top_2: autoDraw = False
28.9184 	EXP 	Bottom_2: autoDraw = False
28.9184 	EXP 	SafeText_2: autoDraw = False
28.9184 	EXP 	TopText_2: autoDraw = False
28.9184 	EXP 	BottomText_2: autoDraw = False
28.9184 	EXP 	Total_2: autoDraw = False
28.9184 	EXP 	Win_2: autoDraw = False
28.9184 	EXP 	WinMsg: autoDraw = False
28.9184 	EXP 	Safe_3: borderColor = <psychopy.colors.Color: black, alpha=1.0>
28.9184 	EXP 	Top_3: borderColor = <psychopy.colors.Color: red, alpha=1.0>
28.9184 	EXP 	Bottom_3: borderColor = <psychopy.colors.Color: black, alpha=1.0>
28.9184 	EXP 	SafeText_3: height = 0.06
28.9184 	EXP 	SafeText_3: height = 0.06
28.9184 	EXP 	SafeText_3: height = 0.06
28.9184 	EXP 	SafeText_3: text = '$0.00'
28.9184 	EXP 	TopText_3: height = 0.06
28.9184 	EXP 	TopText_3: height = 0.06
28.9184 	EXP 	TopText_3: height = 0.06
28.9184 	EXP 	TopText_3: text = '$-0.80'
28.9184 	EXP 	BottomText_3: height = 0.06
28.9184 	EXP 	BottomText_3: height = 0.06
28.9184 	EXP 	BottomText_3: height = 0.06
28.9184 	EXP 	BottomText_3: text = '$0.42'
28.9184 	EXP 	Win_3: height = 0.03
28.9184 	EXP 	Win_3: height = 0.03
28.9184 	EXP 	Win_3: height = 0.03
28.9184 	EXP 	Win_3: text = 'Total\n$8.70'
28.9184 	EXP 	WinMsg_2: foreColor = <psychopy.colors.Color: red, alpha=1.0>
28.9184 	EXP 	WinMsg_2: height = 0.04
28.9184 	EXP 	WinMsg_2: height = 0.04
28.9184 	EXP 	WinMsg_2: height = 0.04
28.9184 	EXP 	WinMsg_2: text = 'You lost $-0.80!'
28.9184 	EXP 	LeftHalf_3: autoDraw = True
28.9184 	EXP 	RightHalf_3: autoDraw = True
28.9184 	EXP 	Safe_3: autoDraw = True
28.9184 	EXP 	Top_3: autoDraw = True
28.9184 	EXP 	Bottom_3: autoDraw = True
28.9184 	EXP 	SafeText_3: autoDraw = True
28.9184 	EXP 	TopText_3: autoDraw = True
28.9184 	EXP 	BottomText_3: autoDraw = True
28.9184 	EXP 	Total_3: autoDraw = True
28.9184 	EXP 	Win_3: autoDraw = True
28.9184 	EXP 	WinMsg_2: autoDraw = True
30.8872 	EXP 	Created sequence: random, trialTypes=1, nReps=0, seed=None
30.8875 	EXP 	Created sequence: random, trialTypes=1, nReps=1, seed=None
30.8877 	EXP 	New trial (rep=0, index=0): None
30.9668 	EXP 	LeftHalf_3: autoDraw = False
30.9668 	EXP 	RightHalf_3: autoDraw = False
30.9668 	EXP 	Safe_3: autoDraw = False
30.9668 	EXP 	Top_3: autoDraw = False
30.9668 	EXP 	Bottom_3: autoDraw = False
30.9668 	EXP 	SafeText_3: autoDraw = False
30.9668 	EXP 	TopText_3: autoDraw = False
30.9668 	EXP 	BottomText_3: autoDraw = False
30.9668 	EXP 	Total_3: autoDraw = False
30.9668 	EXP 	Win_3: autoDraw = False
30.9668 	EXP 	WinMsg_2: autoDraw = False
30.9668 	EXP 	HowHappySlider: markerPos = None
30.9668 	EXP 	HowHappySlider: markerPos = None
30.9668 	EXP 	HowHappySlider: autoDraw = True
30.9668 	EXP 	UnHappy: autoDraw = True
30.9668 	EXP 	Happy: autoDraw = True
53.5933 	DATA 	Mouse: Left button down, pos=(713,251)
53.6423 	EXP 	HowHappySlider: markerPos = 4.927083333333333
53.6756 	EXP 	HowHappySlider: markerPos = 4.927083333333333
53.6953 	DATA 	Mouse:  Left button up, pos=(713,251)
53.7092 	EXP 	HowHappySlider: markerPos = 4.927083333333333
53.7425 	EXP 	HowHappySlider: markerPos = 4.927083333333333
53.7758 	EXP 	SpacetoExit: autoDraw = True
54.7268 	DATA 	Mouse: Left button down, pos=(877,258)
54.7761 	EXP 	HowHappySlider: markerPos = 6.645833333333334
54.8093 	EXP 	HowHappySlider: markerPos = 6.65625
54.8427 	EXP 	HowHappySlider: markerPos = 6.65625
54.8446 	DATA 	Mouse:  Left button up, pos=(879,259)
54.8761 	EXP 	HowHappySlider: markerPos = 6.65625
55.9782 	DATA 	Keypress: escape
56.4745 	EXP 	window1: mouseVisible = True
