2.4866 	WARNING 	We strongly recommend you activate the PTB sound engine in PsychoPy prefs as the preferred audio engine. Its timing is vastly superior. Your prefs are currently set to use ['sounddevice', 'PTB', 'pyo', 'pygame'] (in that order).
8.9215 	EXP 	Created window1 = Window(allowGUI=True, allowStencil=False, autoLog=True, backendConf=UNKNOWN, bitsMode=UNKNOWN, blendMode='avg', bpc=(8, 8, 8), color=array([0, 0, 0]), colorSpace='rgb', depthBits=8, fullscr=<method-wrapper '__getattribute__' of attributeSetter object at 0x00000260416380D0>, gamma=None, gammaErrorPolicy='raise', lms=UNKNOWN, monitor=<psychopy.monitors.calibTools.Monitor object at 0x0000026044A27730>, multiSample=False, name='window1', numSamples=2, pos=(192, 108), screen=0, size=array([1536,  864]), stencilBits=0, stereo=False, units='height', useFBO=True, useRetina=False, viewOri=0.0, viewPos=None, viewScale=None, waitBlanking=True, winType='pyglet')
8.9216 	EXP 	window1: mouseVisible = True
8.9216 	EXP 	window1: mouseVisible = True
8.9217 	EXP 	window1: Attempting to measure frame rate of screen (0) ...
8.9217 	EXP 	window1: recordFrameIntervals = False
9.0881 	EXP 	window1: recordFrameIntervals = True
9.2713 	EXP 	Screen (0) actual frame rate measured at 59.93Hz
9.2713 	EXP 	window1: recordFrameIntervals = False
9.3690 	WARNING 	launchHubServer: If using the iohub mouse or eyetracker devices, fullScr should be True.
12.1859 	EXP 	Created LeftHalf = Rect(__class__=<class 'psychopy.visual.rect.Rect'>, anchor=('center', 'center'), autoDraw=False, autoLog=True, closeShape=True, color=method-wrapper(...), colorSpace='rgb', contrast=None, depth=-1.0, fillColor=array([1, 1, 1]), fillColorSpace='rgb', fillRGB=array([1, 1, 1]), interpolate=True, lineColor=array([-1, -1, -1]), lineColorSpace='rgb', lineRGB=array([-1, -1, -1]), lineWidth=1.0, name='LeftHalf', opacity=1.0, ori=0.0, pos=array([-0.25,  0.  ]), size=array([0.5, 0.8]), units='height', vertices=ndarray(...), win=Window(...))
12.1873 	EXP 	Created RightHalf = Rect(__class__=<class 'psychopy.visual.rect.Rect'>, anchor=('center', 'center'), autoDraw=False, autoLog=True, closeShape=True, color=method-wrapper(...), colorSpace='rgb', contrast=None, depth=-2.0, fillColor=array([1, 1, 1]), fillColorSpace='rgb', fillRGB=array([1, 1, 1]), interpolate=True, lineColor=array([-1, -1, -1]), lineColorSpace='rgb', lineRGB=array([-1, -1, -1]), lineWidth=1.0, name='RightHalf', opacity=1.0, ori=0.0, pos=array([0.25, 0.  ]), size=array([0.5, 0.8]), units='height', vertices=ndarray(...), win=Window(...))
12.1887 	EXP 	Created Safe = Rect(__class__=<class 'psychopy.visual.rect.Rect'>, anchor=('center', 'center'), autoDraw=False, autoLog=True, closeShape=True, color=method-wrapper(...), colorSpace='rgb', contrast=None, depth=-3.0, fillColor=array([1, 1, 1]), fillColorSpace='rgb', fillRGB=array([1, 1, 1]), interpolate=True, lineColor=array([-1, -1, -1]), lineColorSpace='rgb', lineRGB=array([-1, -1, -1]), lineWidth=5.0, name='Safe', opacity=1.0, ori=0.0, pos=array([0., 0.]), size=array([0.2, 0.2]), units='height', vertices=ndarray(...), win=Window(...))
12.1901 	EXP 	Created Top = Rect(__class__=<class 'psychopy.visual.rect.Rect'>, anchor=('center', 'center'), autoDraw=False, autoLog=True, closeShape=True, color=method-wrapper(...), colorSpace='rgb', contrast=None, depth=-4.0, fillColor=array([1, 1, 1]), fillColorSpace='rgb', fillRGB=array([1, 1, 1]), interpolate=True, lineColor=array([-1, -1, -1]), lineColorSpace='rgb', lineRGB=array([-1, -1, -1]), lineWidth=5.0, name='Top', opacity=1.0, ori=0.0, pos=array([0., 0.]), size=array([0.2, 0.2]), units='height', vertices=ndarray(...), win=Window(...))
12.1914 	EXP 	Created Bottom = Rect(__class__=<class 'psychopy.visual.rect.Rect'>, anchor=('center', 'center'), autoDraw=False, autoLog=True, closeShape=True, color=method-wrapper(...), colorSpace='rgb', contrast=None, depth=-5.0, fillColor=array([1, 1, 1]), fillColorSpace='rgb', fillRGB=array([1, 1, 1]), interpolate=True, lineColor=array([-1, -1, -1]), lineColorSpace='rgb', lineRGB=array([-1, -1, -1]), lineWidth=5.0, name='Bottom', opacity=1.0, ori=0.0, pos=array([0., 0.]), size=array([0.2, 0.2]), units='height', vertices=ndarray(...), win=Window(...))
12.2162 	EXP 	Created SafeText = TextStim(__class__=<class 'psychopy.visual.text.TextStim'>, alignHoriz=method-wrapper(...), alignText='center', alignVert=method-wrapper(...), anchorHoriz='center', anchorVert='center', antialias=True, autoDraw=False, autoLog=True, bold=False, color=array([-1, -1, -1]), colorSpace='rgb', contrast=1.0, depth=-6.0, flipHoriz=False, flipVert=False, font='Open Sans', fontFiles=[], height=0.06, italic=False, languageStyle='LTR', name='SafeText', opacity=1.0, ori=0.0, pos=array([0., 0.]), rgb=UNKNOWN, text='', units='height', win=Window(...), wrapWidth=1)
12.2175 	EXP 	Created TopText = TextStim(__class__=<class 'psychopy.visual.text.TextStim'>, alignHoriz=method-wrapper(...), alignText='center', alignVert=method-wrapper(...), anchorHoriz='center', anchorVert='center', antialias=True, autoDraw=False, autoLog=True, bold=False, color=array([-1, -1, -1]), colorSpace='rgb', contrast=1.0, depth=-7.0, flipHoriz=False, flipVert=False, font='Open Sans', fontFiles=[], height=0.06, italic=False, languageStyle='LTR', name='TopText', opacity=1.0, ori=0.0, pos=array([0., 0.]), rgb=UNKNOWN, text='', units='height', win=Window(...), wrapWidth=1)
12.2188 	EXP 	Created BottomText = TextStim(__class__=<class 'psychopy.visual.text.TextStim'>, alignHoriz=method-wrapper(...), alignText='center', alignVert=method-wrapper(...), anchorHoriz='center', anchorVert='center', antialias=True, autoDraw=False, autoLog=True, bold=False, color=array([-1, -1, -1]), colorSpace='rgb', contrast=1.0, depth=-8.0, flipHoriz=False, flipVert=False, font='Open Sans', fontFiles=[], height=0.06, italic=False, languageStyle='LTR', name='BottomText', opacity=1.0, ori=0.0, pos=array([0., 0.]), rgb=UNKNOWN, text='', units='height', win=Window(...), wrapWidth=1)
12.2211 	EXP 	Created Total = Rect(__class__=<class 'psychopy.visual.rect.Rect'>, anchor=('center', 'center'), autoDraw=False, autoLog=True, closeShape=True, color=method-wrapper(...), colorSpace='rgb', contrast=None, depth=-9.0, fillColor=array([0, 0, 0]), fillColorSpace='rgb', fillRGB=array([0, 0, 0]), interpolate=True, lineColor=array([1, 1, 1]), lineColorSpace='rgb', lineRGB=array([1, 1, 1]), lineWidth=1.0, name='Total', opacity=1.0, ori=0.0, pos=array([-0.45,  0.3 ]), size=array([0.1, 0.2]), units='height', vertices=ndarray(...), win=Window(...))
12.2229 	EXP 	Created Win = TextStim(__class__=<class 'psychopy.visual.text.TextStim'>, alignHoriz=method-wrapper(...), alignText='center', alignVert=method-wrapper(...), anchorHoriz='center', anchorVert='center', antialias=True, autoDraw=False, autoLog=True, bold=False, color=array([1, 1, 1]), colorSpace='rgb', contrast=1.0, depth=-10.0, flipHoriz=False, flipVert=False, font='Open Sans', fontFiles=[], height=0.03, italic=False, languageStyle='LTR', name='Win', opacity=1.0, ori=0.0, pos=array([-0.45,  0.3 ]), rgb=UNKNOWN, text='', units='height', win=Window(...), wrapWidth=0.22)
12.2230 	EXP 	window1: mouseVisible = True
12.2248 	EXP 	Created LeftHalf_2 = Rect(__class__=<class 'psychopy.visual.rect.Rect'>, anchor=('center', 'center'), autoDraw=False, autoLog=True, closeShape=True, color=method-wrapper(...), colorSpace='rgb', contrast=None, depth=0.0, fillColor=array([1, 1, 1]), fillColorSpace='rgb', fillRGB=array([1, 1, 1]), interpolate=True, lineColor=array([-1, -1, -1]), lineColorSpace='rgb', lineRGB=array([-1, -1, -1]), lineWidth=1.0, name='LeftHalf_2', opacity=1.0, ori=0.0, pos=array([-0.25,  0.  ]), size=array([0.5, 0.8]), units='height', vertices=ndarray(...), win=Window(...))
12.2263 	EXP 	Created RightHalf_2 = Rect(__class__=<class 'psychopy.visual.rect.Rect'>, anchor=('center', 'center'), autoDraw=False, autoLog=True, closeShape=True, color=method-wrapper(...), colorSpace='rgb', contrast=None, depth=-1.0, fillColor=array([1, 1, 1]), fillColorSpace='rgb', fillRGB=array([1, 1, 1]), interpolate=True, lineColor=array([-1, -1, -1]), lineColorSpace='rgb', lineRGB=array([-1, -1, -1]), lineWidth=1.0, name='RightHalf_2', opacity=1.0, ori=0.0, pos=array([0.25, 0.  ]), size=array([0.5, 0.8]), units='height', vertices=ndarray(...), win=Window(...))
12.2277 	EXP 	Created Safe_2 = Rect(__class__=<class 'psychopy.visual.rect.Rect'>, anchor=('center', 'center'), autoDraw=False, autoLog=True, closeShape=True, color=method-wrapper(...), colorSpace='rgb', contrast=None, depth=-2.0, fillColor=array([1, 1, 1]), fillColorSpace='rgb', fillRGB=array([1, 1, 1]), interpolate=True, lineColor=array([1, 1, 1]), lineColorSpace='rgb', lineRGB=array([1, 1, 1]), lineWidth=5.0, name='Safe_2', opacity=1.0, ori=0.0, pos=array([0., 0.]), size=array([0.2, 0.2]), units='height', vertices=ndarray(...), win=Window(...))
12.2292 	EXP 	Created Top_2 = Rect(__class__=<class 'psychopy.visual.rect.Rect'>, anchor=('center', 'center'), autoDraw=False, autoLog=True, closeShape=True, color=method-wrapper(...), colorSpace='rgb', contrast=None, depth=-3.0, fillColor=array([1, 1, 1]), fillColorSpace='rgb', fillRGB=array([1, 1, 1]), interpolate=True, lineColor=array([1, 1, 1]), lineColorSpace='rgb', lineRGB=array([1, 1, 1]), lineWidth=5.0, name='Top_2', opacity=1.0, ori=0.0, pos=array([0., 0.]), size=array([0.2, 0.2]), units='height', vertices=ndarray(...), win=Window(...))
12.2306 	EXP 	Created Bottom_2 = Rect(__class__=<class 'psychopy.visual.rect.Rect'>, anchor=('center', 'center'), autoDraw=False, autoLog=True, closeShape=True, color=method-wrapper(...), colorSpace='rgb', contrast=None, depth=-4.0, fillColor=array([1, 1, 1]), fillColorSpace='rgb', fillRGB=array([1, 1, 1]), interpolate=True, lineColor=array([1, 1, 1]), lineColorSpace='rgb', lineRGB=array([1, 1, 1]), lineWidth=5.0, name='Bottom_2', opacity=1.0, ori=0.0, pos=array([0., 0.]), size=array([0.2, 0.2]), units='height', vertices=ndarray(...), win=Window(...))
12.2314 	EXP 	Created SafeText_2 = TextStim(__class__=<class 'psychopy.visual.text.TextStim'>, alignHoriz=method-wrapper(...), alignText='center', alignVert=method-wrapper(...), anchorHoriz='center', anchorVert='center', antialias=True, autoDraw=False, autoLog=True, bold=False, color=array([-1, -1, -1]), colorSpace='rgb', contrast=1.0, depth=-5.0, flipHoriz=False, flipVert=False, font='Open Sans', fontFiles=[], height=0.06, italic=False, languageStyle='LTR', name='SafeText_2', opacity=1.0, ori=0.0, pos=array([0., 0.]), rgb=UNKNOWN, text='', units='height', win=Window(...), wrapWidth=1)
12.2322 	EXP 	Created TopText_2 = TextStim(__class__=<class 'psychopy.visual.text.TextStim'>, alignHoriz=method-wrapper(...), alignText='center', alignVert=method-wrapper(...), anchorHoriz='center', anchorVert='center', antialias=True, autoDraw=False, autoLog=True, bold=False, color=array([-1, -1, -1]), colorSpace='rgb', contrast=1.0, depth=-6.0, flipHoriz=False, flipVert=False, font='Open Sans', fontFiles=[], height=0.06, italic=False, languageStyle='LTR', name='TopText_2', opacity=1.0, ori=0.0, pos=array([0., 0.]), rgb=UNKNOWN, text='', units='height', win=Window(...), wrapWidth=1)
12.2329 	EXP 	Created BottomText_2 = TextStim(__class__=<class 'psychopy.visual.text.TextStim'>, alignHoriz=method-wrapper(...), alignText='center', alignVert=method-wrapper(...), anchorHoriz='center', anchorVert='center', antialias=True, autoDraw=False, autoLog=True, bold=False, color=array([-1, -1, -1]), colorSpace='rgb', contrast=1.0, depth=-7.0, flipHoriz=False, flipVert=False, font='Open Sans', fontFiles=[], height=0.06, italic=False, languageStyle='LTR', name='BottomText_2', opacity=1.0, ori=0.0, pos=array([0., 0.]), rgb=UNKNOWN, text='', units='height', win=Window(...), wrapWidth=1)
12.2344 	EXP 	Created Total_2 = Rect(__class__=<class 'psychopy.visual.rect.Rect'>, anchor=('center', 'center'), autoDraw=False, autoLog=True, closeShape=True, color=method-wrapper(...), colorSpace='rgb', contrast=None, depth=-8.0, fillColor=array([0, 0, 0]), fillColorSpace='rgb', fillRGB=array([0, 0, 0]), interpolate=True, lineColor=array([1, 1, 1]), lineColorSpace='rgb', lineRGB=array([1, 1, 1]), lineWidth=1.0, name='Total_2', opacity=1.0, ori=0.0, pos=array([-0.45,  0.3 ]), size=array([0.1, 0.2]), units='height', vertices=ndarray(...), win=Window(...))
12.2355 	EXP 	Created Win_2 = TextStim(__class__=<class 'psychopy.visual.text.TextStim'>, alignHoriz=method-wrapper(...), alignText='center', alignVert=method-wrapper(...), anchorHoriz='center', anchorVert='center', antialias=True, autoDraw=False, autoLog=True, bold=False, color=array([1, 1, 1]), colorSpace='rgb', contrast=1.0, depth=-9.0, flipHoriz=False, flipVert=False, font='Open Sans', fontFiles=[], height=0.03, italic=False, languageStyle='LTR', name='Win_2', opacity=1.0, ori=0.0, pos=array([-0.45,  0.3 ]), rgb=UNKNOWN, text='', units='height', win=Window(...), wrapWidth=0.22)
12.2370 	EXP 	Created WinMsg = TextStim(__class__=<class 'psychopy.visual.text.TextStim'>, alignHoriz=method-wrapper(...), alignText='center', alignVert=method-wrapper(...), anchorHoriz='center', anchorVert='center', antialias=True, autoDraw=False, autoLog=True, bold=False, color=array([1, 1, 1]), colorSpace='rgb', contrast=1.0, depth=-10.0, flipHoriz=False, flipVert=False, font='Open Sans', fontFiles=[], height=0.04, italic=False, languageStyle='LTR', name='WinMsg', opacity=1.0, ori=0.0, pos=array([0., 0.]), rgb=UNKNOWN, text='', units='height', win=Window(...), wrapWidth=0.2)
12.2386 	EXP 	Created LeftHalf_3 = Rect(__class__=<class 'psychopy.visual.rect.Rect'>, anchor=('center', 'center'), autoDraw=False, autoLog=True, closeShape=True, color=method-wrapper(...), colorSpace='rgb', contrast=None, depth=-1.0, fillColor=array([1, 1, 1]), fillColorSpace='rgb', fillRGB=array([1, 1, 1]), interpolate=True, lineColor=array([-1, -1, -1]), lineColorSpace='rgb', lineRGB=array([-1, -1, -1]), lineWidth=1.0, name='LeftHalf_3', opacity=1.0, ori=0.0, pos=array([-0.25,  0.  ]), size=array([0.5, 0.8]), units='height', vertices=ndarray(...), win=Window(...))
12.2407 	EXP 	Created RightHalf_3 = Rect(__class__=<class 'psychopy.visual.rect.Rect'>, anchor=('center', 'center'), autoDraw=False, autoLog=True, closeShape=True, color=method-wrapper(...), colorSpace='rgb', contrast=None, depth=-2.0, fillColor=array([1, 1, 1]), fillColorSpace='rgb', fillRGB=array([1, 1, 1]), interpolate=True, lineColor=array([-1, -1, -1]), lineColorSpace='rgb', lineRGB=array([-1, -1, -1]), lineWidth=1.0, name='RightHalf_3', opacity=1.0, ori=0.0, pos=array([0.25, 0.  ]), size=array([0.5, 0.8]), units='height', vertices=ndarray(...), win=Window(...))
12.2424 	EXP 	Created Safe_3 = Rect(__class__=<class 'psychopy.visual.rect.Rect'>, anchor=('center', 'center'), autoDraw=False, autoLog=True, closeShape=True, color=method-wrapper(...), colorSpace='rgb', contrast=None, depth=-3.0, fillColor=array([1, 1, 1]), fillColorSpace='rgb', fillRGB=array([1, 1, 1]), interpolate=True, lineColor=array([1, 1, 1]), lineColorSpace='rgb', lineRGB=array([1, 1, 1]), lineWidth=5.0, name='Safe_3', opacity=1.0, ori=0.0, pos=array([0., 0.]), size=array([0.2, 0.2]), units='height', vertices=ndarray(...), win=Window(...))
12.2440 	EXP 	Created Top_3 = Rect(__class__=<class 'psychopy.visual.rect.Rect'>, anchor=('center', 'center'), autoDraw=False, autoLog=True, closeShape=True, color=method-wrapper(...), colorSpace='rgb', contrast=None, depth=-4.0, fillColor=array([1, 1, 1]), fillColorSpace='rgb', fillRGB=array([1, 1, 1]), interpolate=True, lineColor=array([1, 1, 1]), lineColorSpace='rgb', lineRGB=array([1, 1, 1]), lineWidth=5.0, name='Top_3', opacity=1.0, ori=0.0, pos=array([0., 0.]), size=array([0.2, 0.2]), units='height', vertices=ndarray(...), win=Window(...))
12.2454 	EXP 	Created Bottom_3 = Rect(__class__=<class 'psychopy.visual.rect.Rect'>, anchor=('center', 'center'), autoDraw=False, autoLog=True, closeShape=True, color=method-wrapper(...), colorSpace='rgb', contrast=None, depth=-5.0, fillColor=array([1, 1, 1]), fillColorSpace='rgb', fillRGB=array([1, 1, 1]), interpolate=True, lineColor=array([1, 1, 1]), lineColorSpace='rgb', lineRGB=array([1, 1, 1]), lineWidth=5.0, name='Bottom_3', opacity=1.0, ori=0.0, pos=array([0., 0.]), size=array([0.2, 0.2]), units='height', vertices=ndarray(...), win=Window(...))
12.2462 	EXP 	Created SafeText_3 = TextStim(__class__=<class 'psychopy.visual.text.TextStim'>, alignHoriz=method-wrapper(...), alignText='center', alignVert=method-wrapper(...), anchorHoriz='center', anchorVert='center', antialias=True, autoDraw=False, autoLog=True, bold=False, color=array([-1, -1, -1]), colorSpace='rgb', contrast=1.0, depth=-6.0, flipHoriz=False, flipVert=False, font='Open Sans', fontFiles=[], height=0.06, italic=False, languageStyle='LTR', name='SafeText_3', opacity=1.0, ori=0.0, pos=array([0., 0.]), rgb=UNKNOWN, text='', units='height', win=Window(...), wrapWidth=1)
12.2471 	EXP 	Created TopText_3 = TextStim(__class__=<class 'psychopy.visual.text.TextStim'>, alignHoriz=method-wrapper(...), alignText='center', alignVert=method-wrapper(...), anchorHoriz='center', anchorVert='center', antialias=True, autoDraw=False, autoLog=True, bold=False, color=array([-1, -1, -1]), colorSpace='rgb', contrast=1.0, depth=-7.0, flipHoriz=False, flipVert=False, font='Open Sans', fontFiles=[], height=0.06, italic=False, languageStyle='LTR', name='TopText_3', opacity=1.0, ori=0.0, pos=array([0., 0.]), rgb=UNKNOWN, text='', units='height', win=Window(...), wrapWidth=1)
12.2479 	EXP 	Created BottomText_3 = TextStim(__class__=<class 'psychopy.visual.text.TextStim'>, alignHoriz=method-wrapper(...), alignText='center', alignVert=method-wrapper(...), anchorHoriz='center', anchorVert='center', antialias=True, autoDraw=False, autoLog=True, bold=False, color=array([-1, -1, -1]), colorSpace='rgb', contrast=1.0, depth=-8.0, flipHoriz=False, flipVert=False, font='Open Sans', fontFiles=[], height=0.06, italic=False, languageStyle='LTR', name='BottomText_3', opacity=1.0, ori=0.0, pos=array([0., 0.]), rgb=UNKNOWN, text='', units='height', win=Window(...), wrapWidth=1)
12.2494 	EXP 	Created Total_3 = Rect(__class__=<class 'psychopy.visual.rect.Rect'>, anchor=('center', 'center'), autoDraw=False, autoLog=True, closeShape=True, color=method-wrapper(...), colorSpace='rgb', contrast=None, depth=-9.0, fillColor=array([ 0.2   , -0.6078,  0.6   ]), fillColorSpace='rgb', fillRGB=array([ 0.2   , -0.6078,  0.6   ]), interpolate=True, lineColor=array([1, 1, 1]), lineColorSpace='rgb', lineRGB=array([1, 1, 1]), lineWidth=1.0, name='Total_3', opacity=1.0, ori=0.0, pos=array([-0.45,  0.3 ]), size=array([0.1, 0.2]), units='height', vertices=ndarray(...), win=Window(...))
12.2502 	EXP 	Created Win_3 = TextStim(__class__=<class 'psychopy.visual.text.TextStim'>, alignHoriz=method-wrapper(...), alignText='center', alignVert=method-wrapper(...), anchorHoriz='center', anchorVert='center', antialias=True, autoDraw=False, autoLog=True, bold=False, color=array([1, 1, 1]), colorSpace='rgb', contrast=1.0, depth=-10.0, flipHoriz=False, flipVert=False, font='Open Sans', fontFiles=[], height=0.03, italic=False, languageStyle='LTR', name='Win_3', opacity=1.0, ori=0.0, pos=array([-0.45,  0.3 ]), rgb=UNKNOWN, text='', units='height', win=Window(...), wrapWidth=0.22)
12.2511 	EXP 	Created WinMsg_2 = TextStim(__class__=<class 'psychopy.visual.text.TextStim'>, alignHoriz=method-wrapper(...), alignText='center', alignVert=method-wrapper(...), anchorHoriz='center', anchorVert='center', antialias=True, autoDraw=False, autoLog=True, bold=False, color=array([1, 1, 1]), colorSpace='rgb', contrast=1.0, depth=-11.0, flipHoriz=False, flipVert=False, font='Open Sans', fontFiles=[], height=0.04, italic=False, languageStyle='LTR', name='WinMsg_2', opacity=1.0, ori=0.0, pos=array([0., 0.]), rgb=UNKNOWN, text='', units='height', win=Window(...), wrapWidth=0.2)
12.3190 	EXP 	Created timeoutText = TextStim(__class__=<class 'psychopy.visual.text.TextStim'>, alignHoriz=method-wrapper(...), alignText='center', alignVert=method-wrapper(...), anchorHoriz='center', anchorVert='center', antialias=True, autoDraw=False, autoLog=True, bold=False, color=array([1, 1, 1]), colorSpace='rgb', contrast=1.0, depth=0.0, flipHoriz=False, flipVert=False, font='Open Sans', fontFiles=[], height=0.05, italic=False, languageStyle='LTR', name='timeoutText', opacity=1.0, ori=0.0, pos=array([0., 0.]), rgb=UNKNOWN, text='Please respond faster', units='height', win=Window(...), wrapWidth=1)
12.3249 	EXP 	window1: mouseVisible = True
12.6909 	EXP 	Created HowHappySlider = Slider(__class__=<class 'psychopy.visual.slider.Slider'>, autoDraw=False, autoLog=True, borderColor=None, color=None, colorSpace='rgb', depth=0, fillColor=None, flip=False, font='Open Sans', granularity=0.0, labelColor=None, labelHeight=0.05, labelWrapWidth=None, labels=(1, 2, 3, 4, 5, 6, 7, 8, 9, 10), lineColor=None, markerColor=None, name='HowHappySlider', opacity=None, ori=0.0, pos=array([ 0. , -0.2]), readOnly=False, self=UNKNOWN, size=array([1. , 0.1]), startValue=None, style='rating', styleTweaks=[], ticks=array([ 1,  2,  3,  4,  5,  6,  7,  8,  9, 10]), units='height', win=Window(...))
12.7043 	EXP 	Created UnHappy = TextStim(__class__=<class 'psychopy.visual.text.TextStim'>, alignHoriz=method-wrapper(...), alignText='center', alignVert=method-wrapper(...), anchorHoriz='center', anchorVert='center', antialias=True, autoDraw=False, autoLog=True, bold=False, color=array([1, 1, 1]), colorSpace='rgb', contrast=1.0, depth=-2.0, flipHoriz=False, flipVert=False, font='Open Sans', fontFiles=[], height=0.05, italic=False, languageStyle='LTR', name='UnHappy', opacity=1.0, ori=0.0, pos=array([-0.6,  0. ]), rgb=UNKNOWN, text='Very Unhappy', units='height', win=Window(...), wrapWidth=1)
12.7110 	EXP 	Created Happy = TextStim(__class__=<class 'psychopy.visual.text.TextStim'>, alignHoriz=method-wrapper(...), alignText='center', alignVert=method-wrapper(...), anchorHoriz='center', anchorVert='center', antialias=True, autoDraw=False, autoLog=True, bold=False, color=array([1, 1, 1]), colorSpace='rgb', contrast=1.0, depth=-3.0, flipHoriz=False, flipVert=False, font='Open Sans', fontFiles=[], height=0.05, italic=False, languageStyle='LTR', name='Happy', opacity=1.0, ori=0.0, pos=array([0.6, 0. ]), rgb=UNKNOWN, text='Very Happy', units='height', win=Window(...), wrapWidth=1)
12.7299 	EXP 	Created SpacetoExit = TextStim(__class__=<class 'psychopy.visual.text.TextStim'>, alignHoriz=method-wrapper(...), alignText='center', alignVert=method-wrapper(...), anchorHoriz='center', anchorVert='center', antialias=True, autoDraw=False, autoLog=True, bold=False, color=array([1, 1, 1]), colorSpace='rgb', contrast=1.0, depth=-5.0, flipHoriz=False, flipVert=False, font='Open Sans', fontFiles=[], height=0.04, italic=False, languageStyle='LTR', name='SpacetoExit', opacity=1.0, ori=0.0, pos=array([ 0. , -0.4]), rgb=UNKNOWN, text='Press SPACEBAR to Continue', units='height', win=Window(...), wrapWidth=1)
12.7373 	EXP 	Created Cross = TextStim(__class__=<class 'psychopy.visual.text.TextStim'>, alignHoriz=method-wrapper(...), alignText='center', alignVert=method-wrapper(...), anchorHoriz='center', anchorVert='center', antialias=True, autoDraw=False, autoLog=True, bold=False, color=array([-1, -1, -1]), colorSpace='rgb', contrast=1.0, depth=0.0, flipHoriz=False, flipVert=False, font='Open Sans', fontFiles=[], height=0.1, italic=False, languageStyle='LTR', name='Cross', opacity=1.0, ori=0.0, pos=array([0., 0.]), rgb=UNKNOWN, text='+', units='height', win=Window(...), wrapWidth=1)
12.7533 	EXP 	Imported control_files/trialControlwRating.csv as conditions, 150 conditions, 8 params
12.7547 	EXP 	Created sequence: random, trialTypes=150, nReps=1, seed=None
12.7551 	EXP 	New trial (rep=0, index=0): OrderedDict([('TrialType', 'mix'), ('CertainAmt', 0.0), ('TopAmt', -0.3), ('BottomAmt', 0.06), ('Outcome', 'top'), ('RiskSide', 'left'), ('ITI', 1.15), ('Rating', 0)])
12.8106 	EXP 	HowHappySlider: autoLog = True
12.8106 	EXP 	HowHappySlider: markerPos = None
12.8106 	EXP 	HowHappySlider: styleTweaks = []
12.8106 	EXP 	HowHappySlider: styleTweaks = []
12.8106 	EXP 	HowHappySlider: styleTweaks = []
12.8106 	EXP 	HowHappySlider: styleTweaks = []
12.8106 	EXP 	HowHappySlider: contrast = 1.0
12.8106 	EXP 	HowHappySlider: autoLog = True
12.8106 	EXP 	SafeText: height = 0.06
12.8106 	EXP 	SafeText: height = 0.06
12.8106 	EXP 	SafeText: height = 0.06
12.8106 	EXP 	SafeText: text = '$0.00'
12.8106 	EXP 	TopText: height = 0.06
12.8106 	EXP 	TopText: height = 0.06
12.8106 	EXP 	TopText: height = 0.06
12.8106 	EXP 	TopText: text = '$-0.30'
12.8106 	EXP 	BottomText: height = 0.06
12.8106 	EXP 	BottomText: height = 0.06
12.8106 	EXP 	BottomText: height = 0.06
12.8106 	EXP 	BottomText: text = '$0.06'
12.8106 	EXP 	Win: height = 0.03
12.8106 	EXP 	Win: height = 0.03
12.8106 	EXP 	Win: height = 0.03
12.8106 	EXP 	Win: text = 'Total\n$10.00'
12.8106 	EXP 	LeftHalf: autoDraw = True
12.8106 	EXP 	RightHalf: autoDraw = True
12.8106 	EXP 	Safe: autoDraw = True
12.8106 	EXP 	Top: autoDraw = True
12.8106 	EXP 	Bottom: autoDraw = True
12.8106 	EXP 	SafeText: autoDraw = True
12.8106 	EXP 	TopText: autoDraw = True
12.8106 	EXP 	BottomText: autoDraw = True
12.8106 	EXP 	Total: autoDraw = True
12.8106 	EXP 	Win: autoDraw = True
13.5112 	DATA 	Mouse: Left button down, pos=(1202,351)
13.6587 	DATA 	Mouse:  Left button up, pos=(1202,350)
14.0758 	DATA 	Mouse: Left button down, pos=(1038,355)
14.0785 	EXP 	Created sequence: random, trialTypes=1, nReps=1, seed=None
14.0787 	EXP 	New trial (rep=0, index=0): None
14.1228 	EXP 	LeftHalf: autoDraw = False
14.1228 	EXP 	RightHalf: autoDraw = False
14.1228 	EXP 	Safe: autoDraw = False
14.1228 	EXP 	Top: autoDraw = False
14.1228 	EXP 	Bottom: autoDraw = False
14.1228 	EXP 	SafeText: autoDraw = False
14.1228 	EXP 	TopText: autoDraw = False
14.1228 	EXP 	BottomText: autoDraw = False
14.1228 	EXP 	Total: autoDraw = False
14.1228 	EXP 	Win: autoDraw = False
14.1228 	EXP 	Safe_2: borderColor = <psychopy.colors.Color: yellow, alpha=1.0>
14.1228 	EXP 	Top_2: borderColor = <psychopy.colors.Color: black, alpha=1.0>
14.1228 	EXP 	Bottom_2: borderColor = <psychopy.colors.Color: black, alpha=1.0>
14.1228 	EXP 	SafeText_2: height = 0.06
14.1228 	EXP 	SafeText_2: height = 0.06
14.1228 	EXP 	SafeText_2: height = 0.06
14.1228 	EXP 	SafeText_2: text = '$0.00'
14.1228 	EXP 	TopText_2: height = 0.06
14.1228 	EXP 	TopText_2: height = 0.06
14.1228 	EXP 	TopText_2: height = 0.06
14.1228 	EXP 	TopText_2: text = '$-0.30'
14.1228 	EXP 	BottomText_2: height = 0.06
14.1228 	EXP 	BottomText_2: height = 0.06
14.1228 	EXP 	BottomText_2: height = 0.06
14.1228 	EXP 	BottomText_2: text = '$0.06'
14.1228 	EXP 	Win_2: height = 0.03
14.1228 	EXP 	Win_2: height = 0.03
14.1228 	EXP 	Win_2: height = 0.03
14.1228 	EXP 	Win_2: text = 'Total\n$10.00'
14.1228 	EXP 	WinMsg: foreColor = <psychopy.colors.Color: black, alpha=1.0>
14.1228 	EXP 	WinMsg: height = 0.04
14.1228 	EXP 	WinMsg: height = 0.04
14.1228 	EXP 	WinMsg: height = 0.04
14.1228 	EXP 	WinMsg: text = 'You got $0.00!'
14.1228 	EXP 	LeftHalf_2: autoDraw = True
14.1228 	EXP 	RightHalf_2: autoDraw = True
14.1228 	EXP 	Safe_2: autoDraw = True
14.1228 	EXP 	Top_2: autoDraw = True
14.1228 	EXP 	Bottom_2: autoDraw = True
14.1228 	EXP 	SafeText_2: autoDraw = True
14.1228 	EXP 	TopText_2: autoDraw = True
14.1228 	EXP 	BottomText_2: autoDraw = True
14.1228 	EXP 	Total_2: autoDraw = True
14.1228 	EXP 	Win_2: autoDraw = True
14.1228 	EXP 	WinMsg: autoDraw = True
14.1953 	DATA 	Mouse:  Left button up, pos=(1038,354)
16.1414 	EXP 	LeftHalf_2: autoDraw = False
16.1414 	EXP 	RightHalf_2: autoDraw = False
16.1414 	EXP 	Safe_2: autoDraw = False
16.1414 	EXP 	Top_2: autoDraw = False
16.1414 	EXP 	Bottom_2: autoDraw = False
16.1414 	EXP 	SafeText_2: autoDraw = False
16.1414 	EXP 	TopText_2: autoDraw = False
16.1414 	EXP 	BottomText_2: autoDraw = False
16.1414 	EXP 	Total_2: autoDraw = False
16.1414 	EXP 	Win_2: autoDraw = False
16.1414 	EXP 	WinMsg: autoDraw = False
16.1414 	EXP 	Safe_3: borderColor = <psychopy.colors.Color: limegreen, alpha=1.0>
16.1414 	EXP 	Top_3: borderColor = <psychopy.colors.Color: black, alpha=1.0>
16.1414 	EXP 	Bottom_3: borderColor = <psychopy.colors.Color: mediumorchid, alpha=1.0>
16.1414 	EXP 	SafeText_3: height = 0.06
16.1414 	EXP 	SafeText_3: height = 0.06
16.1414 	EXP 	SafeText_3: height = 0.06
16.1414 	EXP 	SafeText_3: text = '$0.00'
16.1414 	EXP 	TopText_3: height = 0.06
16.1414 	EXP 	TopText_3: height = 0.06
16.1414 	EXP 	TopText_3: height = 0.06
16.1414 	EXP 	TopText_3: text = '$-0.30'
16.1414 	EXP 	BottomText_3: height = 0.06
16.1414 	EXP 	BottomText_3: height = 0.06
16.1414 	EXP 	BottomText_3: height = 0.06
16.1414 	EXP 	BottomText_3: text = '$0.06'
16.1414 	EXP 	Win_3: height = 0.03
16.1414 	EXP 	Win_3: height = 0.03
16.1414 	EXP 	Win_3: height = 0.03
16.1414 	EXP 	Win_3: text = 'Total\n$10.00'
16.1414 	EXP 	WinMsg_2: foreColor = <psychopy.colors.Color: limegreen, alpha=1.0>
16.1414 	EXP 	WinMsg_2: height = 0.04
16.1414 	EXP 	WinMsg_2: height = 0.04
16.1414 	EXP 	WinMsg_2: height = 0.04
16.1414 	EXP 	WinMsg_2: text = 'You would have lost $-0.30!'
16.1414 	EXP 	LeftHalf_3: autoDraw = True
16.1414 	EXP 	RightHalf_3: autoDraw = True
16.1414 	EXP 	Safe_3: autoDraw = True
16.1414 	EXP 	Top_3: autoDraw = True
16.1414 	EXP 	Bottom_3: autoDraw = True
16.1414 	EXP 	SafeText_3: autoDraw = True
16.1414 	EXP 	TopText_3: autoDraw = True
16.1414 	EXP 	BottomText_3: autoDraw = True
16.1414 	EXP 	Total_3: autoDraw = True
16.1414 	EXP 	Win_3: autoDraw = True
16.1414 	EXP 	WinMsg_2: autoDraw = True
18.0931 	EXP 	Created sequence: random, trialTypes=1, nReps=0, seed=None
18.0934 	EXP 	Created sequence: random, trialTypes=1, nReps=0, seed=None
18.1080 	EXP 	LeftHalf_3: autoDraw = False
18.1080 	EXP 	RightHalf_3: autoDraw = False
18.1080 	EXP 	Safe_3: autoDraw = False
18.1080 	EXP 	Top_3: autoDraw = False
18.1080 	EXP 	Bottom_3: autoDraw = False
18.1080 	EXP 	SafeText_3: autoDraw = False
18.1080 	EXP 	TopText_3: autoDraw = False
18.1080 	EXP 	BottomText_3: autoDraw = False
18.1080 	EXP 	Total_3: autoDraw = False
18.1080 	EXP 	Win_3: autoDraw = False
18.1080 	EXP 	WinMsg_2: autoDraw = False
18.1080 	EXP 	Cross: autoDraw = True
19.2425 	EXP 	New trial (rep=0, index=1): OrderedDict([('TrialType', 'mix'), ('CertainAmt', 0.0), ('TopAmt', -0.3), ('BottomAmt', 0.12), ('Outcome', 'bottom'), ('RiskSide', 'right'), ('ITI', 1.3), ('Rating', 1)])
19.2592 	EXP 	Cross: autoDraw = False
19.2592 	EXP 	Cross: autoDraw = False
19.2592 	EXP 	SafeText: text = '$0.00'
19.2592 	EXP 	TopText: text = '$-0.30'
19.2592 	EXP 	BottomText: height = 0.06
19.2592 	EXP 	BottomText: height = 0.06
19.2592 	EXP 	BottomText: height = 0.06
19.2592 	EXP 	BottomText: text = '$0.12'
19.2592 	EXP 	Win: text = 'Total\n$10.00'
19.2592 	EXP 	LeftHalf: autoDraw = True
19.2592 	EXP 	RightHalf: autoDraw = True
19.2592 	EXP 	Safe: autoDraw = True
19.2592 	EXP 	Top: autoDraw = True
19.2592 	EXP 	Bottom: autoDraw = True
19.2592 	EXP 	SafeText: autoDraw = True
19.2592 	EXP 	TopText: autoDraw = True
19.2592 	EXP 	BottomText: autoDraw = True
19.2592 	EXP 	Total: autoDraw = True
19.2592 	EXP 	Win: autoDraw = True
21.1945 	DATA 	Mouse: Left button down, pos=(340,290)
21.1970 	EXP 	Created sequence: random, trialTypes=1, nReps=1, seed=None
21.1972 	EXP 	New trial (rep=0, index=0): None
21.2257 	EXP 	LeftHalf: autoDraw = False
21.2257 	EXP 	RightHalf: autoDraw = False
21.2257 	EXP 	Safe: autoDraw = False
21.2257 	EXP 	Top: autoDraw = False
21.2257 	EXP 	Bottom: autoDraw = False
21.2257 	EXP 	SafeText: autoDraw = False
21.2257 	EXP 	TopText: autoDraw = False
21.2257 	EXP 	BottomText: autoDraw = False
21.2257 	EXP 	Total: autoDraw = False
21.2257 	EXP 	Win: autoDraw = False
21.2257 	EXP 	Safe_2: borderColor = <psychopy.colors.Color: yellow, alpha=1.0>
21.2257 	EXP 	Top_2: borderColor = <psychopy.colors.Color: black, alpha=1.0>
21.2257 	EXP 	Bottom_2: borderColor = <psychopy.colors.Color: black, alpha=1.0>
21.2257 	EXP 	SafeText_2: text = '$0.00'
21.2257 	EXP 	TopText_2: text = '$-0.30'
21.2257 	EXP 	BottomText_2: height = 0.06
21.2257 	EXP 	BottomText_2: height = 0.06
21.2257 	EXP 	BottomText_2: height = 0.06
21.2257 	EXP 	BottomText_2: text = '$0.12'
21.2257 	EXP 	Win_2: text = 'Total\n$10.00'
21.2257 	EXP 	WinMsg: foreColor = <psychopy.colors.Color: black, alpha=1.0>
21.2257 	EXP 	WinMsg: text = 'You got $0.00!'
21.2257 	EXP 	LeftHalf_2: autoDraw = True
21.2257 	EXP 	RightHalf_2: autoDraw = True
21.2257 	EXP 	Safe_2: autoDraw = True
21.2257 	EXP 	Top_2: autoDraw = True
21.2257 	EXP 	Bottom_2: autoDraw = True
21.2257 	EXP 	SafeText_2: autoDraw = True
21.2257 	EXP 	TopText_2: autoDraw = True
21.2257 	EXP 	BottomText_2: autoDraw = True
21.2257 	EXP 	Total_2: autoDraw = True
21.2257 	EXP 	Win_2: autoDraw = True
21.2257 	EXP 	WinMsg: autoDraw = True
21.2481 	DATA 	Mouse:  Left button up, pos=(340,290)
23.2431 	EXP 	LeftHalf_2: autoDraw = False
23.2431 	EXP 	RightHalf_2: autoDraw = False
23.2431 	EXP 	Safe_2: autoDraw = False
23.2431 	EXP 	Top_2: autoDraw = False
23.2431 	EXP 	Bottom_2: autoDraw = False
23.2431 	EXP 	SafeText_2: autoDraw = False
23.2431 	EXP 	TopText_2: autoDraw = False
23.2431 	EXP 	BottomText_2: autoDraw = False
23.2431 	EXP 	Total_2: autoDraw = False
23.2431 	EXP 	Win_2: autoDraw = False
23.2431 	EXP 	WinMsg: autoDraw = False
23.2431 	EXP 	Safe_3: borderColor = <psychopy.colors.Color: red, alpha=1.0>
23.2431 	EXP 	Top_3: borderColor = <psychopy.colors.Color: black, alpha=1.0>
23.2431 	EXP 	Bottom_3: borderColor = <psychopy.colors.Color: mediumorchid, alpha=1.0>
23.2431 	EXP 	SafeText_3: text = '$0.00'
23.2431 	EXP 	TopText_3: text = '$-0.30'
23.2431 	EXP 	BottomText_3: height = 0.06
23.2431 	EXP 	BottomText_3: height = 0.06
23.2431 	EXP 	BottomText_3: height = 0.06
23.2431 	EXP 	BottomText_3: text = '$0.12'
23.2431 	EXP 	Win_3: text = 'Total\n$10.00'
23.2431 	EXP 	WinMsg_2: foreColor = <psychopy.colors.Color: red, alpha=1.0>
23.2431 	EXP 	WinMsg_2: height = 0.04
23.2431 	EXP 	WinMsg_2: height = 0.04
23.2431 	EXP 	WinMsg_2: height = 0.04
23.2431 	EXP 	WinMsg_2: text = 'You would have won $0.12!'
23.2431 	EXP 	LeftHalf_3: autoDraw = True
23.2431 	EXP 	RightHalf_3: autoDraw = True
23.2431 	EXP 	Safe_3: autoDraw = True
23.2431 	EXP 	Top_3: autoDraw = True
23.2431 	EXP 	Bottom_3: autoDraw = True
23.2431 	EXP 	SafeText_3: autoDraw = True
23.2431 	EXP 	TopText_3: autoDraw = True
23.2431 	EXP 	BottomText_3: autoDraw = True
23.2431 	EXP 	Total_3: autoDraw = True
23.2431 	EXP 	Win_3: autoDraw = True
23.2431 	EXP 	WinMsg_2: autoDraw = True
25.2123 	EXP 	Created sequence: random, trialTypes=1, nReps=0, seed=None
25.2126 	EXP 	Created sequence: random, trialTypes=1, nReps=0, seed=None
25.2270 	EXP 	LeftHalf_3: autoDraw = False
25.2270 	EXP 	RightHalf_3: autoDraw = False
25.2270 	EXP 	Safe_3: autoDraw = False
25.2270 	EXP 	Top_3: autoDraw = False
25.2270 	EXP 	Bottom_3: autoDraw = False
25.2270 	EXP 	SafeText_3: autoDraw = False
25.2270 	EXP 	TopText_3: autoDraw = False
25.2270 	EXP 	BottomText_3: autoDraw = False
25.2270 	EXP 	Total_3: autoDraw = False
25.2270 	EXP 	Win_3: autoDraw = False
25.2270 	EXP 	WinMsg_2: autoDraw = False
25.2270 	EXP 	Cross: autoDraw = True
26.5121 	EXP 	New trial (rep=0, index=2): OrderedDict([('TrialType', 'loss'), ('CertainAmt', -0.5), ('TopAmt', -1.24), ('BottomAmt', 0.0), ('Outcome', 'top'), ('RiskSide', 'left'), ('ITI', 1.88), ('Rating', 0)])
26.5441 	EXP 	Cross: autoDraw = False
26.5441 	EXP 	Cross: autoDraw = False
26.5441 	EXP 	SafeText: height = 0.06
26.5441 	EXP 	SafeText: height = 0.06
26.5441 	EXP 	SafeText: height = 0.06
26.5441 	EXP 	SafeText: text = '$-0.50'
26.5441 	EXP 	TopText: height = 0.06
26.5441 	EXP 	TopText: height = 0.06
26.5441 	EXP 	TopText: height = 0.06
26.5441 	EXP 	TopText: text = '$-1.24'
26.5441 	EXP 	BottomText: height = 0.06
26.5441 	EXP 	BottomText: height = 0.06
26.5441 	EXP 	BottomText: height = 0.06
26.5441 	EXP 	BottomText: text = '$0.00'
26.5441 	EXP 	Win: text = 'Total\n$10.00'
26.5441 	EXP 	LeftHalf: autoDraw = True
26.5441 	EXP 	RightHalf: autoDraw = True
26.5441 	EXP 	Safe: autoDraw = True
26.5441 	EXP 	Top: autoDraw = True
26.5441 	EXP 	Bottom: autoDraw = True
26.5441 	EXP 	SafeText: autoDraw = True
26.5441 	EXP 	TopText: autoDraw = True
26.5441 	EXP 	BottomText: autoDraw = True
26.5441 	EXP 	Total: autoDraw = True
26.5441 	EXP 	Win: autoDraw = True
29.7161 	DATA 	Mouse: Left button down, pos=(868,287)
29.7183 	EXP 	Created sequence: random, trialTypes=1, nReps=1, seed=None
29.7184 	EXP 	New trial (rep=0, index=0): None
29.7621 	EXP 	LeftHalf: autoDraw = False
29.7621 	EXP 	RightHalf: autoDraw = False
29.7621 	EXP 	Safe: autoDraw = False
29.7621 	EXP 	Top: autoDraw = False
29.7621 	EXP 	Bottom: autoDraw = False
29.7621 	EXP 	SafeText: autoDraw = False
29.7621 	EXP 	TopText: autoDraw = False
29.7621 	EXP 	BottomText: autoDraw = False
29.7621 	EXP 	Total: autoDraw = False
29.7621 	EXP 	Win: autoDraw = False
29.7621 	EXP 	Safe_2: borderColor = <psychopy.colors.Color: yellow, alpha=1.0>
29.7621 	EXP 	Top_2: borderColor = <psychopy.colors.Color: black, alpha=1.0>
29.7621 	EXP 	Bottom_2: borderColor = <psychopy.colors.Color: black, alpha=1.0>
29.7621 	EXP 	SafeText_2: height = 0.06
29.7621 	EXP 	SafeText_2: height = 0.06
29.7621 	EXP 	SafeText_2: height = 0.06
29.7621 	EXP 	SafeText_2: text = '$-0.50'
29.7621 	EXP 	TopText_2: height = 0.06
29.7621 	EXP 	TopText_2: height = 0.06
29.7621 	EXP 	TopText_2: height = 0.06
29.7621 	EXP 	TopText_2: text = '$-1.24'
29.7621 	EXP 	BottomText_2: height = 0.06
29.7621 	EXP 	BottomText_2: height = 0.06
29.7621 	EXP 	BottomText_2: height = 0.06
29.7621 	EXP 	BottomText_2: text = '$0.00'
29.7621 	EXP 	Win_2: height = 0.03
29.7621 	EXP 	Win_2: height = 0.03
29.7621 	EXP 	Win_2: height = 0.03
29.7621 	EXP 	Win_2: text = 'Total\n$9.50'
29.7621 	EXP 	WinMsg: foreColor = <psychopy.colors.Color: black, alpha=1.0>
29.7621 	EXP 	WinMsg: height = 0.04
29.7621 	EXP 	WinMsg: height = 0.04
29.7621 	EXP 	WinMsg: height = 0.04
29.7621 	EXP 	WinMsg: text = 'You lost $-0.50!'
29.7621 	EXP 	LeftHalf_2: autoDraw = True
29.7621 	EXP 	RightHalf_2: autoDraw = True
29.7621 	EXP 	Safe_2: autoDraw = True
29.7621 	EXP 	Top_2: autoDraw = True
29.7621 	EXP 	Bottom_2: autoDraw = True
29.7621 	EXP 	SafeText_2: autoDraw = True
29.7621 	EXP 	TopText_2: autoDraw = True
29.7621 	EXP 	BottomText_2: autoDraw = True
29.7621 	EXP 	Total_2: autoDraw = True
29.7621 	EXP 	Win_2: autoDraw = True
29.7621 	EXP 	WinMsg: autoDraw = True
29.8509 	DATA 	Mouse:  Left button up, pos=(868,286)
31.7629 	EXP 	LeftHalf_2: autoDraw = False
31.7629 	EXP 	RightHalf_2: autoDraw = False
31.7629 	EXP 	Safe_2: autoDraw = False
31.7629 	EXP 	Top_2: autoDraw = False
31.7629 	EXP 	Bottom_2: autoDraw = False
31.7629 	EXP 	SafeText_2: autoDraw = False
31.7629 	EXP 	TopText_2: autoDraw = False
31.7629 	EXP 	BottomText_2: autoDraw = False
31.7629 	EXP 	Total_2: autoDraw = False
31.7629 	EXP 	Win_2: autoDraw = False
31.7629 	EXP 	WinMsg: autoDraw = False
31.7629 	EXP 	Safe_3: borderColor = <psychopy.colors.Color: limegreen, alpha=1.0>
31.7629 	EXP 	Top_3: borderColor = <psychopy.colors.Color: black, alpha=1.0>
31.7629 	EXP 	Bottom_3: borderColor = <psychopy.colors.Color: mediumorchid, alpha=1.0>
31.7629 	EXP 	SafeText_3: height = 0.06
31.7629 	EXP 	SafeText_3: height = 0.06
31.7629 	EXP 	SafeText_3: height = 0.06
31.7629 	EXP 	SafeText_3: text = '$-0.50'
31.7629 	EXP 	TopText_3: height = 0.06
31.7629 	EXP 	TopText_3: height = 0.06
31.7629 	EXP 	TopText_3: height = 0.06
31.7629 	EXP 	TopText_3: text = '$-1.24'
31.7629 	EXP 	BottomText_3: height = 0.06
31.7629 	EXP 	BottomText_3: height = 0.06
31.7629 	EXP 	BottomText_3: height = 0.06
31.7629 	EXP 	BottomText_3: text = '$0.00'
31.7629 	EXP 	Win_3: height = 0.03
31.7629 	EXP 	Win_3: height = 0.03
31.7629 	EXP 	Win_3: height = 0.03
31.7629 	EXP 	Win_3: text = 'Total\n$9.50'
31.7629 	EXP 	WinMsg_2: foreColor = <psychopy.colors.Color: limegreen, alpha=1.0>
31.7629 	EXP 	WinMsg_2: height = 0.04
31.7629 	EXP 	WinMsg_2: height = 0.04
31.7629 	EXP 	WinMsg_2: height = 0.04
31.7629 	EXP 	WinMsg_2: text = 'You would have lost $-1.24!'
31.7629 	EXP 	LeftHalf_3: autoDraw = True
31.7629 	EXP 	RightHalf_3: autoDraw = True
31.7629 	EXP 	Safe_3: autoDraw = True
31.7629 	EXP 	Top_3: autoDraw = True
31.7629 	EXP 	Bottom_3: autoDraw = True
31.7629 	EXP 	SafeText_3: autoDraw = True
31.7629 	EXP 	TopText_3: autoDraw = True
31.7629 	EXP 	BottomText_3: autoDraw = True
31.7629 	EXP 	Total_3: autoDraw = True
31.7629 	EXP 	Win_3: autoDraw = True
31.7629 	EXP 	WinMsg_2: autoDraw = True
33.7323 	EXP 	Created sequence: random, trialTypes=1, nReps=0, seed=None
33.7326 	EXP 	Created sequence: random, trialTypes=1, nReps=1, seed=None
33.7328 	EXP 	New trial (rep=0, index=0): None
33.7958 	EXP 	LeftHalf_3: autoDraw = False
33.7958 	EXP 	RightHalf_3: autoDraw = False
33.7958 	EXP 	Safe_3: autoDraw = False
33.7958 	EXP 	Top_3: autoDraw = False
33.7958 	EXP 	Bottom_3: autoDraw = False
33.7958 	EXP 	SafeText_3: autoDraw = False
33.7958 	EXP 	TopText_3: autoDraw = False
33.7958 	EXP 	BottomText_3: autoDraw = False
33.7958 	EXP 	Total_3: autoDraw = False
33.7958 	EXP 	Win_3: autoDraw = False
33.7958 	EXP 	WinMsg_2: autoDraw = False
33.7958 	EXP 	HowHappySlider: markerPos = None
33.7958 	EXP 	HowHappySlider: markerPos = None
33.7958 	EXP 	HowHappySlider: autoDraw = True
33.7958 	EXP 	UnHappy: autoDraw = True
33.7958 	EXP 	Happy: autoDraw = True
39.6668 	DATA 	Mouse: Left button down, pos=(617,257)
39.6981 	EXP 	HowHappySlider: markerPos = 3.9270833333333335
39.7315 	EXP 	HowHappySlider: markerPos = 3.9270833333333335
39.7650 	EXP 	HowHappySlider: markerPos = 3.9270833333333335
39.7984 	EXP 	HowHappySlider: markerPos = 3.9270833333333335
39.8201 	DATA 	Mouse:  Left button up, pos=(617,257)
39.8314 	EXP 	HowHappySlider: markerPos = 3.9270833333333335
39.8648 	EXP 	HowHappySlider: markerPos = 3.9270833333333335
39.8982 	EXP 	SpacetoExit: autoDraw = True
40.8194 	DATA 	Mouse: Left button down, pos=(729,266)
40.8654 	EXP 	HowHappySlider: markerPos = 5.09375
40.8986 	EXP 	HowHappySlider: markerPos = 5.09375
40.9321 	EXP 	HowHappySlider: markerPos = 5.09375
40.9654 	EXP 	HowHappySlider: markerPos = 5.09375
40.9988 	EXP 	HowHappySlider: markerPos = 5.09375
41.0006 	DATA 	Mouse:  Left button up, pos=(729,265)
41.0320 	EXP 	HowHappySlider: markerPos = 5.09375
44.7862 	DATA 	Keypress: escape
45.2087 	EXP 	window1: mouseVisible = True
