7.1225 	WARNING 	We strongly recommend you activate the PTB sound engine in PsychoPy prefs as the preferred audio engine. Its timing is vastly superior. Your prefs are currently set to use ['sounddevice', 'PTB', 'pyo', 'pygame'] (in that order).
23.0639 	WARNING 	Couldn't measure a consistent frame rate!
  - Is your graphics card set to sync to vertical blank?
  - Are you running other processes on your computer?

23.0649 	EXP 	Created window1 = Window(allowGUI=True, allowStencil=False, autoLog=True, backendConf=UNKNOWN, bitsMode=UNKNOWN, blendMode='avg', bpc=(8, 8, 8), color=array([0, 0, 0]), colorSpace='rgb', depthBits=8, fullscr=<method-wrapper '__getattribute__' of attributeSetter object at 0x0000023CAF1C9160>, gamma=None, gammaErrorPolicy='raise', lms=UNKNOWN, monitor=<psychopy.monitors.calibTools.Monitor object at 0x0000023CB25B8790>, multiSample=False, name='window1', numSamples=2, pos=(192, 108), screen=0, size=array([1536,  864]), stencilBits=0, stereo=False, units='height', useFBO=True, useRetina=False, viewOri=0.0, viewPos=None, viewScale=None, waitBlanking=True, winType='pyglet')
23.0651 	EXP 	window1: mouseVisible = True
23.0652 	EXP 	window1: mouseVisible = True
23.0653 	EXP 	window1: Attempting to measure frame rate of screen (0) ...
23.0653 	EXP 	window1: recordFrameIntervals = False
23.2486 	EXP 	window1: recordFrameIntervals = True
23.3046 	WARNING 	t of last frame was 25.94ms (=1/38)
23.3302 	WARNING 	t of last frame was 25.61ms (=1/39)
23.3540 	WARNING 	t of last frame was 23.80ms (=1/42)
23.3876 	WARNING 	t of last frame was 26.09ms (=1/38)
23.4375 	WARNING 	Multiple dropped frames have occurred - I'll stop bothering you about them!
25.1380 	WARNING 	Couldn't measure a consistent frame rate!
  - Is your graphics card set to sync to vertical blank?
  - Are you running other processes on your computer?

25.4013 	WARNING 	launchHubServer: If using the iohub mouse or eyetracker devices, fullScr should be True.
33.1830 	EXP 	Created welcomeText = TextStim(__class__=<class 'psychopy.visual.text.TextStim'>, alignHoriz=method-wrapper(...), alignText='center', alignVert=method-wrapper(...), anchorHoriz='center', anchorVert='center', antialias=True, autoDraw=False, autoLog=True, bold=False, color=array([1, 1, 1]), colorSpace='rgb', contrast=1.0, depth=0.0, flipHoriz=False, flipVert=False, font='Open Sans', fontFiles=[], height=0.05, italic=False, languageStyle='LTR', name='welcomeText', opacity=1.0, ori=0.0, pos=array([0., 0.]), rgb=UNKNOWN, text=str(...), units='height', win=Window(...), wrapWidth=1)
33.1937 	EXP 	Created LeftHalf = Rect(__class__=<class 'psychopy.visual.rect.Rect'>, anchor=('center', 'center'), autoDraw=False, autoLog=True, closeShape=True, color=method-wrapper(...), colorSpace='rgb', contrast=None, depth=-1.0, fillColor=array([1, 1, 1]), fillColorSpace='rgb', fillRGB=array([1, 1, 1]), interpolate=True, lineColor=array([-1, -1, -1]), lineColorSpace='rgb', lineRGB=array([-1, -1, -1]), lineWidth=1.0, name='LeftHalf', opacity=1.0, ori=0.0, pos=array([-0.25,  0.  ]), size=array([0.5, 0.8]), units='height', vertices=ndarray(...), win=Window(...))
33.2015 	EXP 	Created RightHalf = Rect(__class__=<class 'psychopy.visual.rect.Rect'>, anchor=('center', 'center'), autoDraw=False, autoLog=True, closeShape=True, color=method-wrapper(...), colorSpace='rgb', contrast=None, depth=-2.0, fillColor=array([1, 1, 1]), fillColorSpace='rgb', fillRGB=array([1, 1, 1]), interpolate=True, lineColor=array([-1, -1, -1]), lineColorSpace='rgb', lineRGB=array([-1, -1, -1]), lineWidth=1.0, name='RightHalf', opacity=1.0, ori=0.0, pos=array([0.25, 0.  ]), size=array([0.5, 0.8]), units='height', vertices=ndarray(...), win=Window(...))
33.2053 	EXP 	Created Safe = Rect(__class__=<class 'psychopy.visual.rect.Rect'>, anchor=('center', 'center'), autoDraw=False, autoLog=True, closeShape=True, color=method-wrapper(...), colorSpace='rgb', contrast=None, depth=-3.0, fillColor=array([1, 1, 1]), fillColorSpace='rgb', fillRGB=array([1, 1, 1]), interpolate=True, lineColor=array([-1, -1, -1]), lineColorSpace='rgb', lineRGB=array([-1, -1, -1]), lineWidth=5.0, name='Safe', opacity=1.0, ori=0.0, pos=array([0., 0.]), size=array([0.2, 0.2]), units='height', vertices=ndarray(...), win=Window(...))
33.2092 	EXP 	Created Top = Rect(__class__=<class 'psychopy.visual.rect.Rect'>, anchor=('center', 'center'), autoDraw=False, autoLog=True, closeShape=True, color=method-wrapper(...), colorSpace='rgb', contrast=None, depth=-4.0, fillColor=array([1, 1, 1]), fillColorSpace='rgb', fillRGB=array([1, 1, 1]), interpolate=True, lineColor=array([-1, -1, -1]), lineColorSpace='rgb', lineRGB=array([-1, -1, -1]), lineWidth=5.0, name='Top', opacity=1.0, ori=0.0, pos=array([0., 0.]), size=array([0.2, 0.2]), units='height', vertices=ndarray(...), win=Window(...))
33.2209 	EXP 	Created Bottom = Rect(__class__=<class 'psychopy.visual.rect.Rect'>, anchor=('center', 'center'), autoDraw=False, autoLog=True, closeShape=True, color=method-wrapper(...), colorSpace='rgb', contrast=None, depth=-5.0, fillColor=array([1, 1, 1]), fillColorSpace='rgb', fillRGB=array([1, 1, 1]), interpolate=True, lineColor=array([-1, -1, -1]), lineColorSpace='rgb', lineRGB=array([-1, -1, -1]), lineWidth=5.0, name='Bottom', opacity=1.0, ori=0.0, pos=array([0., 0.]), size=array([0.2, 0.2]), units='height', vertices=ndarray(...), win=Window(...))
33.2240 	EXP 	Created SafeText = TextStim(__class__=<class 'psychopy.visual.text.TextStim'>, alignHoriz=method-wrapper(...), alignText='center', alignVert=method-wrapper(...), anchorHoriz='center', anchorVert='center', antialias=True, autoDraw=False, autoLog=True, bold=False, color=array([-1, -1, -1]), colorSpace='rgb', contrast=1.0, depth=-6.0, flipHoriz=False, flipVert=False, font='Open Sans', fontFiles=[], height=0.06, italic=False, languageStyle='LTR', name='SafeText', opacity=1.0, ori=0.0, pos=array([0., 0.]), rgb=UNKNOWN, text='', units='height', win=Window(...), wrapWidth=1)
33.2259 	EXP 	Created TopText = TextStim(__class__=<class 'psychopy.visual.text.TextStim'>, alignHoriz=method-wrapper(...), alignText='center', alignVert=method-wrapper(...), anchorHoriz='center', anchorVert='center', antialias=True, autoDraw=False, autoLog=True, bold=False, color=array([-1, -1, -1]), colorSpace='rgb', contrast=1.0, depth=-7.0, flipHoriz=False, flipVert=False, font='Open Sans', fontFiles=[], height=0.06, italic=False, languageStyle='LTR', name='TopText', opacity=1.0, ori=0.0, pos=array([0., 0.]), rgb=UNKNOWN, text='', units='height', win=Window(...), wrapWidth=1)
33.2288 	EXP 	Created BottomText = TextStim(__class__=<class 'psychopy.visual.text.TextStim'>, alignHoriz=method-wrapper(...), alignText='center', alignVert=method-wrapper(...), anchorHoriz='center', anchorVert='center', antialias=True, autoDraw=False, autoLog=True, bold=False, color=array([-1, -1, -1]), colorSpace='rgb', contrast=1.0, depth=-8.0, flipHoriz=False, flipVert=False, font='Open Sans', fontFiles=[], height=0.06, italic=False, languageStyle='LTR', name='BottomText', opacity=1.0, ori=0.0, pos=array([0., 0.]), rgb=UNKNOWN, text='', units='height', win=Window(...), wrapWidth=1)
33.2365 	EXP 	Created Total = Rect(__class__=<class 'psychopy.visual.rect.Rect'>, anchor=('center', 'center'), autoDraw=False, autoLog=True, closeShape=True, color=method-wrapper(...), colorSpace='rgb', contrast=None, depth=-9.0, fillColor=array([0, 0, 0]), fillColorSpace='rgb', fillRGB=array([0, 0, 0]), interpolate=True, lineColor=array([1, 1, 1]), lineColorSpace='rgb', lineRGB=array([1, 1, 1]), lineWidth=1.0, name='Total', opacity=1.0, ori=0.0, pos=array([-0.45,  0.3 ]), size=array([0.1, 0.2]), units='height', vertices=ndarray(...), win=Window(...))
33.2429 	EXP 	Created Win = TextStim(__class__=<class 'psychopy.visual.text.TextStim'>, alignHoriz=method-wrapper(...), alignText='center', alignVert=method-wrapper(...), anchorHoriz='center', anchorVert='center', antialias=True, autoDraw=False, autoLog=True, bold=False, color=array([1, 1, 1]), colorSpace='rgb', contrast=1.0, depth=-10.0, flipHoriz=False, flipVert=False, font='Open Sans', fontFiles=[], height=0.03, italic=False, languageStyle='LTR', name='Win', opacity=1.0, ori=0.0, pos=array([-0.45,  0.3 ]), rgb=UNKNOWN, text='', units='height', win=Window(...), wrapWidth=0.22)
33.2435 	EXP 	window1: mouseVisible = True
33.2483 	EXP 	Created LeftHalf_2 = Rect(__class__=<class 'psychopy.visual.rect.Rect'>, anchor=('center', 'center'), autoDraw=False, autoLog=True, closeShape=True, color=method-wrapper(...), colorSpace='rgb', contrast=None, depth=0.0, fillColor=array([1, 1, 1]), fillColorSpace='rgb', fillRGB=array([1, 1, 1]), interpolate=True, lineColor=array([-1, -1, -1]), lineColorSpace='rgb', lineRGB=array([-1, -1, -1]), lineWidth=1.0, name='LeftHalf_2', opacity=1.0, ori=0.0, pos=array([-0.25,  0.  ]), size=array([0.5, 0.8]), units='height', vertices=ndarray(...), win=Window(...))
33.2509 	EXP 	Created RightHalf_2 = Rect(__class__=<class 'psychopy.visual.rect.Rect'>, anchor=('center', 'center'), autoDraw=False, autoLog=True, closeShape=True, color=method-wrapper(...), colorSpace='rgb', contrast=None, depth=-1.0, fillColor=array([1, 1, 1]), fillColorSpace='rgb', fillRGB=array([1, 1, 1]), interpolate=True, lineColor=array([-1, -1, -1]), lineColorSpace='rgb', lineRGB=array([-1, -1, -1]), lineWidth=1.0, name='RightHalf_2', opacity=1.0, ori=0.0, pos=array([0.25, 0.  ]), size=array([0.5, 0.8]), units='height', vertices=ndarray(...), win=Window(...))
33.2537 	EXP 	Created Safe_2 = Rect(__class__=<class 'psychopy.visual.rect.Rect'>, anchor=('center', 'center'), autoDraw=False, autoLog=True, closeShape=True, color=method-wrapper(...), colorSpace='rgb', contrast=None, depth=-2.0, fillColor=array([1, 1, 1]), fillColorSpace='rgb', fillRGB=array([1, 1, 1]), interpolate=True, lineColor=array([1, 1, 1]), lineColorSpace='rgb', lineRGB=array([1, 1, 1]), lineWidth=5.0, name='Safe_2', opacity=1.0, ori=0.0, pos=array([0., 0.]), size=array([0.2, 0.2]), units='height', vertices=ndarray(...), win=Window(...))
33.2564 	EXP 	Created Top_2 = Rect(__class__=<class 'psychopy.visual.rect.Rect'>, anchor=('center', 'center'), autoDraw=False, autoLog=True, closeShape=True, color=method-wrapper(...), colorSpace='rgb', contrast=None, depth=-3.0, fillColor=array([1, 1, 1]), fillColorSpace='rgb', fillRGB=array([1, 1, 1]), interpolate=True, lineColor=array([1, 1, 1]), lineColorSpace='rgb', lineRGB=array([1, 1, 1]), lineWidth=5.0, name='Top_2', opacity=1.0, ori=0.0, pos=array([0., 0.]), size=array([0.2, 0.2]), units='height', vertices=ndarray(...), win=Window(...))
33.2588 	EXP 	Created Bottom_2 = Rect(__class__=<class 'psychopy.visual.rect.Rect'>, anchor=('center', 'center'), autoDraw=False, autoLog=True, closeShape=True, color=method-wrapper(...), colorSpace='rgb', contrast=None, depth=-4.0, fillColor=array([1, 1, 1]), fillColorSpace='rgb', fillRGB=array([1, 1, 1]), interpolate=True, lineColor=array([1, 1, 1]), lineColorSpace='rgb', lineRGB=array([1, 1, 1]), lineWidth=5.0, name='Bottom_2', opacity=1.0, ori=0.0, pos=array([0., 0.]), size=array([0.2, 0.2]), units='height', vertices=ndarray(...), win=Window(...))
33.2623 	EXP 	Created SafeText_2 = TextStim(__class__=<class 'psychopy.visual.text.TextStim'>, alignHoriz=method-wrapper(...), alignText='center', alignVert=method-wrapper(...), anchorHoriz='center', anchorVert='center', antialias=True, autoDraw=False, autoLog=True, bold=False, color=array([-1, -1, -1]), colorSpace='rgb', contrast=1.0, depth=-5.0, flipHoriz=False, flipVert=False, font='Open Sans', fontFiles=[], height=0.06, italic=False, languageStyle='LTR', name='SafeText_2', opacity=1.0, ori=0.0, pos=array([0., 0.]), rgb=UNKNOWN, text='', units='height', win=Window(...), wrapWidth=1)
33.2658 	EXP 	Created TopText_2 = TextStim(__class__=<class 'psychopy.visual.text.TextStim'>, alignHoriz=method-wrapper(...), alignText='center', alignVert=method-wrapper(...), anchorHoriz='center', anchorVert='center', antialias=True, autoDraw=False, autoLog=True, bold=False, color=array([-1, -1, -1]), colorSpace='rgb', contrast=1.0, depth=-6.0, flipHoriz=False, flipVert=False, font='Open Sans', fontFiles=[], height=0.06, italic=False, languageStyle='LTR', name='TopText_2', opacity=1.0, ori=0.0, pos=array([0., 0.]), rgb=UNKNOWN, text='', units='height', win=Window(...), wrapWidth=1)
33.2689 	EXP 	Created BottomText_2 = TextStim(__class__=<class 'psychopy.visual.text.TextStim'>, alignHoriz=method-wrapper(...), alignText='center', alignVert=method-wrapper(...), anchorHoriz='center', anchorVert='center', antialias=True, autoDraw=False, autoLog=True, bold=False, color=array([-1, -1, -1]), colorSpace='rgb', contrast=1.0, depth=-7.0, flipHoriz=False, flipVert=False, font='Open Sans', fontFiles=[], height=0.06, italic=False, languageStyle='LTR', name='BottomText_2', opacity=1.0, ori=0.0, pos=array([0., 0.]), rgb=UNKNOWN, text='', units='height', win=Window(...), wrapWidth=1)
33.2718 	EXP 	Created Total_2 = Rect(__class__=<class 'psychopy.visual.rect.Rect'>, anchor=('center', 'center'), autoDraw=False, autoLog=True, closeShape=True, color=method-wrapper(...), colorSpace='rgb', contrast=None, depth=-8.0, fillColor=array([0, 0, 0]), fillColorSpace='rgb', fillRGB=array([0, 0, 0]), interpolate=True, lineColor=array([1, 1, 1]), lineColorSpace='rgb', lineRGB=array([1, 1, 1]), lineWidth=1.0, name='Total_2', opacity=1.0, ori=0.0, pos=array([-0.45,  0.3 ]), size=array([0.1, 0.2]), units='height', vertices=ndarray(...), win=Window(...))
33.2731 	EXP 	Created Win_2 = TextStim(__class__=<class 'psychopy.visual.text.TextStim'>, alignHoriz=method-wrapper(...), alignText='center', alignVert=method-wrapper(...), anchorHoriz='center', anchorVert='center', antialias=True, autoDraw=False, autoLog=True, bold=False, color=array([1, 1, 1]), colorSpace='rgb', contrast=1.0, depth=-9.0, flipHoriz=False, flipVert=False, font='Open Sans', fontFiles=[], height=0.03, italic=False, languageStyle='LTR', name='Win_2', opacity=1.0, ori=0.0, pos=array([-0.45,  0.3 ]), rgb=UNKNOWN, text='', units='height', win=Window(...), wrapWidth=0.22)
33.2752 	EXP 	Created WinMsg = TextStim(__class__=<class 'psychopy.visual.text.TextStim'>, alignHoriz=method-wrapper(...), alignText='center', alignVert=method-wrapper(...), anchorHoriz='center', anchorVert='center', antialias=True, autoDraw=False, autoLog=True, bold=False, color=array([1, 1, 1]), colorSpace='rgb', contrast=1.0, depth=-10.0, flipHoriz=False, flipVert=False, font='Open Sans', fontFiles=[], height=0.04, italic=False, languageStyle='LTR', name='WinMsg', opacity=1.0, ori=0.0, pos=array([0., 0.]), rgb=UNKNOWN, text='', units='height', win=Window(...), wrapWidth=0.2)
33.2842 	EXP 	Created LeftHalf_3 = Rect(__class__=<class 'psychopy.visual.rect.Rect'>, anchor=('center', 'center'), autoDraw=False, autoLog=True, closeShape=True, color=method-wrapper(...), colorSpace='rgb', contrast=None, depth=-1.0, fillColor=array([1, 1, 1]), fillColorSpace='rgb', fillRGB=array([1, 1, 1]), interpolate=True, lineColor=array([-1, -1, -1]), lineColorSpace='rgb', lineRGB=array([-1, -1, -1]), lineWidth=1.0, name='LeftHalf_3', opacity=1.0, ori=0.0, pos=array([-0.25,  0.  ]), size=array([0.5, 0.8]), units='height', vertices=ndarray(...), win=Window(...))
33.2880 	EXP 	Created RightHalf_3 = Rect(__class__=<class 'psychopy.visual.rect.Rect'>, anchor=('center', 'center'), autoDraw=False, autoLog=True, closeShape=True, color=method-wrapper(...), colorSpace='rgb', contrast=None, depth=-2.0, fillColor=array([1, 1, 1]), fillColorSpace='rgb', fillRGB=array([1, 1, 1]), interpolate=True, lineColor=array([-1, -1, -1]), lineColorSpace='rgb', lineRGB=array([-1, -1, -1]), lineWidth=1.0, name='RightHalf_3', opacity=1.0, ori=0.0, pos=array([0.25, 0.  ]), size=array([0.5, 0.8]), units='height', vertices=ndarray(...), win=Window(...))
33.2912 	EXP 	Created Safe_3 = Rect(__class__=<class 'psychopy.visual.rect.Rect'>, anchor=('center', 'center'), autoDraw=False, autoLog=True, closeShape=True, color=method-wrapper(...), colorSpace='rgb', contrast=None, depth=-3.0, fillColor=array([1, 1, 1]), fillColorSpace='rgb', fillRGB=array([1, 1, 1]), interpolate=True, lineColor=array([1, 1, 1]), lineColorSpace='rgb', lineRGB=array([1, 1, 1]), lineWidth=5.0, name='Safe_3', opacity=1.0, ori=0.0, pos=array([0., 0.]), size=array([0.2, 0.2]), units='height', vertices=ndarray(...), win=Window(...))
33.2962 	EXP 	Created Top_3 = Rect(__class__=<class 'psychopy.visual.rect.Rect'>, anchor=('center', 'center'), autoDraw=False, autoLog=True, closeShape=True, color=method-wrapper(...), colorSpace='rgb', contrast=None, depth=-4.0, fillColor=array([1, 1, 1]), fillColorSpace='rgb', fillRGB=array([1, 1, 1]), interpolate=True, lineColor=array([1, 1, 1]), lineColorSpace='rgb', lineRGB=array([1, 1, 1]), lineWidth=5.0, name='Top_3', opacity=1.0, ori=0.0, pos=array([0., 0.]), size=array([0.2, 0.2]), units='height', vertices=ndarray(...), win=Window(...))
33.3049 	EXP 	Created Bottom_3 = Rect(__class__=<class 'psychopy.visual.rect.Rect'>, anchor=('center', 'center'), autoDraw=False, autoLog=True, closeShape=True, color=method-wrapper(...), colorSpace='rgb', contrast=None, depth=-5.0, fillColor=array([1, 1, 1]), fillColorSpace='rgb', fillRGB=array([1, 1, 1]), interpolate=True, lineColor=array([1, 1, 1]), lineColorSpace='rgb', lineRGB=array([1, 1, 1]), lineWidth=5.0, name='Bottom_3', opacity=1.0, ori=0.0, pos=array([0., 0.]), size=array([0.2, 0.2]), units='height', vertices=ndarray(...), win=Window(...))
33.3070 	EXP 	Created SafeText_3 = TextStim(__class__=<class 'psychopy.visual.text.TextStim'>, alignHoriz=method-wrapper(...), alignText='center', alignVert=method-wrapper(...), anchorHoriz='center', anchorVert='center', antialias=True, autoDraw=False, autoLog=True, bold=False, color=array([-1, -1, -1]), colorSpace='rgb', contrast=1.0, depth=-6.0, flipHoriz=False, flipVert=False, font='Open Sans', fontFiles=[], height=0.06, italic=False, languageStyle='LTR', name='SafeText_3', opacity=1.0, ori=0.0, pos=array([0., 0.]), rgb=UNKNOWN, text='', units='height', win=Window(...), wrapWidth=1)
33.3086 	EXP 	Created TopText_3 = TextStim(__class__=<class 'psychopy.visual.text.TextStim'>, alignHoriz=method-wrapper(...), alignText='center', alignVert=method-wrapper(...), anchorHoriz='center', anchorVert='center', antialias=True, autoDraw=False, autoLog=True, bold=False, color=array([-1, -1, -1]), colorSpace='rgb', contrast=1.0, depth=-7.0, flipHoriz=False, flipVert=False, font='Open Sans', fontFiles=[], height=0.06, italic=False, languageStyle='LTR', name='TopText_3', opacity=1.0, ori=0.0, pos=array([0., 0.]), rgb=UNKNOWN, text='', units='height', win=Window(...), wrapWidth=1)
33.3115 	EXP 	Created BottomText_3 = TextStim(__class__=<class 'psychopy.visual.text.TextStim'>, alignHoriz=method-wrapper(...), alignText='center', alignVert=method-wrapper(...), anchorHoriz='center', anchorVert='center', antialias=True, autoDraw=False, autoLog=True, bold=False, color=array([-1, -1, -1]), colorSpace='rgb', contrast=1.0, depth=-8.0, flipHoriz=False, flipVert=False, font='Open Sans', fontFiles=[], height=0.06, italic=False, languageStyle='LTR', name='BottomText_3', opacity=1.0, ori=0.0, pos=array([0., 0.]), rgb=UNKNOWN, text='', units='height', win=Window(...), wrapWidth=1)
33.3187 	EXP 	Created Total_3 = Rect(__class__=<class 'psychopy.visual.rect.Rect'>, anchor=('center', 'center'), autoDraw=False, autoLog=True, closeShape=True, color=method-wrapper(...), colorSpace='rgb', contrast=None, depth=-9.0, fillColor=array([0, 0, 0]), fillColorSpace='rgb', fillRGB=array([0, 0, 0]), interpolate=True, lineColor=array([1, 1, 1]), lineColorSpace='rgb', lineRGB=array([1, 1, 1]), lineWidth=1.0, name='Total_3', opacity=1.0, ori=0.0, pos=array([-0.45,  0.3 ]), size=array([0.1, 0.2]), units='height', vertices=ndarray(...), win=Window(...))
33.3216 	EXP 	Created Win_3 = TextStim(__class__=<class 'psychopy.visual.text.TextStim'>, alignHoriz=method-wrapper(...), alignText='center', alignVert=method-wrapper(...), anchorHoriz='center', anchorVert='center', antialias=True, autoDraw=False, autoLog=True, bold=False, color=array([1, 1, 1]), colorSpace='rgb', contrast=1.0, depth=-10.0, flipHoriz=False, flipVert=False, font='Open Sans', fontFiles=[], height=0.03, italic=False, languageStyle='LTR', name='Win_3', opacity=1.0, ori=0.0, pos=array([-0.45,  0.3 ]), rgb=UNKNOWN, text='', units='height', win=Window(...), wrapWidth=0.22)
33.3238 	EXP 	Created WinMsg_2 = TextStim(__class__=<class 'psychopy.visual.text.TextStim'>, alignHoriz=method-wrapper(...), alignText='center', alignVert=method-wrapper(...), anchorHoriz='center', anchorVert='center', antialias=True, autoDraw=False, autoLog=True, bold=False, color=array([1, 1, 1]), colorSpace='rgb', contrast=1.0, depth=-11.0, flipHoriz=False, flipVert=False, font='Open Sans', fontFiles=[], height=0.04, italic=False, languageStyle='LTR', name='WinMsg_2', opacity=1.0, ori=0.0, pos=array([0., 0.]), rgb=UNKNOWN, text='', units='height', win=Window(...), wrapWidth=0.2)
33.3559 	EXP 	Created timeoutText = TextStim(__class__=<class 'psychopy.visual.text.TextStim'>, alignHoriz=method-wrapper(...), alignText='center', alignVert=method-wrapper(...), anchorHoriz='center', anchorVert='center', antialias=True, autoDraw=False, autoLog=True, bold=False, color=array([1, 1, 1]), colorSpace='rgb', contrast=1.0, depth=0.0, flipHoriz=False, flipVert=False, font='Open Sans', fontFiles=[], height=0.05, italic=False, languageStyle='LTR', name='timeoutText', opacity=1.0, ori=0.0, pos=array([0., 0.]), rgb=UNKNOWN, text='Please respond faster', units='height', win=Window(...), wrapWidth=1)
33.3723 	EXP 	window1: mouseVisible = True
33.7423 	EXP 	Created HowHappySlider = Slider(__class__=<class 'psychopy.visual.slider.Slider'>, autoDraw=False, autoLog=True, borderColor=None, color=None, colorSpace='rgb', depth=-1, fillColor=None, flip=False, font='Open Sans', granularity=0.0, labelColor=None, labelHeight=0.05, labelWrapWidth=None, labels=['Very Unhappy', 'Very Happy'], lineColor=None, markerColor=None, name='HowHappySlider', opacity=None, ori=0.0, pos=array([ 0. , -0.2]), readOnly=False, self=UNKNOWN, size=array([1. , 0.1]), startValue=None, style='rating', styleTweaks=[], ticks=array([ 1,  2,  3,  4,  5,  6,  7,  8,  9, 10]), units='height', win=Window(...))
33.7674 	EXP 	Created UnHappy = TextStim(__class__=<class 'psychopy.visual.text.TextStim'>, alignHoriz=method-wrapper(...), alignText='center', alignVert=method-wrapper(...), anchorHoriz='center', anchorVert='center', antialias=True, autoDraw=False, autoLog=True, bold=False, color=array([1, 1, 1]), colorSpace='rgb', contrast=1.0, depth=-2.0, flipHoriz=False, flipVert=False, font='Open Sans', fontFiles=[], height=0.05, italic=False, languageStyle='LTR', name='UnHappy', opacity=1.0, ori=0.0, pos=array([-0.6,  0. ]), rgb=UNKNOWN, text='Very Unhappy', units='height', win=Window(...), wrapWidth=1)
33.7813 	EXP 	Created Happy = TextStim(__class__=<class 'psychopy.visual.text.TextStim'>, alignHoriz=method-wrapper(...), alignText='center', alignVert=method-wrapper(...), anchorHoriz='center', anchorVert='center', antialias=True, autoDraw=False, autoLog=True, bold=False, color=array([1, 1, 1]), colorSpace='rgb', contrast=1.0, depth=-3.0, flipHoriz=False, flipVert=False, font='Open Sans', fontFiles=[], height=0.05, italic=False, languageStyle='LTR', name='Happy', opacity=1.0, ori=0.0, pos=array([0.6, 0. ]), rgb=UNKNOWN, text='Very Happy', units='height', win=Window(...), wrapWidth=1)
33.8215 	EXP 	Created SpacetoExit = TextStim(__class__=<class 'psychopy.visual.text.TextStim'>, alignHoriz=method-wrapper(...), alignText='center', alignVert=method-wrapper(...), anchorHoriz='center', anchorVert='center', antialias=True, autoDraw=False, autoLog=True, bold=False, color=array([1, 1, 1]), colorSpace='rgb', contrast=1.0, depth=-5.0, flipHoriz=False, flipVert=False, font='Open Sans', fontFiles=[], height=0.04, italic=False, languageStyle='LTR', name='SpacetoExit', opacity=1.0, ori=0.0, pos=array([ 0. , -0.4]), rgb=UNKNOWN, text='Press SPACEBAR to Continue', units='height', win=Window(...), wrapWidth=1)
33.8416 	EXP 	Created Cross = TextStim(__class__=<class 'psychopy.visual.text.TextStim'>, alignHoriz=method-wrapper(...), alignText='center', alignVert=method-wrapper(...), anchorHoriz='center', anchorVert='center', antialias=True, autoDraw=False, autoLog=True, bold=False, color=array([-1, -1, -1]), colorSpace='rgb', contrast=1.0, depth=0.0, flipHoriz=False, flipVert=False, font='Open Sans', fontFiles=[], height=0.1, italic=False, languageStyle='LTR', name='Cross', opacity=1.0, ori=0.0, pos=array([0., 0.]), rgb=UNKNOWN, text='+', units='height', win=Window(...), wrapWidth=1)
33.9222 	EXP 	Created exitText = TextStim(__class__=<class 'psychopy.visual.text.TextStim'>, alignHoriz=method-wrapper(...), alignText='center', alignVert=method-wrapper(...), anchorHoriz='center', anchorVert='center', antialias=True, autoDraw=False, autoLog=True, bold=False, color=array([1, 1, 1]), colorSpace='rgb', contrast=1.0, depth=0.0, flipHoriz=False, flipVert=False, font='Open Sans', fontFiles=[], height=0.05, italic=False, languageStyle='LTR', name='exitText', opacity=1.0, ori=0.0, pos=array([0., 0.]), rgb=UNKNOWN, text=str(...), units='height', win=Window(...), wrapWidth=1)
33.9645 	EXP 	HowHappySlider: autoLog = True
33.9645 	EXP 	HowHappySlider: markerPos = None
33.9645 	EXP 	HowHappySlider: styleTweaks = []
33.9645 	EXP 	HowHappySlider: styleTweaks = []
33.9645 	EXP 	HowHappySlider: styleTweaks = []
33.9645 	EXP 	HowHappySlider: styleTweaks = []
33.9645 	EXP 	HowHappySlider: contrast = 1.0
33.9645 	EXP 	HowHappySlider: autoLog = True
33.9645 	EXP 	welcomeText: autoDraw = True
38.9598 	EXP 	Imported control_files/trialControlwRating.csv as conditions, 150 conditions, 8 params
38.9641 	EXP 	Created sequence: random, trialTypes=150, nReps=1, seed=None
38.9657 	EXP 	New trial (rep=0, index=0): OrderedDict([('TrialType', 'loss'), ('CertainAmt', -0.4), ('TopAmt', -1.26), ('BottomAmt', 0.0), ('Outcome', 'top'), ('RiskSide', 'right'), ('ITI', 1.05), ('Rating', 0)])
39.0710 	EXP 	welcomeText: autoDraw = False
39.0710 	EXP 	SafeText: height = 0.06
39.0710 	EXP 	SafeText: height = 0.06
39.0710 	EXP 	SafeText: height = 0.06
39.0710 	EXP 	SafeText: text = '$-0.40'
39.0710 	EXP 	TopText: height = 0.06
39.0710 	EXP 	TopText: height = 0.06
39.0710 	EXP 	TopText: height = 0.06
39.0710 	EXP 	TopText: text = '$-1.26'
39.0710 	EXP 	BottomText: height = 0.06
39.0710 	EXP 	BottomText: height = 0.06
39.0710 	EXP 	BottomText: height = 0.06
39.0710 	EXP 	BottomText: text = '$0.00'
39.0710 	EXP 	Win: height = 0.03
39.0710 	EXP 	Win: height = 0.03
39.0710 	EXP 	Win: height = 0.03
39.0710 	EXP 	Win: text = 'Total\n$10.00'
39.0710 	EXP 	LeftHalf: autoDraw = True
39.0710 	EXP 	RightHalf: autoDraw = True
39.0710 	EXP 	Safe: autoDraw = True
39.0710 	EXP 	Top: autoDraw = True
39.0710 	EXP 	Bottom: autoDraw = True
39.0710 	EXP 	SafeText: autoDraw = True
39.0710 	EXP 	TopText: autoDraw = True
39.0710 	EXP 	BottomText: autoDraw = True
39.0710 	EXP 	Total: autoDraw = True
39.0710 	EXP 	Win: autoDraw = True
42.4948 	DATA 	Mouse: Left button down, pos=(633,556)
42.5049 	EXP 	Created sequence: random, trialTypes=1, nReps=1, seed=None
42.5052 	EXP 	New trial (rep=0, index=0): None
42.5864 	DATA 	Mouse:  Left button up, pos=(633,556)
42.6065 	EXP 	LeftHalf: autoDraw = False
42.6065 	EXP 	RightHalf: autoDraw = False
42.6065 	EXP 	Safe: autoDraw = False
42.6065 	EXP 	Top: autoDraw = False
42.6065 	EXP 	Bottom: autoDraw = False
42.6065 	EXP 	SafeText: autoDraw = False
42.6065 	EXP 	TopText: autoDraw = False
42.6065 	EXP 	BottomText: autoDraw = False
42.6065 	EXP 	Total: autoDraw = False
42.6065 	EXP 	Win: autoDraw = False
42.6065 	EXP 	Safe_2: borderColor = <psychopy.colors.Color: yellow, alpha=1.0>
42.6065 	EXP 	Top_2: borderColor = <psychopy.colors.Color: black, alpha=1.0>
42.6065 	EXP 	Bottom_2: borderColor = <psychopy.colors.Color: black, alpha=1.0>
42.6065 	EXP 	SafeText_2: height = 0.06
42.6065 	EXP 	SafeText_2: height = 0.06
42.6065 	EXP 	SafeText_2: height = 0.06
42.6065 	EXP 	SafeText_2: text = '$-0.40'
42.6065 	EXP 	TopText_2: height = 0.06
42.6065 	EXP 	TopText_2: height = 0.06
42.6065 	EXP 	TopText_2: height = 0.06
42.6065 	EXP 	TopText_2: text = '$-1.26'
42.6065 	EXP 	BottomText_2: height = 0.06
42.6065 	EXP 	BottomText_2: height = 0.06
42.6065 	EXP 	BottomText_2: height = 0.06
42.6065 	EXP 	BottomText_2: text = '$0.00'
42.6065 	EXP 	Win_2: height = 0.03
42.6065 	EXP 	Win_2: height = 0.03
42.6065 	EXP 	Win_2: height = 0.03
42.6065 	EXP 	Win_2: text = 'Total\n$9.60'
42.6065 	EXP 	WinMsg: foreColor = <psychopy.colors.Color: black, alpha=1.0>
42.6065 	EXP 	WinMsg: height = 0.04
42.6065 	EXP 	WinMsg: height = 0.04
42.6065 	EXP 	WinMsg: height = 0.04
42.6065 	EXP 	WinMsg: text = 'You lost $-0.40!'
42.6065 	EXP 	LeftHalf_2: autoDraw = True
42.6065 	EXP 	RightHalf_2: autoDraw = True
42.6065 	EXP 	Safe_2: autoDraw = True
42.6065 	EXP 	Top_2: autoDraw = True
42.6065 	EXP 	Bottom_2: autoDraw = True
42.6065 	EXP 	SafeText_2: autoDraw = True
42.6065 	EXP 	TopText_2: autoDraw = True
42.6065 	EXP 	BottomText_2: autoDraw = True
42.6065 	EXP 	Total_2: autoDraw = True
42.6065 	EXP 	Win_2: autoDraw = True
42.6065 	EXP 	WinMsg: autoDraw = True
44.6235 	EXP 	LeftHalf_2: autoDraw = False
44.6235 	EXP 	RightHalf_2: autoDraw = False
44.6235 	EXP 	Safe_2: autoDraw = False
44.6235 	EXP 	Top_2: autoDraw = False
44.6235 	EXP 	Bottom_2: autoDraw = False
44.6235 	EXP 	SafeText_2: autoDraw = False
44.6235 	EXP 	TopText_2: autoDraw = False
44.6235 	EXP 	BottomText_2: autoDraw = False
44.6235 	EXP 	Total_2: autoDraw = False
44.6235 	EXP 	Win_2: autoDraw = False
44.6235 	EXP 	WinMsg: autoDraw = False
44.6235 	EXP 	Safe_3: borderColor = <psychopy.colors.Color: limegreen, alpha=1.0>
44.6235 	EXP 	Top_3: borderColor = <psychopy.colors.Color: mediumorchid, alpha=1.0>
44.6235 	EXP 	Bottom_3: borderColor = <psychopy.colors.Color: black, alpha=1.0>
44.6235 	EXP 	SafeText_3: height = 0.06
44.6235 	EXP 	SafeText_3: height = 0.06
44.6235 	EXP 	SafeText_3: height = 0.06
44.6235 	EXP 	SafeText_3: text = '$-0.40'
44.6235 	EXP 	TopText_3: height = 0.06
44.6235 	EXP 	TopText_3: height = 0.06
44.6235 	EXP 	TopText_3: height = 0.06
44.6235 	EXP 	TopText_3: text = '$-1.26'
44.6235 	EXP 	BottomText_3: height = 0.06
44.6235 	EXP 	BottomText_3: height = 0.06
44.6235 	EXP 	BottomText_3: height = 0.06
44.6235 	EXP 	BottomText_3: text = '$0.00'
44.6235 	EXP 	Win_3: height = 0.03
44.6235 	EXP 	Win_3: height = 0.03
44.6235 	EXP 	Win_3: height = 0.03
44.6235 	EXP 	Win_3: text = 'Total\n$9.60'
44.6235 	EXP 	WinMsg_2: foreColor = <psychopy.colors.Color: limegreen, alpha=1.0>
44.6235 	EXP 	WinMsg_2: height = 0.04
44.6235 	EXP 	WinMsg_2: height = 0.04
44.6235 	EXP 	WinMsg_2: height = 0.04
44.6235 	EXP 	WinMsg_2: text = 'You would have lost $-1.26!'
44.6235 	EXP 	LeftHalf_3: autoDraw = True
44.6235 	EXP 	RightHalf_3: autoDraw = True
44.6235 	EXP 	Safe_3: autoDraw = True
44.6235 	EXP 	Top_3: autoDraw = True
44.6235 	EXP 	Bottom_3: autoDraw = True
44.6235 	EXP 	SafeText_3: autoDraw = True
44.6235 	EXP 	TopText_3: autoDraw = True
44.6235 	EXP 	BottomText_3: autoDraw = True
44.6235 	EXP 	Total_3: autoDraw = True
44.6235 	EXP 	Win_3: autoDraw = True
44.6235 	EXP 	WinMsg_2: autoDraw = True
45.1666 	DATA 	Mouse: Left button down, pos=(854,544)
45.2675 	DATA 	Mouse:  Left button up, pos=(854,544)
46.5147 	EXP 	Created sequence: random, trialTypes=1, nReps=0, seed=None
46.5167 	EXP 	Created sequence: random, trialTypes=1, nReps=0, seed=None
46.5388 	EXP 	LeftHalf_3: autoDraw = False
46.5388 	EXP 	RightHalf_3: autoDraw = False
46.5388 	EXP 	Safe_3: autoDraw = False
46.5388 	EXP 	Top_3: autoDraw = False
46.5388 	EXP 	Bottom_3: autoDraw = False
46.5388 	EXP 	SafeText_3: autoDraw = False
46.5388 	EXP 	TopText_3: autoDraw = False
46.5388 	EXP 	BottomText_3: autoDraw = False
46.5388 	EXP 	Total_3: autoDraw = False
46.5388 	EXP 	Win_3: autoDraw = False
46.5388 	EXP 	WinMsg_2: autoDraw = False
46.5388 	EXP 	Cross: autoDraw = True
47.5953 	EXP 	New trial (rep=0, index=1): OrderedDict([('TrialType', 'loss'), ('CertainAmt', -0.5), ('TopAmt', -0.91), ('BottomAmt', 0.0), ('Outcome', 'top'), ('RiskSide', 'left'), ('ITI', 1.0), ('Rating', 0)])
47.6709 	EXP 	Cross: autoDraw = False
47.6709 	EXP 	Cross: autoDraw = False
47.6709 	EXP 	SafeText: height = 0.06
47.6709 	EXP 	SafeText: height = 0.06
47.6709 	EXP 	SafeText: height = 0.06
47.6709 	EXP 	SafeText: text = '$-0.50'
47.6709 	EXP 	TopText: height = 0.06
47.6709 	EXP 	TopText: height = 0.06
47.6709 	EXP 	TopText: height = 0.06
47.6709 	EXP 	TopText: text = '$-0.91'
47.6709 	EXP 	BottomText: text = '$0.00'
47.6709 	EXP 	Win: height = 0.03
47.6709 	EXP 	Win: height = 0.03
47.6709 	EXP 	Win: height = 0.03
47.6709 	EXP 	Win: text = 'Total\n$9.60'
47.6709 	EXP 	LeftHalf: autoDraw = True
47.6709 	EXP 	RightHalf: autoDraw = True
47.6709 	EXP 	Safe: autoDraw = True
47.6709 	EXP 	Top: autoDraw = True
47.6709 	EXP 	Bottom: autoDraw = True
47.6709 	EXP 	SafeText: autoDraw = True
47.6709 	EXP 	TopText: autoDraw = True
47.6709 	EXP 	BottomText: autoDraw = True
47.6709 	EXP 	Total: autoDraw = True
47.6709 	EXP 	Win: autoDraw = True
48.6841 	DATA 	Mouse: Left button down, pos=(542,504)
48.6943 	EXP 	Created sequence: random, trialTypes=1, nReps=1, seed=None
48.6951 	EXP 	New trial (rep=0, index=0): None
48.7419 	EXP 	LeftHalf: autoDraw = False
48.7419 	EXP 	RightHalf: autoDraw = False
48.7419 	EXP 	Safe: autoDraw = False
48.7419 	EXP 	Top: autoDraw = False
48.7419 	EXP 	Bottom: autoDraw = False
48.7419 	EXP 	SafeText: autoDraw = False
48.7419 	EXP 	TopText: autoDraw = False
48.7419 	EXP 	BottomText: autoDraw = False
48.7419 	EXP 	Total: autoDraw = False
48.7419 	EXP 	Win: autoDraw = False
48.7419 	EXP 	Safe_2: borderColor = <psychopy.colors.Color: black, alpha=1.0>
48.7419 	EXP 	Top_2: borderColor = <psychopy.colors.Color: yellow, alpha=1.0>
48.7419 	EXP 	Bottom_2: borderColor = <psychopy.colors.Color: yellow, alpha=1.0>
48.7419 	EXP 	SafeText_2: height = 0.06
48.7419 	EXP 	SafeText_2: height = 0.06
48.7419 	EXP 	SafeText_2: height = 0.06
48.7419 	EXP 	SafeText_2: text = '$-0.50'
48.7419 	EXP 	TopText_2: height = 0.06
48.7419 	EXP 	TopText_2: height = 0.06
48.7419 	EXP 	TopText_2: height = 0.06
48.7419 	EXP 	TopText_2: text = '$-0.91'
48.7419 	EXP 	BottomText_2: text = '$0.00'
48.7419 	EXP 	Win_2: text = 'Total\n$9.60'
48.7419 	EXP 	WinMsg: foreColor = <psychopy.colors.Color: black, alpha=1.0>
48.7419 	EXP 	WinMsg: height = 0.04
48.7419 	EXP 	WinMsg: height = 0.04
48.7419 	EXP 	WinMsg: height = 0.04
48.7419 	EXP 	WinMsg: text = ''
48.7419 	EXP 	LeftHalf_2: autoDraw = True
48.7419 	EXP 	RightHalf_2: autoDraw = True
48.7419 	EXP 	Safe_2: autoDraw = True
48.7419 	EXP 	Top_2: autoDraw = True
48.7419 	EXP 	Bottom_2: autoDraw = True
48.7419 	EXP 	SafeText_2: autoDraw = True
48.7419 	EXP 	TopText_2: autoDraw = True
48.7419 	EXP 	BottomText_2: autoDraw = True
48.7419 	EXP 	Total_2: autoDraw = True
48.7419 	EXP 	Win_2: autoDraw = True
48.7419 	EXP 	WinMsg: autoDraw = True
48.7953 	DATA 	Mouse:  Left button up, pos=(542,504)
50.8242 	EXP 	LeftHalf_2: autoDraw = False
50.8242 	EXP 	RightHalf_2: autoDraw = False
50.8242 	EXP 	Safe_2: autoDraw = False
50.8242 	EXP 	Top_2: autoDraw = False
50.8242 	EXP 	Bottom_2: autoDraw = False
50.8242 	EXP 	SafeText_2: autoDraw = False
50.8242 	EXP 	TopText_2: autoDraw = False
50.8242 	EXP 	BottomText_2: autoDraw = False
50.8242 	EXP 	Total_2: autoDraw = False
50.8242 	EXP 	Win_2: autoDraw = False
50.8242 	EXP 	WinMsg: autoDraw = False
50.8242 	EXP 	Safe_3: borderColor = <psychopy.colors.Color: black, alpha=1.0>
50.8242 	EXP 	Top_3: borderColor = <psychopy.colors.Color: red, alpha=1.0>
50.8242 	EXP 	Bottom_3: borderColor = <psychopy.colors.Color: black, alpha=1.0>
50.8242 	EXP 	SafeText_3: height = 0.06
50.8242 	EXP 	SafeText_3: height = 0.06
50.8242 	EXP 	SafeText_3: height = 0.06
50.8242 	EXP 	SafeText_3: text = '$-0.50'
50.8242 	EXP 	TopText_3: height = 0.06
50.8242 	EXP 	TopText_3: height = 0.06
50.8242 	EXP 	TopText_3: height = 0.06
50.8242 	EXP 	TopText_3: text = '$-0.91'
50.8242 	EXP 	BottomText_3: text = '$0.00'
50.8242 	EXP 	Win_3: height = 0.03
50.8242 	EXP 	Win_3: height = 0.03
50.8242 	EXP 	Win_3: height = 0.03
50.8242 	EXP 	Win_3: text = 'Total\n$8.69'
50.8242 	EXP 	WinMsg_2: foreColor = <psychopy.colors.Color: red, alpha=1.0>
50.8242 	EXP 	WinMsg_2: height = 0.04
50.8242 	EXP 	WinMsg_2: height = 0.04
50.8242 	EXP 	WinMsg_2: height = 0.04
50.8242 	EXP 	WinMsg_2: text = 'You lost $-0.91!'
50.8242 	EXP 	LeftHalf_3: autoDraw = True
50.8242 	EXP 	RightHalf_3: autoDraw = True
50.8242 	EXP 	Safe_3: autoDraw = True
50.8242 	EXP 	Top_3: autoDraw = True
50.8242 	EXP 	Bottom_3: autoDraw = True
50.8242 	EXP 	SafeText_3: autoDraw = True
50.8242 	EXP 	TopText_3: autoDraw = True
50.8242 	EXP 	BottomText_3: autoDraw = True
50.8242 	EXP 	Total_3: autoDraw = True
50.8242 	EXP 	Win_3: autoDraw = True
50.8242 	EXP 	WinMsg_2: autoDraw = True
52.7102 	EXP 	Created sequence: random, trialTypes=1, nReps=0, seed=None
52.7110 	EXP 	Created sequence: random, trialTypes=1, nReps=0, seed=None
52.7309 	EXP 	LeftHalf_3: autoDraw = False
52.7309 	EXP 	RightHalf_3: autoDraw = False
52.7309 	EXP 	Safe_3: autoDraw = False
52.7309 	EXP 	Top_3: autoDraw = False
52.7309 	EXP 	Bottom_3: autoDraw = False
52.7309 	EXP 	SafeText_3: autoDraw = False
52.7309 	EXP 	TopText_3: autoDraw = False
52.7309 	EXP 	BottomText_3: autoDraw = False
52.7309 	EXP 	Total_3: autoDraw = False
52.7309 	EXP 	Win_3: autoDraw = False
52.7309 	EXP 	WinMsg_2: autoDraw = False
52.7309 	EXP 	Cross: autoDraw = True
53.7251 	EXP 	New trial (rep=0, index=2): OrderedDict([('TrialType', 'gain'), ('CertainAmt', 0.5), ('TopAmt', 0.0), ('BottomAmt', 1.58), ('Outcome', 'top'), ('RiskSide', 'left'), ('ITI', 1.44), ('Rating', 0)])
53.8078 	EXP 	Cross: autoDraw = False
53.8078 	EXP 	Cross: autoDraw = False
53.8078 	EXP 	SafeText: height = 0.06
53.8078 	EXP 	SafeText: height = 0.06
53.8078 	EXP 	SafeText: height = 0.06
53.8078 	EXP 	SafeText: text = '$0.50'
53.8078 	EXP 	TopText: height = 0.06
53.8078 	EXP 	TopText: height = 0.06
53.8078 	EXP 	TopText: height = 0.06
53.8078 	EXP 	TopText: text = '$0.00'
53.8078 	EXP 	BottomText: height = 0.06
53.8078 	EXP 	BottomText: height = 0.06
53.8078 	EXP 	BottomText: height = 0.06
53.8078 	EXP 	BottomText: text = '$1.58'
53.8078 	EXP 	Win: height = 0.03
53.8078 	EXP 	Win: height = 0.03
53.8078 	EXP 	Win: height = 0.03
53.8078 	EXP 	Win: text = 'Total\n$8.69'
53.8078 	EXP 	LeftHalf: autoDraw = True
53.8078 	EXP 	RightHalf: autoDraw = True
53.8078 	EXP 	Safe: autoDraw = True
53.8078 	EXP 	Top: autoDraw = True
53.8078 	EXP 	Bottom: autoDraw = True
53.8078 	EXP 	SafeText: autoDraw = True
53.8078 	EXP 	TopText: autoDraw = True
53.8078 	EXP 	BottomText: autoDraw = True
53.8078 	EXP 	Total: autoDraw = True
53.8078 	EXP 	Win: autoDraw = True
54.1470 	DATA 	Mouse: Left button down, pos=(908,510)
54.1539 	EXP 	Created sequence: random, trialTypes=1, nReps=1, seed=None
54.1551 	EXP 	New trial (rep=0, index=0): None
54.2431 	DATA 	Mouse:  Left button up, pos=(908,510)
54.2604 	EXP 	LeftHalf: autoDraw = False
54.2604 	EXP 	RightHalf: autoDraw = False
54.2604 	EXP 	Safe: autoDraw = False
54.2604 	EXP 	Top: autoDraw = False
54.2604 	EXP 	Bottom: autoDraw = False
54.2604 	EXP 	SafeText: autoDraw = False
54.2604 	EXP 	TopText: autoDraw = False
54.2604 	EXP 	BottomText: autoDraw = False
54.2604 	EXP 	Total: autoDraw = False
54.2604 	EXP 	Win: autoDraw = False
54.2604 	EXP 	Safe_2: borderColor = <psychopy.colors.Color: yellow, alpha=1.0>
54.2604 	EXP 	Top_2: borderColor = <psychopy.colors.Color: black, alpha=1.0>
54.2604 	EXP 	Bottom_2: borderColor = <psychopy.colors.Color: black, alpha=1.0>
54.2604 	EXP 	SafeText_2: height = 0.06
54.2604 	EXP 	SafeText_2: height = 0.06
54.2604 	EXP 	SafeText_2: height = 0.06
54.2604 	EXP 	SafeText_2: text = '$0.50'
54.2604 	EXP 	TopText_2: height = 0.06
54.2604 	EXP 	TopText_2: height = 0.06
54.2604 	EXP 	TopText_2: height = 0.06
54.2604 	EXP 	TopText_2: text = '$0.00'
54.2604 	EXP 	BottomText_2: height = 0.06
54.2604 	EXP 	BottomText_2: height = 0.06
54.2604 	EXP 	BottomText_2: height = 0.06
54.2604 	EXP 	BottomText_2: text = '$1.58'
54.2604 	EXP 	Win_2: height = 0.03
54.2604 	EXP 	Win_2: height = 0.03
54.2604 	EXP 	Win_2: height = 0.03
54.2604 	EXP 	Win_2: text = 'Total\n$9.19'
54.2604 	EXP 	WinMsg: foreColor = <psychopy.colors.Color: black, alpha=1.0>
54.2604 	EXP 	WinMsg: height = 0.04
54.2604 	EXP 	WinMsg: height = 0.04
54.2604 	EXP 	WinMsg: height = 0.04
54.2604 	EXP 	WinMsg: text = 'You won $0.50!'
54.2604 	EXP 	LeftHalf_2: autoDraw = True
54.2604 	EXP 	RightHalf_2: autoDraw = True
54.2604 	EXP 	Safe_2: autoDraw = True
54.2604 	EXP 	Top_2: autoDraw = True
54.2604 	EXP 	Bottom_2: autoDraw = True
54.2604 	EXP 	SafeText_2: autoDraw = True
54.2604 	EXP 	TopText_2: autoDraw = True
54.2604 	EXP 	BottomText_2: autoDraw = True
54.2604 	EXP 	Total_2: autoDraw = True
54.2604 	EXP 	Win_2: autoDraw = True
54.2604 	EXP 	WinMsg: autoDraw = True
56.2438 	EXP 	LeftHalf_2: autoDraw = False
56.2438 	EXP 	RightHalf_2: autoDraw = False
56.2438 	EXP 	Safe_2: autoDraw = False
56.2438 	EXP 	Top_2: autoDraw = False
56.2438 	EXP 	Bottom_2: autoDraw = False
56.2438 	EXP 	SafeText_2: autoDraw = False
56.2438 	EXP 	TopText_2: autoDraw = False
56.2438 	EXP 	BottomText_2: autoDraw = False
56.2438 	EXP 	Total_2: autoDraw = False
56.2438 	EXP 	Win_2: autoDraw = False
56.2438 	EXP 	WinMsg: autoDraw = False
56.2438 	EXP 	Safe_3: borderColor = <psychopy.colors.Color: limegreen, alpha=1.0>
56.2438 	EXP 	Top_3: borderColor = <psychopy.colors.Color: mediumorchid, alpha=1.0>
56.2438 	EXP 	Bottom_3: borderColor = <psychopy.colors.Color: black, alpha=1.0>
56.2438 	EXP 	SafeText_3: height = 0.06
56.2438 	EXP 	SafeText_3: height = 0.06
56.2438 	EXP 	SafeText_3: height = 0.06
56.2438 	EXP 	SafeText_3: text = '$0.50'
56.2438 	EXP 	TopText_3: height = 0.06
56.2438 	EXP 	TopText_3: height = 0.06
56.2438 	EXP 	TopText_3: height = 0.06
56.2438 	EXP 	TopText_3: text = '$0.00'
56.2438 	EXP 	BottomText_3: height = 0.06
56.2438 	EXP 	BottomText_3: height = 0.06
56.2438 	EXP 	BottomText_3: height = 0.06
56.2438 	EXP 	BottomText_3: text = '$1.58'
56.2438 	EXP 	Win_3: height = 0.03
56.2438 	EXP 	Win_3: height = 0.03
56.2438 	EXP 	Win_3: height = 0.03
56.2438 	EXP 	Win_3: text = 'Total\n$9.19'
56.2438 	EXP 	WinMsg_2: foreColor = <psychopy.colors.Color: limegreen, alpha=1.0>
56.2438 	EXP 	WinMsg_2: height = 0.04
56.2438 	EXP 	WinMsg_2: height = 0.04
56.2438 	EXP 	WinMsg_2: height = 0.04
56.2438 	EXP 	WinMsg_2: text = 'You would have lost $0.00!'
56.2438 	EXP 	LeftHalf_3: autoDraw = True
56.2438 	EXP 	RightHalf_3: autoDraw = True
56.2438 	EXP 	Safe_3: autoDraw = True
56.2438 	EXP 	Top_3: autoDraw = True
56.2438 	EXP 	Bottom_3: autoDraw = True
56.2438 	EXP 	SafeText_3: autoDraw = True
56.2438 	EXP 	TopText_3: autoDraw = True
56.2438 	EXP 	BottomText_3: autoDraw = True
56.2438 	EXP 	Total_3: autoDraw = True
56.2438 	EXP 	Win_3: autoDraw = True
56.2438 	EXP 	WinMsg_2: autoDraw = True
58.1661 	EXP 	Created sequence: random, trialTypes=1, nReps=0, seed=None
58.1668 	EXP 	Created sequence: random, trialTypes=1, nReps=1, seed=None
58.1672 	EXP 	New trial (rep=0, index=0): None
58.2953 	EXP 	LeftHalf_3: autoDraw = False
58.2953 	EXP 	RightHalf_3: autoDraw = False
58.2953 	EXP 	Safe_3: autoDraw = False
58.2953 	EXP 	Top_3: autoDraw = False
58.2953 	EXP 	Bottom_3: autoDraw = False
58.2953 	EXP 	SafeText_3: autoDraw = False
58.2953 	EXP 	TopText_3: autoDraw = False
58.2953 	EXP 	BottomText_3: autoDraw = False
58.2953 	EXP 	Total_3: autoDraw = False
58.2953 	EXP 	Win_3: autoDraw = False
58.2953 	EXP 	WinMsg_2: autoDraw = False
58.2953 	EXP 	HowHappySlider: markerPos = None
58.2953 	EXP 	HowHappySlider: markerPos = None
58.2953 	EXP 	HowHappySlider: autoDraw = True
58.2953 	EXP 	UnHappy: autoDraw = True
58.2953 	EXP 	Happy: autoDraw = True
75.3077 	DATA 	Keypress: lalt
90.7751 	DATA 	Mouse: Left button down, pos=(848,262)
90.8392 	EXP 	HowHappySlider: markerPos = 6.333333333333333
90.8777 	EXP 	HowHappySlider: markerPos = 6.322916666666667
90.8798 	DATA 	Mouse:  Left button up, pos=(847,256)
90.9073 	EXP 	HowHappySlider: markerPos = 6.322916666666667
90.9352 	EXP 	SpacetoExit: autoDraw = True
91.1599 	DATA 	Keypress: space
91.1901 	EXP 	HowHappySlider: autoDraw = False
91.1901 	EXP 	UnHappy: autoDraw = False
91.1901 	EXP 	Happy: autoDraw = False
91.1901 	EXP 	SpacetoExit: autoDraw = False
91.1901 	EXP 	Cross: autoDraw = True
92.6229 	EXP 	New trial (rep=0, index=3): OrderedDict([('TrialType', 'loss'), ('CertainAmt', -0.3), ('TopAmt', -0.55), ('BottomAmt', 0.0), ('Outcome', 'top'), ('RiskSide', 'left'), ('ITI', 1.8), ('Rating', 0)])
92.6902 	EXP 	Cross: autoDraw = False
92.6902 	EXP 	Cross: autoDraw = False
92.6902 	EXP 	SafeText: height = 0.06
92.6902 	EXP 	SafeText: height = 0.06
92.6902 	EXP 	SafeText: height = 0.06
92.6902 	EXP 	SafeText: text = '$-0.30'
92.6902 	EXP 	TopText: height = 0.06
92.6902 	EXP 	TopText: height = 0.06
92.6902 	EXP 	TopText: height = 0.06
92.6902 	EXP 	TopText: text = '$-0.55'
92.6902 	EXP 	BottomText: height = 0.06
92.6902 	EXP 	BottomText: height = 0.06
92.6902 	EXP 	BottomText: height = 0.06
92.6902 	EXP 	BottomText: text = '$0.00'
92.6902 	EXP 	Win: height = 0.03
92.6902 	EXP 	Win: height = 0.03
92.6902 	EXP 	Win: height = 0.03
92.6902 	EXP 	Win: text = 'Total\n$9.19'
92.6902 	EXP 	LeftHalf: autoDraw = True
92.6902 	EXP 	RightHalf: autoDraw = True
92.6902 	EXP 	Safe: autoDraw = True
92.6902 	EXP 	Top: autoDraw = True
92.6902 	EXP 	Bottom: autoDraw = True
92.6902 	EXP 	SafeText: autoDraw = True
92.6902 	EXP 	TopText: autoDraw = True
92.6902 	EXP 	BottomText: autoDraw = True
92.6902 	EXP 	Total: autoDraw = True
92.6902 	EXP 	Win: autoDraw = True
94.4580 	DATA 	Keypress: escape
95.2521 	EXP 	window1: mouseVisible = True
