0.4907 	WARNING 	Speech-to-text recognition module not available (use command `pip install SpeechRecognition` to get it. Transcription will be unavailable.
4.0055 	WARNING 	We strongly recommend you activate the PTB sound engine in PsychoPy prefs as the preferred audio engine. Its timing is vastly superior. Your prefs are currently set to use ['sounddevice', 'PTB', 'pyo', 'pygame'] (in that order).
6.5515 	WARNING 	User requested fullscreen with size [1280  800], but screen is actually [1920, 1200]. Using actual size
8.0251 	EXP 	Created window1 = Window(allowGUI=False, allowStencil=False, autoLog=True, backendConf=UNKNOWN, bitsMode=UNKNOWN, blendMode='avg', bpc=(8, 8, 8), color=array([-1, -1, -1]), colorSpace='rgb', depthBits=8, fullscr=<method-wrapper '__getattribute__' of attributeSetter object at 0x00000230A240D438>, gamma=None, gammaErrorPolicy='raise', lms=UNKNOWN, monitor=<psychopy.monitors.calibTools.Monitor object at 0x000002309AAB0940>, multiSample=False, name='window1', numSamples=2, pos=[0.0, 0.0], screen=0, size=array([1920, 1200]), stencilBits=0, stereo=False, units='height', useFBO=True, useRetina=False, viewOri=0.0, viewPos=None, viewScale=None, waitBlanking=True, winType='pyglet')
8.0272 	EXP 	window1: mouseVisible = True
8.0272 	EXP 	window1: recordFrameIntervals = False
8.1910 	EXP 	window1: recordFrameIntervals = True
8.3752 	EXP 	window1: recordFrameIntervals = False
8.9542 	EXP 	instrText: autoLog = True
8.9542 	EXP 	stim: autoLog = True
8.9542 	EXP 	thanksText: autoLog = True
8.9542 	EXP 	instrText: autoDraw = True
9.8174 	DATA 	Keypress: space
9.8425 	EXP 	Imported conditions.xlsx as conditions, 6 conditions, 4 params
9.8431 	EXP 	Created sequence: random, trialTypes=6, nReps=5, seed=None
9.8433 	EXP 	New trial (rep=0, index=0): {'word': 'red', 'letterColor': 'green', 'corrAns': 'left', 'congruent': 0}
9.8480 	EXP 	instrText: autoDraw = False
10.3429 	EXP 	stim: autoDraw = True
10.7682 	DATA 	Keypress: left
10.7824 	EXP 	New trial (rep=0, index=1): {'word': 'red', 'letterColor': 'red', 'corrAns': 'left', 'congruent': 1}
10.7931 	EXP 	stim: autoDraw = False
11.2772 	EXP 	stim: autoDraw = True
11.5987 	EXP 	New trial (rep=0, index=2): {'word': 'green', 'letterColor': 'blue', 'corrAns': 'down', 'congruent': 0}
11.6021 	DATA 	Keypress: right
11.6105 	EXP 	stim: autoDraw = False
12.0947 	EXP 	stim: autoDraw = True
12.3500 	EXP 	New trial (rep=0, index=3): {'word': 'green', 'letterColor': 'green', 'corrAns': 'down', 'congruent': 1}
12.3541 	DATA 	Keypress: left
12.3610 	EXP 	stim: autoDraw = False
12.8446 	EXP 	stim: autoDraw = True
13.1168 	EXP 	New trial (rep=0, index=4): {'word': 'blue', 'letterColor': 'red', 'corrAns': 'right', 'congruent': 0}
13.1210 	DATA 	Keypress: right
13.1281 	EXP 	stim: autoDraw = False
13.6123 	EXP 	stim: autoDraw = True
13.8180 	EXP 	New trial (rep=0, index=5): {'word': 'blue', 'letterColor': 'blue', 'corrAns': 'right', 'congruent': 1}
13.8232 	DATA 	Keypress: left
13.8290 	EXP 	stim: autoDraw = False
14.3129 	EXP 	stim: autoDraw = True
15.0377 	DATA 	Keypress: escape
15.3090 	EXP 	window1: mouseVisible = True
